2025-05-15 18:37:03.018 +01:00 [INF] Now listening on: https://localhost:7025
2025-05-15 18:37:03.052 +01:00 [INF] Now listening on: http://localhost:5067
2025-05-15 18:37:03.098 +01:00 [INF] Application started. Press Ctrl+C to shut down.
2025-05-15 18:37:03.102 +01:00 [INF] Hosting environment: Development
2025-05-15 18:37:03.111 +01:00 [INF] Content root path: D:\PFE\CODE-BASE\BACKEND\Route-Service
2025-05-15 23:17:59.734 +01:00 [INF] Request starting HTTP/2 OPTIONS https://localhost:7025/api/route/Stop - null null
2025-05-15 23:17:59.769 +01:00 [INF] CORS policy execution successful.
2025-05-15 23:17:59.774 +01:00 [INF] Request finished HTTP/2 OPTIONS https://localhost:7025/api/route/Stop - 204 null null 45.04ms
2025-05-15 23:17:59.777 +01:00 [INF] Request starting HTTP/2 POST https://localhost:7025/api/route/Stop - application/json 148
2025-05-15 23:17:59.783 +01:00 [INF] CORS policy execution successful.
2025-05-15 23:17:59.785 +01:00 [INF] Executing endpoint 'Route_Service.Controllers.StopController.AddStop (Route-Service)'
2025-05-15 23:17:59.805 +01:00 [INF] Route matched with {action = "AddStop", controller = "Stop"}. Executing controller action with signature System.Threading.Tasks.Task`1[Microsoft.AspNetCore.Mvc.ActionResult] AddStop(Shared.Dtos.StopRequest) on controller Route_Service.Controllers.StopController (Route-Service).
2025-05-15 23:18:01.171 +01:00 [INF] Executed DbCommand (34ms) [Parameters=[@p0='?' (Size = 4000), @p1='?' (DbType = DateTime), @p2='?' (Size = 4000), @p3='?' (DbType = Boolean), @p4='?' (Size = 4000), @p5='?' (Size = 4000), @p6='?' (DbType = DateTime), @p7='?' (DbType = Decimal), @p8='?' (DbType = Decimal)], CommandType='"Text"', CommandTimeout='30']
INSERT INTO `Stops` (`address`, `CreatedAt`, `description`, `is_deleted`, `name`, `status`, `updated_at`, `longitude`, `latitude`)
VALUES (@p0, @p1, @p2, @p3, @p4, @p5, @p6, @p7, @p8);
SELECT `id`
FROM `Stops`
WHERE ROW_COUNT() = 1 AND `id` = LAST_INSERT_ID();
2025-05-15 23:18:01.234 +01:00 [INF] Executing OkObjectResult, writing value of type 'Shared.Dtos.StopResponse'.
2025-05-15 23:18:01.243 +01:00 [INF] Executed action Route_Service.Controllers.StopController.AddStop (Route-Service) in 1433.6642ms
2025-05-15 23:18:01.244 +01:00 [INF] Executed endpoint 'Route_Service.Controllers.StopController.AddStop (Route-Service)'
2025-05-15 23:18:01.251 +01:00 [INF] Request finished HTTP/2 POST https://localhost:7025/api/route/Stop - 200 null application/json; charset=utf-8 1474.3638ms
2025-05-15 23:18:27.272 +01:00 [INF] Request starting HTTP/2 OPTIONS https://localhost:7025/api/route/Stop - null null
2025-05-15 23:18:27.283 +01:00 [INF] CORS policy execution successful.
2025-05-15 23:18:27.284 +01:00 [INF] Request finished HTTP/2 OPTIONS https://localhost:7025/api/route/Stop - 204 null null 12.1504ms
2025-05-15 23:18:27.286 +01:00 [INF] Request starting HTTP/2 POST https://localhost:7025/api/route/Stop - application/json 125
2025-05-15 23:18:27.291 +01:00 [INF] CORS policy execution successful.
2025-05-15 23:18:27.292 +01:00 [INF] Executing endpoint 'Route_Service.Controllers.StopController.AddStop (Route-Service)'
2025-05-15 23:18:27.293 +01:00 [INF] Route matched with {action = "AddStop", controller = "Stop"}. Executing controller action with signature System.Threading.Tasks.Task`1[Microsoft.AspNetCore.Mvc.ActionResult] AddStop(Shared.Dtos.StopRequest) on controller Route_Service.Controllers.StopController (Route-Service).
2025-05-15 23:18:27.339 +01:00 [INF] Executed DbCommand (1ms) [Parameters=[@p0='?' (Size = 4000), @p1='?' (DbType = DateTime), @p2='?' (Size = 4000), @p3='?' (DbType = Boolean), @p4='?' (Size = 4000), @p5='?' (Size = 4000), @p6='?' (DbType = DateTime), @p7='?' (DbType = Decimal), @p8='?' (DbType = Decimal)], CommandType='"Text"', CommandTimeout='30']
INSERT INTO `Stops` (`address`, `CreatedAt`, `description`, `is_deleted`, `name`, `status`, `updated_at`, `longitude`, `latitude`)
VALUES (@p0, @p1, @p2, @p3, @p4, @p5, @p6, @p7, @p8);
SELECT `id`
FROM `Stops`
WHERE ROW_COUNT() = 1 AND `id` = LAST_INSERT_ID();
2025-05-15 23:18:27.346 +01:00 [INF] Executing OkObjectResult, writing value of type 'Shared.Dtos.StopResponse'.
2025-05-15 23:18:27.347 +01:00 [INF] Executed action Route_Service.Controllers.StopController.AddStop (Route-Service) in 52.672ms
2025-05-15 23:18:27.348 +01:00 [INF] Executed endpoint 'Route_Service.Controllers.StopController.AddStop (Route-Service)'
2025-05-15 23:18:27.349 +01:00 [INF] Request finished HTTP/2 POST https://localhost:7025/api/route/Stop - 200 null application/json; charset=utf-8 63.3968ms
2025-05-15 23:22:11.572 +01:00 [INF] Request starting HTTP/2 GET https://localhost:7025/api/route/Stop?page=1&pageSize=10 - null null
2025-05-15 23:22:11.604 +01:00 [INF] CORS policy execution successful.
2025-05-15 23:22:11.605 +01:00 [INF] Executing endpoint 'Route_Service.Controllers.StopController.GetAllStops (Route-Service)'
2025-05-15 23:22:11.619 +01:00 [INF] Route matched with {action = "GetAllStops", controller = "Stop"}. Executing controller action with signature Microsoft.AspNetCore.Mvc.ActionResult GetAllStops(Gridify.GridifyQuery) on controller Route_Service.Controllers.StopController (Route-Service).
2025-05-15 23:22:11.853 +01:00 [INF] Executed DbCommand (2ms) [Parameters=[], CommandType='"Text"', CommandTimeout='30']
SELECT COUNT(*)
FROM `Stops` AS `s`
WHERE NOT (`s`.`is_deleted`)
2025-05-15 23:22:11.864 +01:00 [WRN] The query uses a row limiting operator ('Skip'/'Take') without an 'OrderBy' operator. This may lead to unpredictable results. If the 'Distinct' operator is used after 'OrderBy', then make sure to use the 'OrderBy' operator after 'Distinct' as the ordering would otherwise get erased.
2025-05-15 23:22:11.866 +01:00 [WRN] The query uses a row limiting operator ('Skip'/'Take') without an 'OrderBy' operator. This may lead to unpredictable results. If the 'Distinct' operator is used after 'OrderBy', then make sure to use the 'OrderBy' operator after 'Distinct' as the ordering would otherwise get erased.
2025-05-15 23:22:11.897 +01:00 [INF] Executed DbCommand (1ms) [Parameters=[@__p_1='?' (DbType = Int32), @__p_0='?' (DbType = Int32)], CommandType='"Text"', CommandTimeout='30']
SELECT `s`.`id`, `s`.`address`, `s`.`CreatedAt`, `s`.`description`, `s`.`is_deleted`, `s`.`name`, `s`.`status`, `s`.`updated_at`, `s`.`longitude`, `s`.`latitude`
FROM `Stops` AS `s`
WHERE NOT (`s`.`is_deleted`)
LIMIT @__p_1 OFFSET @__p_0
2025-05-15 23:22:11.909 +01:00 [INF] Executing OkObjectResult, writing value of type 'Gridify.Paging`1[[Shared.Dtos.StopResponse, Shared, Version=1.0.0.0, Culture=neutral, PublicKeyToken=null]]'.
2025-05-15 23:22:11.912 +01:00 [INF] Executed action Route_Service.Controllers.StopController.GetAllStops (Route-Service) in 289.5053ms
2025-05-15 23:22:11.913 +01:00 [INF] Executed endpoint 'Route_Service.Controllers.StopController.GetAllStops (Route-Service)'
2025-05-15 23:22:11.915 +01:00 [INF] Request finished HTTP/2 GET https://localhost:7025/api/route/Stop?page=1&pageSize=10 - 200 null application/json; charset=utf-8 342.4685ms
2025-05-15 23:23:22.747 +01:00 [INF] Request starting HTTP/2 GET https://localhost:7025/api/route/Stop?page=1&pageSize=10 - null null
2025-05-15 23:23:22.801 +01:00 [INF] CORS policy execution successful.
2025-05-15 23:23:22.804 +01:00 [INF] Executing endpoint 'Route_Service.Controllers.StopController.GetAllStops (Route-Service)'
2025-05-15 23:23:22.807 +01:00 [INF] Route matched with {action = "GetAllStops", controller = "Stop"}. Executing controller action with signature Microsoft.AspNetCore.Mvc.ActionResult GetAllStops(Gridify.GridifyQuery) on controller Route_Service.Controllers.StopController (Route-Service).
2025-05-15 23:23:22.838 +01:00 [INF] Executed DbCommand (1ms) [Parameters=[], CommandType='"Text"', CommandTimeout='30']
SELECT COUNT(*)
FROM `Stops` AS `s`
WHERE NOT (`s`.`is_deleted`)
2025-05-15 23:23:22.844 +01:00 [INF] Executed DbCommand (1ms) [Parameters=[@__p_1='?' (DbType = Int32), @__p_0='?' (DbType = Int32)], CommandType='"Text"', CommandTimeout='30']
SELECT `s`.`id`, `s`.`address`, `s`.`CreatedAt`, `s`.`description`, `s`.`is_deleted`, `s`.`name`, `s`.`status`, `s`.`updated_at`, `s`.`longitude`, `s`.`latitude`
FROM `Stops` AS `s`
WHERE NOT (`s`.`is_deleted`)
LIMIT @__p_1 OFFSET @__p_0
2025-05-15 23:23:22.848 +01:00 [INF] Executing OkObjectResult, writing value of type 'Gridify.Paging`1[[Shared.Dtos.StopResponse, Shared, Version=1.0.0.0, Culture=neutral, PublicKeyToken=null]]'.
2025-05-15 23:23:22.850 +01:00 [INF] Executed action Route_Service.Controllers.StopController.GetAllStops (Route-Service) in 37.7402ms
2025-05-15 23:23:22.855 +01:00 [INF] Executed endpoint 'Route_Service.Controllers.StopController.GetAllStops (Route-Service)'
2025-05-15 23:23:22.857 +01:00 [INF] Request finished HTTP/2 GET https://localhost:7025/api/route/Stop?page=1&pageSize=10 - 200 null application/json; charset=utf-8 110.4832ms
