2025-06-05 23:39:09.224 +01:00 [INF] Now listening on: https://localhost:7025
2025-06-05 23:39:09.254 +01:00 [INF] Now listening on: http://localhost:5067
2025-06-05 23:39:09.306 +01:00 [INF] Application started. Press Ctrl+C to shut down.
2025-06-05 23:39:09.335 +01:00 [INF] Hosting environment: Development
2025-06-05 23:39:09.346 +01:00 [INF] Content root path: D:\PFE\CODE-BASE\BACKEND\Route-Service
2025-06-05 23:42:48.769 +01:00 [INF] Now listening on: https://localhost:7025
2025-06-05 23:42:48.803 +01:00 [INF] Now listening on: http://localhost:5067
2025-06-05 23:42:48.854 +01:00 [INF] Application started. Press Ctrl+C to shut down.
2025-06-05 23:42:48.856 +01:00 [INF] Hosting environment: Development
2025-06-05 23:42:48.867 +01:00 [INF] Content root path: D:\PFE\CODE-BASE\BACKEND\Route-Service
2025-06-05 23:43:56.481 +01:00 [INF] Request starting HTTP/1.1 GET https://localhost:7025/api/route/Stop - null null
2025-06-05 23:43:56.582 +01:00 [INF] Executing endpoint 'Route_Service.Controllers.StopController.GetAllStops (Route-Service)'
2025-06-05 23:43:56.633 +01:00 [INF] Route matched with {action = "GetAllStops", controller = "Stop"}. Executing controller action with signature Microsoft.AspNetCore.Mvc.ActionResult GetAllStops(Gridify.GridifyQuery) on controller Route_Service.Controllers.StopController (Route-Service).
2025-06-05 23:43:58.116 +01:00 [INF] Executed DbCommand (13ms) [Parameters=[], CommandType='"Text"', CommandTimeout='30']
SELECT COUNT(*)
FROM `Stops` AS `s`
WHERE NOT (`s`.`is_deleted`)
2025-06-05 23:43:58.225 +01:00 [INF] Executed DbCommand (15ms) [Parameters=[@__p_1='?' (DbType = Int32), @__p_0='?' (DbType = Int32)], CommandType='"Text"', CommandTimeout='30']
SELECT `s`.`id`, `s`.`address`, `s`.`CreatedAt`, `s`.`description`, `s`.`is_deleted`, `s`.`name`, `s`.`status`, `s`.`updated_at`, `s`.`longitude`, `s`.`latitude`
FROM `Stops` AS `s`
WHERE NOT (`s`.`is_deleted`)
ORDER BY `s`.`status`
LIMIT @__p_1 OFFSET @__p_0
2025-06-05 23:43:58.424 +01:00 [INF] Executing OkObjectResult, writing value of type 'Gridify.Paging`1[[Shared.Dtos.StopResponse, Shared, Version=1.0.0.0, Culture=neutral, PublicKeyToken=null]]'.
2025-06-05 23:43:58.487 +01:00 [INF] Executed action Route_Service.Controllers.StopController.GetAllStops (Route-Service) in 1843.6822ms
2025-06-05 23:43:58.524 +01:00 [INF] Executed endpoint 'Route_Service.Controllers.StopController.GetAllStops (Route-Service)'
2025-06-05 23:43:58.538 +01:00 [INF] Request finished HTTP/1.1 GET https://localhost:7025/api/route/Stop - 200 null application/json; charset=utf-8 2058.6202ms
2025-06-05 23:44:12.846 +01:00 [INF] Request starting HTTP/1.1 GET https://localhost:7025/api/route/Stop/13 - null null
2025-06-05 23:44:12.893 +01:00 [INF] Executing endpoint 'Route_Service.Controllers.StopController.GetStopById (Route-Service)'
2025-06-05 23:44:12.900 +01:00 [INF] Route matched with {action = "GetStopById", controller = "Stop"}. Executing controller action with signature System.Threading.Tasks.Task`1[Microsoft.AspNetCore.Mvc.ActionResult] GetStopById(Int32) on controller Route_Service.Controllers.StopController (Route-Service).
2025-06-05 23:44:13.006 +01:00 [INF] Executed DbCommand (8ms) [Parameters=[@__p_0='?' (DbType = Int32)], CommandType='"Text"', CommandTimeout='30']
SELECT `s`.`id`, `s`.`address`, `s`.`CreatedAt`, `s`.`description`, `s`.`is_deleted`, `s`.`name`, `s`.`status`, `s`.`updated_at`, `s`.`longitude`, `s`.`latitude`
FROM `Stops` AS `s`
WHERE `s`.`id` = @__p_0
LIMIT 1
2025-06-05 23:44:13.021 +01:00 [INF] Executing OkObjectResult, writing value of type 'Shared.Dtos.StopResponse'.
2025-06-05 23:44:13.024 +01:00 [INF] Executed action Route_Service.Controllers.StopController.GetStopById (Route-Service) in 119.6335ms
2025-06-05 23:44:13.025 +01:00 [INF] Executed endpoint 'Route_Service.Controllers.StopController.GetStopById (Route-Service)'
2025-06-05 23:44:13.050 +01:00 [INF] Request finished HTTP/1.1 GET https://localhost:7025/api/route/Stop/13 - 200 null application/json; charset=utf-8 204.364ms
2025-06-05 23:45:28.837 +01:00 [INF] Request starting HTTP/1.1 GET https://localhost:7025/api/route/Stop/13 - null null
2025-06-05 23:45:28.843 +01:00 [INF] Executing endpoint 'Route_Service.Controllers.StopController.GetStopById (Route-Service)'
2025-06-05 23:45:28.845 +01:00 [INF] Route matched with {action = "GetStopById", controller = "Stop"}. Executing controller action with signature System.Threading.Tasks.Task`1[Microsoft.AspNetCore.Mvc.ActionResult] GetStopById(Int32) on controller Route_Service.Controllers.StopController (Route-Service).
2025-06-05 23:45:28.909 +01:00 [INF] Executed DbCommand (1ms) [Parameters=[@__p_0='?' (DbType = Int32)], CommandType='"Text"', CommandTimeout='30']
SELECT `s`.`id`, `s`.`address`, `s`.`CreatedAt`, `s`.`description`, `s`.`is_deleted`, `s`.`name`, `s`.`status`, `s`.`updated_at`, `s`.`longitude`, `s`.`latitude`
FROM `Stops` AS `s`
WHERE `s`.`id` = @__p_0
LIMIT 1
2025-06-05 23:45:28.912 +01:00 [INF] Executing OkObjectResult, writing value of type 'Shared.Dtos.StopResponse'.
2025-06-05 23:45:28.914 +01:00 [INF] Executed action Route_Service.Controllers.StopController.GetStopById (Route-Service) in 66.8809ms
2025-06-05 23:45:28.924 +01:00 [INF] Executed endpoint 'Route_Service.Controllers.StopController.GetStopById (Route-Service)'
2025-06-05 23:45:28.925 +01:00 [INF] Request finished HTTP/1.1 GET https://localhost:7025/api/route/Stop/13 - 200 null application/json; charset=utf-8 87.8273ms
2025-06-05 23:50:43.844 +01:00 [INF] Now listening on: https://localhost:7025
2025-06-05 23:50:43.881 +01:00 [INF] Now listening on: http://localhost:5067
2025-06-05 23:50:43.933 +01:00 [INF] Application started. Press Ctrl+C to shut down.
2025-06-05 23:50:43.935 +01:00 [INF] Hosting environment: Development
2025-06-05 23:50:43.936 +01:00 [INF] Content root path: D:\PFE\CODE-BASE\BACKEND\Route-Service
2025-06-05 23:57:05.784 +01:00 [INF] Now listening on: https://localhost:7025
2025-06-05 23:57:05.813 +01:00 [INF] Now listening on: http://localhost:5067
2025-06-05 23:57:05.865 +01:00 [INF] Application started. Press Ctrl+C to shut down.
2025-06-05 23:57:05.866 +01:00 [INF] Hosting environment: Development
2025-06-05 23:57:05.867 +01:00 [INF] Content root path: D:\PFE\CODE-BASE\BACKEND\Route-Service
