2025-06-05 00:00:37.269 +01:00 [INF] Request starting HTTP/2 POST https://localhost:7009/api/Group - application/json 52
2025-06-05 00:00:37.293 +01:00 [INF] CORS policy execution failed.
2025-06-05 00:00:37.295 +01:00 [INF] Request origin https://localhost:7009 does not have permission to access the resource.
2025-06-05 00:00:37.296 +01:00 [INF] Executing endpoint 'Shift_Service.Controllers.GroupController.AddGroup (Shift-Service)'
2025-06-05 00:00:37.297 +01:00 [INF] Route matched with {action = "AddGroup", controller = "Group"}. Executing controller action with signature System.Threading.Tasks.Task`1[Microsoft.AspNetCore.Mvc.ActionResult] AddGroup(Shared.Dtos.GroupRequest) on controller Shift_Service.Controllers.GroupController (Shift-Service).
2025-06-05 00:00:37.364 +01:00 [INF] Executed DbCommand (0ms) [Parameters=[@__p_0='?' (DbType = Int32)], CommandType='"Text"', CommandTimeout='30']
SELECT `s`.`id`, `s`.`created_at`, `s`.`end_shift`, `s`.`is_deleted`, `s`.`role`, `s`.`start_shift`, `s`.`updated_at`, `s`.`shift_type`
FROM `Shifts` AS `s`
WHERE `s`.`id` = @__p_0
LIMIT 1
2025-06-05 00:00:37.368 +01:00 [WRN] SHIFT ROLE : driver
2025-06-05 00:00:37.368 +01:00 [WRN] GROUPE ROLE : driver
2025-06-05 00:00:37.369 +01:00 [WRN] GROUPE ROLE : False
2025-06-05 00:00:37.455 +01:00 [INF] Executing BadRequestObjectResult, writing value of type 'System.String'.
2025-06-05 00:00:37.457 +01:00 [INF] Executed action Shift_Service.Controllers.GroupController.AddGroup (Shift-Service) in 155.5019ms
2025-06-05 00:00:37.458 +01:00 [INF] Executed endpoint 'Shift_Service.Controllers.GroupController.AddGroup (Shift-Service)'
2025-06-05 00:00:37.460 +01:00 [INF] Request finished HTTP/2 POST https://localhost:7009/api/Group - 400 null text/plain; charset=utf-8 190.5807ms
2025-06-05 00:00:44.223 +01:00 [INF] Request starting HTTP/2 GET https://localhost:7009/scalar/v1 - null null
2025-06-05 00:00:44.354 +01:00 [INF] Executing endpoint 'HTTP: GET /scalar/{documentName?}'
2025-06-05 00:00:44.416 +01:00 [INF] Write content with HTTP Response ContentType of text/html
2025-06-05 00:00:44.429 +01:00 [INF] Executed endpoint 'HTTP: GET /scalar/{documentName?}'
2025-06-05 00:00:44.433 +01:00 [INF] Request finished HTTP/2 GET https://localhost:7009/scalar/v1 - 200 null text/html 209.725ms
2025-06-05 00:00:44.438 +01:00 [INF] Request starting HTTP/2 GET https://localhost:7009/scalar/scalar.js - null null
2025-06-05 00:00:44.438 +01:00 [INF] Request starting HTTP/2 GET https://localhost:7009/scalar/scalar.aspnetcore.js - null null
2025-06-05 00:00:44.438 +01:00 [INF] Request starting HTTP/2 GET https://localhost:7009/_framework/aspnetcore-browser-refresh.js - null null
2025-06-05 00:00:44.442 +01:00 [INF] Executing endpoint 'HTTP: GET /scalar/scalar.js'
2025-06-05 00:00:44.444 +01:00 [INF] Request starting HTTP/2 GET https://localhost:7009/_vs/browserLink - null null
2025-06-05 00:00:44.444 +01:00 [INF] CORS policy execution failed.
2025-06-05 00:00:44.507 +01:00 [INF] Request origin https://localhost:7009 does not have permission to access the resource.
2025-06-05 00:00:44.513 +01:00 [INF] Request finished HTTP/2 GET https://localhost:7009/_framework/aspnetcore-browser-refresh.js - 200 13778 application/javascript; charset=utf-8 74.5927ms
2025-06-05 00:00:44.503 +01:00 [INF] Setting HTTP status code 304.
2025-06-05 00:00:44.517 +01:00 [INF] Executing endpoint 'HTTP: GET /scalar/scalar.aspnetcore.js'
2025-06-05 00:00:44.527 +01:00 [INF] Executed endpoint 'HTTP: GET /scalar/scalar.js'
2025-06-05 00:00:44.530 +01:00 [INF] Setting HTTP status code 304.
2025-06-05 00:00:44.532 +01:00 [INF] Request finished HTTP/2 GET https://localhost:7009/scalar/scalar.js - 304 null null 94.1079ms
2025-06-05 00:00:44.533 +01:00 [INF] Executed endpoint 'HTTP: GET /scalar/scalar.aspnetcore.js'
2025-06-05 00:00:44.539 +01:00 [INF] Request finished HTTP/2 GET https://localhost:7009/scalar/scalar.aspnetcore.js - 304 null null 101.3777ms
2025-06-05 00:00:44.551 +01:00 [INF] Request finished HTTP/2 GET https://localhost:7009/_vs/browserLink - 200 null text/javascript; charset=UTF-8 107.4073ms
2025-06-05 00:00:44.588 +01:00 [INF] Request starting HTTP/2 GET https://localhost:7009/openapi/v1.json - null null
2025-06-05 00:00:44.596 +01:00 [INF] Executing endpoint 'HTTP: GET /openapi/{documentName}.json'
2025-06-05 00:00:44.747 +01:00 [INF] Executed endpoint 'HTTP: GET /openapi/{documentName}.json'
2025-06-05 00:00:44.750 +01:00 [INF] Request finished HTTP/2 GET https://localhost:7009/openapi/v1.json - 200 null application/json;charset=utf-8 161.8078ms
2025-06-05 00:00:50.710 +01:00 [INF] Now listening on: https://localhost:7009
2025-06-05 00:00:50.743 +01:00 [INF] Now listening on: http://localhost:5135
2025-06-05 00:00:50.821 +01:00 [INF] Application started. Press Ctrl+C to shut down.
2025-06-05 00:00:50.824 +01:00 [INF] Hosting environment: Development
2025-06-05 00:00:50.826 +01:00 [INF] Content root path: D:\PFE\CODE-BASE\BACKEND\Shift-Service
2025-06-05 00:01:15.069 +01:00 [INF] Request starting HTTP/2 POST https://localhost:7009/api/Group - application/json 52
2025-06-05 00:01:15.099 +01:00 [INF] CORS policy execution failed.
2025-06-05 00:01:15.101 +01:00 [INF] Request origin https://localhost:7009 does not have permission to access the resource.
2025-06-05 00:01:15.104 +01:00 [INF] Executing endpoint 'Shift_Service.Controllers.GroupController.AddGroup (Shift-Service)'
2025-06-05 00:01:15.121 +01:00 [INF] Route matched with {action = "AddGroup", controller = "Group"}. Executing controller action with signature System.Threading.Tasks.Task`1[Microsoft.AspNetCore.Mvc.ActionResult] AddGroup(Shared.Dtos.GroupRequest) on controller Shift_Service.Controllers.GroupController (Shift-Service).
2025-06-05 00:01:15.993 +01:00 [INF] Executed DbCommand (29ms) [Parameters=[@__p_0='?' (DbType = Int32)], CommandType='"Text"', CommandTimeout='30']
SELECT `s`.`id`, `s`.`created_at`, `s`.`end_shift`, `s`.`is_deleted`, `s`.`role`, `s`.`start_shift`, `s`.`updated_at`, `s`.`shift_type`
FROM `Shifts` AS `s`
WHERE `s`.`id` = @__p_0
LIMIT 1
2025-06-05 00:01:16.070 +01:00 [WRN] SHIFT ROLE : worker
2025-06-05 00:01:16.072 +01:00 [WRN] GROUPE ROLE : worker
2025-06-05 00:01:16.074 +01:00 [WRN] GROUPE ROLE : False
2025-06-05 00:01:16.278 +01:00 [INF] Executing BadRequestObjectResult, writing value of type 'System.String'.
2025-06-05 00:01:16.286 +01:00 [INF] Executed action Shift_Service.Controllers.GroupController.AddGroup (Shift-Service) in 1159.5134ms
2025-06-05 00:01:16.290 +01:00 [INF] Executed endpoint 'Shift_Service.Controllers.GroupController.AddGroup (Shift-Service)'
2025-06-05 00:01:16.300 +01:00 [INF] Request finished HTTP/2 POST https://localhost:7009/api/Group - 400 null text/plain; charset=utf-8 1235.0444ms
2025-06-05 00:01:35.567 +01:00 [INF] Request starting HTTP/2 POST https://localhost:7009/api/Group - application/json 52
2025-06-05 00:01:35.602 +01:00 [INF] CORS policy execution failed.
2025-06-05 00:01:35.604 +01:00 [INF] Request origin https://localhost:7009 does not have permission to access the resource.
2025-06-05 00:01:35.607 +01:00 [INF] Executing endpoint 'Shift_Service.Controllers.GroupController.AddGroup (Shift-Service)'
2025-06-05 00:01:35.609 +01:00 [INF] Route matched with {action = "AddGroup", controller = "Group"}. Executing controller action with signature System.Threading.Tasks.Task`1[Microsoft.AspNetCore.Mvc.ActionResult] AddGroup(Shared.Dtos.GroupRequest) on controller Shift_Service.Controllers.GroupController (Shift-Service).
2025-06-05 00:01:35.737 +01:00 [INF] Executed DbCommand (1ms) [Parameters=[@__p_0='?' (DbType = Int32)], CommandType='"Text"', CommandTimeout='30']
SELECT `s`.`id`, `s`.`created_at`, `s`.`end_shift`, `s`.`is_deleted`, `s`.`role`, `s`.`start_shift`, `s`.`updated_at`, `s`.`shift_type`
FROM `Shifts` AS `s`
WHERE `s`.`id` = @__p_0
LIMIT 1
2025-06-05 00:01:35.741 +01:00 [WRN] SHIFT ROLE : worker
2025-06-05 00:01:35.742 +01:00 [WRN] GROUPE ROLE : driver
2025-06-05 00:01:35.743 +01:00 [WRN] GROUPE ROLE : False
2025-06-05 00:01:35.823 +01:00 [INF] Executing BadRequestObjectResult, writing value of type 'System.String'.
2025-06-05 00:01:35.826 +01:00 [INF] Executed action Shift_Service.Controllers.GroupController.AddGroup (Shift-Service) in 215.4622ms
2025-06-05 00:01:35.828 +01:00 [INF] Executed endpoint 'Shift_Service.Controllers.GroupController.AddGroup (Shift-Service)'
2025-06-05 00:01:35.830 +01:00 [INF] Request finished HTTP/2 POST https://localhost:7009/api/Group - 400 null text/plain; charset=utf-8 262.9114ms
2025-06-05 00:01:38.706 +01:00 [INF] Request starting HTTP/2 POST https://localhost:7009/api/Group - application/json 52
2025-06-05 00:01:38.716 +01:00 [INF] CORS policy execution failed.
2025-06-05 00:01:38.718 +01:00 [INF] Request origin https://localhost:7009 does not have permission to access the resource.
2025-06-05 00:01:38.720 +01:00 [INF] Executing endpoint 'Shift_Service.Controllers.GroupController.AddGroup (Shift-Service)'
2025-06-05 00:01:38.724 +01:00 [INF] Route matched with {action = "AddGroup", controller = "Group"}. Executing controller action with signature System.Threading.Tasks.Task`1[Microsoft.AspNetCore.Mvc.ActionResult] AddGroup(Shared.Dtos.GroupRequest) on controller Shift_Service.Controllers.GroupController (Shift-Service).
2025-06-05 00:01:38.792 +01:00 [INF] Executed DbCommand (1ms) [Parameters=[@__p_0='?' (DbType = Int32)], CommandType='"Text"', CommandTimeout='30']
SELECT `s`.`id`, `s`.`created_at`, `s`.`end_shift`, `s`.`is_deleted`, `s`.`role`, `s`.`start_shift`, `s`.`updated_at`, `s`.`shift_type`
FROM `Shifts` AS `s`
WHERE `s`.`id` = @__p_0
LIMIT 1
2025-06-05 00:01:38.801 +01:00 [WRN] SHIFT ROLE : worker
2025-06-05 00:01:38.802 +01:00 [WRN] GROUPE ROLE : driver
2025-06-05 00:01:38.802 +01:00 [WRN] GROUPE ROLE : False
2025-06-05 00:01:38.885 +01:00 [INF] Executing BadRequestObjectResult, writing value of type 'System.String'.
2025-06-05 00:01:38.888 +01:00 [INF] Executed action Shift_Service.Controllers.GroupController.AddGroup (Shift-Service) in 161.461ms
2025-06-05 00:01:38.889 +01:00 [INF] Executed endpoint 'Shift_Service.Controllers.GroupController.AddGroup (Shift-Service)'
2025-06-05 00:01:38.890 +01:00 [INF] Request finished HTTP/2 POST https://localhost:7009/api/Group - 400 null text/plain; charset=utf-8 183.5245ms
2025-06-05 00:01:42.507 +01:00 [INF] Request starting HTTP/2 POST https://localhost:7009/api/Group - application/json 52
2025-06-05 00:01:42.512 +01:00 [INF] CORS policy execution failed.
2025-06-05 00:01:42.514 +01:00 [INF] Request origin https://localhost:7009 does not have permission to access the resource.
2025-06-05 00:01:42.517 +01:00 [INF] Executing endpoint 'Shift_Service.Controllers.GroupController.AddGroup (Shift-Service)'
2025-06-05 00:01:42.521 +01:00 [INF] Route matched with {action = "AddGroup", controller = "Group"}. Executing controller action with signature System.Threading.Tasks.Task`1[Microsoft.AspNetCore.Mvc.ActionResult] AddGroup(Shared.Dtos.GroupRequest) on controller Shift_Service.Controllers.GroupController (Shift-Service).
2025-06-05 00:01:42.552 +01:00 [INF] Executed DbCommand (0ms) [Parameters=[@__p_0='?' (DbType = Int32)], CommandType='"Text"', CommandTimeout='30']
SELECT `s`.`id`, `s`.`created_at`, `s`.`end_shift`, `s`.`is_deleted`, `s`.`role`, `s`.`start_shift`, `s`.`updated_at`, `s`.`shift_type`
FROM `Shifts` AS `s`
WHERE `s`.`id` = @__p_0
LIMIT 1
2025-06-05 00:01:42.556 +01:00 [WRN] SHIFT ROLE : worker
2025-06-05 00:01:42.556 +01:00 [WRN] GROUPE ROLE : worker
2025-06-05 00:01:42.557 +01:00 [WRN] GROUPE ROLE : False
2025-06-05 00:01:42.636 +01:00 [INF] Executing BadRequestObjectResult, writing value of type 'System.String'.
2025-06-05 00:01:42.638 +01:00 [INF] Executed action Shift_Service.Controllers.GroupController.AddGroup (Shift-Service) in 109.7985ms
2025-06-05 00:01:42.639 +01:00 [INF] Executed endpoint 'Shift_Service.Controllers.GroupController.AddGroup (Shift-Service)'
2025-06-05 00:01:42.642 +01:00 [INF] Request finished HTTP/2 POST https://localhost:7009/api/Group - 400 null text/plain; charset=utf-8 135.4572ms
2025-06-05 00:01:46.988 +01:00 [INF] Request starting HTTP/2 POST https://localhost:7009/api/Group - application/json 51
2025-06-05 00:01:46.991 +01:00 [INF] CORS policy execution failed.
2025-06-05 00:01:46.992 +01:00 [INF] Request origin https://localhost:7009 does not have permission to access the resource.
2025-06-05 00:01:46.994 +01:00 [INF] Executing endpoint 'Shift_Service.Controllers.GroupController.AddGroup (Shift-Service)'
2025-06-05 00:01:46.996 +01:00 [INF] Route matched with {action = "AddGroup", controller = "Group"}. Executing controller action with signature System.Threading.Tasks.Task`1[Microsoft.AspNetCore.Mvc.ActionResult] AddGroup(Shared.Dtos.GroupRequest) on controller Shift_Service.Controllers.GroupController (Shift-Service).
2025-06-05 00:01:47.015 +01:00 [INF] Executed DbCommand (0ms) [Parameters=[@__p_0='?' (DbType = Int32)], CommandType='"Text"', CommandTimeout='30']
SELECT `s`.`id`, `s`.`created_at`, `s`.`end_shift`, `s`.`is_deleted`, `s`.`role`, `s`.`start_shift`, `s`.`updated_at`, `s`.`shift_type`
FROM `Shifts` AS `s`
WHERE `s`.`id` = @__p_0
LIMIT 1
2025-06-05 00:01:47.017 +01:00 [WRN] SHIFT ROLE : worker
2025-06-05 00:01:47.018 +01:00 [WRN] GROUPE ROLE : admin
2025-06-05 00:01:47.019 +01:00 [WRN] GROUPE ROLE : False
2025-06-05 00:01:47.096 +01:00 [INF] Executing BadRequestObjectResult, writing value of type 'System.String'.
2025-06-05 00:01:47.099 +01:00 [INF] Executed action Shift_Service.Controllers.GroupController.AddGroup (Shift-Service) in 100.0836ms
2025-06-05 00:01:47.100 +01:00 [INF] Executed endpoint 'Shift_Service.Controllers.GroupController.AddGroup (Shift-Service)'
2025-06-05 00:01:47.101 +01:00 [INF] Request finished HTTP/2 POST https://localhost:7009/api/Group - 400 null text/plain; charset=utf-8 113.4598ms
2025-06-05 00:01:50.869 +01:00 [INF] Request starting HTTP/2 POST https://localhost:7009/api/Group - application/json 52
2025-06-05 00:01:50.876 +01:00 [INF] CORS policy execution failed.
2025-06-05 00:01:50.877 +01:00 [INF] Request origin https://localhost:7009 does not have permission to access the resource.
2025-06-05 00:01:50.878 +01:00 [INF] Executing endpoint 'Shift_Service.Controllers.GroupController.AddGroup (Shift-Service)'
2025-06-05 00:01:50.880 +01:00 [INF] Route matched with {action = "AddGroup", controller = "Group"}. Executing controller action with signature System.Threading.Tasks.Task`1[Microsoft.AspNetCore.Mvc.ActionResult] AddGroup(Shared.Dtos.GroupRequest) on controller Shift_Service.Controllers.GroupController (Shift-Service).
2025-06-05 00:01:50.902 +01:00 [INF] Executed DbCommand (0ms) [Parameters=[@__p_0='?' (DbType = Int32)], CommandType='"Text"', CommandTimeout='30']
SELECT `s`.`id`, `s`.`created_at`, `s`.`end_shift`, `s`.`is_deleted`, `s`.`role`, `s`.`start_shift`, `s`.`updated_at`, `s`.`shift_type`
FROM `Shifts` AS `s`
WHERE `s`.`id` = @__p_0
LIMIT 1
2025-06-05 00:01:50.904 +01:00 [WRN] SHIFT ROLE : worker
2025-06-05 00:01:50.907 +01:00 [WRN] GROUPE ROLE : worker
2025-06-05 00:01:50.907 +01:00 [WRN] GROUPE ROLE : False
2025-06-05 00:01:51.003 +01:00 [INF] Executing BadRequestObjectResult, writing value of type 'System.String'.
2025-06-05 00:01:51.005 +01:00 [INF] Executed action Shift_Service.Controllers.GroupController.AddGroup (Shift-Service) in 123.4652ms
2025-06-05 00:01:51.006 +01:00 [INF] Executed endpoint 'Shift_Service.Controllers.GroupController.AddGroup (Shift-Service)'
2025-06-05 00:01:51.007 +01:00 [INF] Request finished HTTP/2 POST https://localhost:7009/api/Group - 400 null text/plain; charset=utf-8 138.7986ms
2025-06-05 00:02:44.789 +01:00 [INF] Request starting HTTP/2 GET https://localhost:7009/scalar/v1 - null null
2025-06-05 00:02:44.853 +01:00 [INF] Executing endpoint 'HTTP: GET /scalar/{documentName?}'
2025-06-05 00:02:44.890 +01:00 [INF] Write content with HTTP Response ContentType of text/html
2025-06-05 00:02:44.895 +01:00 [INF] Executed endpoint 'HTTP: GET /scalar/{documentName?}'
2025-06-05 00:02:44.906 +01:00 [INF] Request finished HTTP/2 GET https://localhost:7009/scalar/v1 - 200 null text/html 117.0947ms
2025-06-05 00:02:44.937 +01:00 [INF] Request starting HTTP/2 GET https://localhost:7009/scalar/scalar.js - null null
2025-06-05 00:02:44.937 +01:00 [INF] Request starting HTTP/2 GET https://localhost:7009/_framework/aspnetcore-browser-refresh.js - null null
2025-06-05 00:02:44.937 +01:00 [INF] Request starting HTTP/2 GET https://localhost:7009/scalar/scalar.aspnetcore.js - null null
2025-06-05 00:02:44.943 +01:00 [INF] Executing endpoint 'HTTP: GET /scalar/scalar.js'
2025-06-05 00:02:44.949 +01:00 [INF] CORS policy execution failed.
2025-06-05 00:02:44.974 +01:00 [INF] Request starting HTTP/2 GET https://localhost:7009/_vs/browserLink - null null
2025-06-05 00:02:44.958 +01:00 [INF] Request finished HTTP/2 GET https://localhost:7009/_framework/aspnetcore-browser-refresh.js - 200 13778 application/javascript; charset=utf-8 21.3853ms
2025-06-05 00:02:44.981 +01:00 [INF] Request origin https://localhost:7009 does not have permission to access the resource.
2025-06-05 00:02:44.984 +01:00 [INF] Setting HTTP status code 304.
2025-06-05 00:02:45.008 +01:00 [INF] Request finished HTTP/2 GET https://localhost:7009/_vs/browserLink - 200 null text/javascript; charset=UTF-8 34.6076ms
2025-06-05 00:02:45.011 +01:00 [INF] Executing endpoint 'HTTP: GET /scalar/scalar.aspnetcore.js'
2025-06-05 00:02:45.015 +01:00 [INF] Executed endpoint 'HTTP: GET /scalar/scalar.js'
2025-06-05 00:02:45.020 +01:00 [INF] Setting HTTP status code 304.
2025-06-05 00:02:45.022 +01:00 [INF] Request finished HTTP/2 GET https://localhost:7009/scalar/scalar.js - 304 null null 84.7765ms
2025-06-05 00:02:45.023 +01:00 [INF] Executed endpoint 'HTTP: GET /scalar/scalar.aspnetcore.js'
2025-06-05 00:02:45.029 +01:00 [INF] Request finished HTTP/2 GET https://localhost:7009/scalar/scalar.aspnetcore.js - 304 null null 92.3136ms
2025-06-05 00:02:45.163 +01:00 [INF] Request starting HTTP/2 GET https://localhost:7009/openapi/v1.json - null null
2025-06-05 00:02:45.168 +01:00 [INF] Executing endpoint 'HTTP: GET /openapi/{documentName}.json'
2025-06-05 00:02:45.245 +01:00 [INF] Executed endpoint 'HTTP: GET /openapi/{documentName}.json'
2025-06-05 00:02:45.247 +01:00 [INF] Request finished HTTP/2 GET https://localhost:7009/openapi/v1.json - 200 null application/json;charset=utf-8 84.4123ms
2025-06-05 00:03:03.921 +01:00 [INF] Request starting HTTP/2 POST https://localhost:7009/api/Group - application/json 52
2025-06-05 00:03:03.928 +01:00 [INF] CORS policy execution failed.
2025-06-05 00:03:03.930 +01:00 [INF] Request origin https://localhost:7009 does not have permission to access the resource.
2025-06-05 00:03:03.932 +01:00 [INF] Executing endpoint 'Shift_Service.Controllers.GroupController.AddGroup (Shift-Service)'
2025-06-05 00:03:03.944 +01:00 [INF] Route matched with {action = "AddGroup", controller = "Group"}. Executing controller action with signature System.Threading.Tasks.Task`1[Microsoft.AspNetCore.Mvc.ActionResult] AddGroup(Shared.Dtos.GroupRequest) on controller Shift_Service.Controllers.GroupController (Shift-Service).
2025-06-05 00:03:03.973 +01:00 [INF] Executed DbCommand (1ms) [Parameters=[@__p_0='?' (DbType = Int32)], CommandType='"Text"', CommandTimeout='30']
SELECT `s`.`id`, `s`.`created_at`, `s`.`end_shift`, `s`.`is_deleted`, `s`.`role`, `s`.`start_shift`, `s`.`updated_at`, `s`.`shift_type`
FROM `Shifts` AS `s`
WHERE `s`.`id` = @__p_0
LIMIT 1
2025-06-05 00:03:03.975 +01:00 [WRN] SHIFT ROLE : worker
2025-06-05 00:03:03.976 +01:00 [WRN] GROUPE ROLE : worker
2025-06-05 00:03:03.977 +01:00 [WRN] GROUPE ROLE : True
2025-06-05 00:03:04.069 +01:00 [INF] Executing BadRequestObjectResult, writing value of type 'System.String'.
2025-06-05 00:03:04.071 +01:00 [INF] Executed action Shift_Service.Controllers.GroupController.AddGroup (Shift-Service) in 124.6193ms
2025-06-05 00:03:04.072 +01:00 [INF] Executed endpoint 'Shift_Service.Controllers.GroupController.AddGroup (Shift-Service)'
2025-06-05 00:03:04.074 +01:00 [INF] Request finished HTTP/2 POST https://localhost:7009/api/Group - 400 null text/plain; charset=utf-8 153.1431ms
2025-06-05 00:03:27.060 +01:00 [INF] Request starting HTTP/2 GET https://localhost:7009/scalar/v1 - null null
2025-06-05 00:03:27.069 +01:00 [INF] Executing endpoint 'HTTP: GET /scalar/{documentName?}'
2025-06-05 00:03:27.072 +01:00 [INF] Write content with HTTP Response ContentType of text/html
2025-06-05 00:03:27.073 +01:00 [INF] Executed endpoint 'HTTP: GET /scalar/{documentName?}'
2025-06-05 00:03:27.074 +01:00 [INF] Request finished HTTP/2 GET https://localhost:7009/scalar/v1 - 200 null text/html 14.3466ms
2025-06-05 00:03:27.109 +01:00 [INF] Request starting HTTP/2 GET https://localhost:7009/scalar/scalar.js - null null
2025-06-05 00:03:27.109 +01:00 [INF] Request starting HTTP/2 GET https://localhost:7009/scalar/scalar.aspnetcore.js - null null
2025-06-05 00:03:27.110 +01:00 [INF] Request starting HTTP/2 GET https://localhost:7009/_framework/aspnetcore-browser-refresh.js - null null
2025-06-05 00:03:27.114 +01:00 [INF] Executing endpoint 'HTTP: GET /scalar/scalar.js'
2025-06-05 00:03:27.116 +01:00 [INF] CORS policy execution failed.
2025-06-05 00:03:27.120 +01:00 [INF] Request finished HTTP/2 GET https://localhost:7009/_framework/aspnetcore-browser-refresh.js - 200 13778 application/javascript; charset=utf-8 9.6696ms
2025-06-05 00:03:27.126 +01:00 [INF] Setting HTTP status code 304.
2025-06-05 00:03:27.127 +01:00 [INF] Request origin https://localhost:7009 does not have permission to access the resource.
2025-06-05 00:03:27.129 +01:00 [INF] Request starting HTTP/2 GET https://localhost:7009/_vs/browserLink - null null
2025-06-05 00:03:27.132 +01:00 [INF] Executed endpoint 'HTTP: GET /scalar/scalar.js'
2025-06-05 00:03:27.133 +01:00 [INF] Executing endpoint 'HTTP: GET /scalar/scalar.aspnetcore.js'
2025-06-05 00:03:27.140 +01:00 [INF] Request finished HTTP/2 GET https://localhost:7009/scalar/scalar.js - 304 null null 30.9353ms
2025-06-05 00:03:27.142 +01:00 [INF] Setting HTTP status code 304.
2025-06-05 00:03:27.146 +01:00 [INF] Executed endpoint 'HTTP: GET /scalar/scalar.aspnetcore.js'
2025-06-05 00:03:27.146 +01:00 [INF] Request finished HTTP/2 GET https://localhost:7009/_vs/browserLink - 200 null text/javascript; charset=UTF-8 17.7238ms
2025-06-05 00:03:27.147 +01:00 [INF] Request finished HTTP/2 GET https://localhost:7009/scalar/scalar.aspnetcore.js - 304 null null 38.0217ms
2025-06-05 00:03:27.212 +01:00 [INF] Request starting HTTP/2 GET https://localhost:7009/openapi/v1.json - null null
2025-06-05 00:03:27.215 +01:00 [INF] Executing endpoint 'HTTP: GET /openapi/{documentName}.json'
2025-06-05 00:03:27.221 +01:00 [INF] Executed endpoint 'HTTP: GET /openapi/{documentName}.json'
2025-06-05 00:03:27.225 +01:00 [INF] Request finished HTTP/2 GET https://localhost:7009/openapi/v1.json - 200 null application/json;charset=utf-8 13.2381ms
2025-06-05 00:03:46.020 +01:00 [INF] Request starting HTTP/2 POST https://localhost:7009/api/Group - application/json 52
2025-06-05 00:03:46.027 +01:00 [INF] CORS policy execution failed.
2025-06-05 00:03:46.028 +01:00 [INF] Request origin https://localhost:7009 does not have permission to access the resource.
2025-06-05 00:03:46.029 +01:00 [INF] Executing endpoint 'Shift_Service.Controllers.GroupController.AddGroup (Shift-Service)'
2025-06-05 00:03:46.036 +01:00 [INF] Route matched with {action = "AddGroup", controller = "Group"}. Executing controller action with signature System.Threading.Tasks.Task`1[Microsoft.AspNetCore.Mvc.ActionResult] AddGroup(Shared.Dtos.GroupRequest) on controller Shift_Service.Controllers.GroupController (Shift-Service).
2025-06-05 00:03:46.059 +01:00 [INF] Executed DbCommand (1ms) [Parameters=[@__p_0='?' (DbType = Int32)], CommandType='"Text"', CommandTimeout='30']
SELECT `s`.`id`, `s`.`created_at`, `s`.`end_shift`, `s`.`is_deleted`, `s`.`role`, `s`.`start_shift`, `s`.`updated_at`, `s`.`shift_type`
FROM `Shifts` AS `s`
WHERE `s`.`id` = @__p_0
LIMIT 1
2025-06-05 00:03:46.362 +01:00 [INF] Executed DbCommand (13ms) [Parameters=[@p0='?' (DbType = DateTime), @p1='?' (DbType = Boolean), @p2='?' (Size = 4000), @p3='?' (Size = 4000), @p4='?' (DbType = Int32), @p5='?' (DbType = DateTime)], CommandType='"Text"', CommandTimeout='30']
INSERT INTO `Groups` (`created_at`, `is_deleted`, `name`, `role`, `shift_id`, `updated_at`)
VALUES (@p0, @p1, @p2, @p3, @p4, @p5);
SELECT `id`
FROM `Groups`
WHERE ROW_COUNT() = 1 AND `id` = LAST_INSERT_ID();
2025-06-05 00:03:46.423 +01:00 [INF] Executing OkObjectResult, writing value of type 'Shared.Dtos.GroupResposne'.
2025-06-05 00:03:46.437 +01:00 [INF] Executed action Shift_Service.Controllers.GroupController.AddGroup (Shift-Service) in 397.5774ms
2025-06-05 00:03:46.439 +01:00 [INF] Executed endpoint 'Shift_Service.Controllers.GroupController.AddGroup (Shift-Service)'
2025-06-05 00:03:46.442 +01:00 [INF] Request finished HTTP/2 POST https://localhost:7009/api/Group - 200 null application/json; charset=utf-8 422.1621ms
2025-06-05 00:03:54.355 +01:00 [INF] Request starting HTTP/2 POST https://localhost:7009/api/Group - application/json 53
2025-06-05 00:03:54.361 +01:00 [INF] CORS policy execution failed.
2025-06-05 00:03:54.362 +01:00 [INF] Request origin https://localhost:7009 does not have permission to access the resource.
2025-06-05 00:03:54.364 +01:00 [INF] Executing endpoint 'Shift_Service.Controllers.GroupController.AddGroup (Shift-Service)'
2025-06-05 00:03:54.367 +01:00 [INF] Route matched with {action = "AddGroup", controller = "Group"}. Executing controller action with signature System.Threading.Tasks.Task`1[Microsoft.AspNetCore.Mvc.ActionResult] AddGroup(Shared.Dtos.GroupRequest) on controller Shift_Service.Controllers.GroupController (Shift-Service).
2025-06-05 00:03:54.386 +01:00 [INF] Executed DbCommand (0ms) [Parameters=[@__p_0='?' (DbType = Int32)], CommandType='"Text"', CommandTimeout='30']
SELECT `s`.`id`, `s`.`created_at`, `s`.`end_shift`, `s`.`is_deleted`, `s`.`role`, `s`.`start_shift`, `s`.`updated_at`, `s`.`shift_type`
FROM `Shifts` AS `s`
WHERE `s`.`id` = @__p_0
LIMIT 1
2025-06-05 00:03:54.502 +01:00 [INF] Executing BadRequestObjectResult, writing value of type 'System.String'.
2025-06-05 00:03:54.505 +01:00 [INF] Executed action Shift_Service.Controllers.GroupController.AddGroup (Shift-Service) in 135.7546ms
2025-06-05 00:03:54.507 +01:00 [INF] Executed endpoint 'Shift_Service.Controllers.GroupController.AddGroup (Shift-Service)'
2025-06-05 00:03:54.509 +01:00 [INF] Request finished HTTP/2 POST https://localhost:7009/api/Group - 400 null text/plain; charset=utf-8 153.981ms
2025-06-05 00:05:07.987 +01:00 [INF] Request starting HTTP/2 POST https://localhost:7009/api/Shift - application/json 92
2025-06-05 00:05:08.008 +01:00 [INF] CORS policy execution failed.
2025-06-05 00:05:08.008 +01:00 [INF] Request origin https://localhost:7009 does not have permission to access the resource.
2025-06-05 00:05:08.009 +01:00 [INF] Executing endpoint 'Shift_Service.Controllers.ShiftController.AddShift (Shift-Service)'
2025-06-05 00:05:08.015 +01:00 [INF] Route matched with {action = "AddShift", controller = "Shift"}. Executing controller action with signature System.Threading.Tasks.Task`1[Microsoft.AspNetCore.Mvc.ActionResult] AddShift(Shared.Dtos.ShiftRequest) on controller Shift_Service.Controllers.ShiftController (Shift-Service).
2025-06-05 00:05:08.082 +01:00 [INF] Executed DbCommand (3ms) [Parameters=[@p0='?' (DbType = DateTime), @p1='?' (DbType = Time), @p2='?' (DbType = Boolean), @p3='?' (Size = 4000), @p4='?' (DbType = Time), @p5='?' (DbType = DateTime), @p6='?' (Size = 4000)], CommandType='"Text"', CommandTimeout='30']
INSERT INTO `Shifts` (`created_at`, `end_shift`, `is_deleted`, `role`, `start_shift`, `updated_at`, `shift_type`)
VALUES (@p0, @p1, @p2, @p3, @p4, @p5, @p6);
SELECT `id`
FROM `Shifts`
WHERE ROW_COUNT() = 1 AND `id` = LAST_INSERT_ID();
2025-06-05 00:05:08.094 +01:00 [INF] Executing OkObjectResult, writing value of type 'Shared.Dtos.ShiftResponse'.
2025-06-05 00:05:08.097 +01:00 [INF] Executed action Shift_Service.Controllers.ShiftController.AddShift (Shift-Service) in 79.1357ms
2025-06-05 00:05:08.098 +01:00 [INF] Executed endpoint 'Shift_Service.Controllers.ShiftController.AddShift (Shift-Service)'
2025-06-05 00:05:08.099 +01:00 [INF] Request finished HTTP/2 POST https://localhost:7009/api/Shift - 200 null application/json; charset=utf-8 112.0592ms
2025-06-05 00:05:23.959 +01:00 [INF] Request starting HTTP/2 GET https://localhost:7009/api/Shift - application/json null
2025-06-05 00:05:23.970 +01:00 [INF] Executing endpoint 'Shift_Service.Controllers.ShiftController.GetAllShifts (Shift-Service)'
2025-06-05 00:05:23.974 +01:00 [INF] Route matched with {action = "GetAllShifts", controller = "Shift"}. Executing controller action with signature Microsoft.AspNetCore.Mvc.ActionResult GetAllShifts(Gridify.GridifyQuery) on controller Shift_Service.Controllers.ShiftController (Shift-Service).
2025-06-05 00:05:23.996 +01:00 [INF] Executing BadRequestObjectResult, writing value of type 'Microsoft.AspNetCore.Mvc.ValidationProblemDetails'.
2025-06-05 00:05:24.044 +01:00 [INF] Executed action Shift_Service.Controllers.ShiftController.GetAllShifts (Shift-Service) in 68.0098ms
2025-06-05 00:05:24.046 +01:00 [INF] Executed endpoint 'Shift_Service.Controllers.ShiftController.GetAllShifts (Shift-Service)'
2025-06-05 00:05:24.047 +01:00 [INF] Request finished HTTP/2 GET https://localhost:7009/api/Shift - 400 null application/problem+json; charset=utf-8 87.6992ms
2025-06-05 01:24:16.368 +01:00 [INF] Executed DbCommand (12ms) [Parameters=[], CommandType='"Text"', CommandTimeout='30']
SELECT `g`.`id`, `g`.`created_at`, `g`.`is_deleted`, `g`.`name`, `g`.`role`, `g`.`shift_id`, `g`.`updated_at`, `s`.`id`, `s`.`created_at`, `s`.`end_shift`, `s`.`is_deleted`, `s`.`role`, `s`.`start_shift`, `s`.`updated_at`, `s`.`shift_type`
FROM `Groups` AS `g`
INNER JOIN `Shifts` AS `s` ON `g`.`shift_id` = `s`.`id`
WHERE `s`.`role` IN ('worker', 'driver')
2025-06-05 01:24:16.444 +01:00 [INF] Now listening on: https://localhost:7009
2025-06-05 01:24:16.447 +01:00 [INF] Now listening on: http://localhost:5135
2025-06-05 01:24:16.499 +01:00 [INF] Application started. Press Ctrl+C to shut down.
2025-06-05 01:24:16.509 +01:00 [INF] Hosting environment: Development
2025-06-05 01:24:16.511 +01:00 [INF] Content root path: D:\PFE\CODE-BASE\BACKEND\Shift-Service
2025-06-05 01:24:16.614 +01:00 [INF] Executed DbCommand (16ms) [Parameters=[@p2='?' (DbType = Int32), @p0='?' (DbType = DateTime), @p1='?' (Size = 4000), @p5='?' (DbType = Int32), @p3='?' (DbType = DateTime), @p4='?' (Size = 4000), @p8='?' (DbType = Int32), @p6='?' (DbType = DateTime), @p7='?' (Size = 4000), @p11='?' (DbType = Int32), @p9='?' (DbType = DateTime), @p10='?' (Size = 4000), @p14='?' (DbType = Int32), @p12='?' (DbType = DateTime), @p13='?' (Size = 4000), @p17='?' (DbType = Int32), @p15='?' (DbType = DateTime), @p16='?' (Size = 4000)], CommandType='"Text"', CommandTimeout='30']
UPDATE `Shifts` SET `updated_at` = @p0, `shift_type` = @p1
WHERE `id` = @p2;
SELECT ROW_COUNT();

UPDATE `Shifts` SET `updated_at` = @p3, `shift_type` = @p4
WHERE `id` = @p5;
SELECT ROW_COUNT();

UPDATE `Shifts` SET `updated_at` = @p6, `shift_type` = @p7
WHERE `id` = @p8;
SELECT ROW_COUNT();

UPDATE `Shifts` SET `updated_at` = @p9, `shift_type` = @p10
WHERE `id` = @p11;
SELECT ROW_COUNT();

UPDATE `Shifts` SET `updated_at` = @p12, `shift_type` = @p13
WHERE `id` = @p14;
SELECT ROW_COUNT();

UPDATE `Shifts` SET `updated_at` = @p15, `shift_type` = @p16
WHERE `id` = @p17;
SELECT ROW_COUNT();
2025-06-05 01:25:39.236 +01:00 [INF] Executed DbCommand (15ms) [Parameters=[], CommandType='"Text"', CommandTimeout='30']
SELECT `g`.`id`, `g`.`created_at`, `g`.`is_deleted`, `g`.`name`, `g`.`role`, `g`.`shift_id`, `g`.`updated_at`, `s`.`id`, `s`.`created_at`, `s`.`end_shift`, `s`.`is_deleted`, `s`.`role`, `s`.`start_shift`, `s`.`updated_at`, `s`.`shift_type`
FROM `Groups` AS `g`
INNER JOIN `Shifts` AS `s` ON `g`.`shift_id` = `s`.`id`
WHERE `s`.`role` IN ('worker', 'driver')
2025-06-05 01:25:39.336 +01:00 [INF] Now listening on: https://localhost:7009
2025-06-05 01:25:39.338 +01:00 [INF] Now listening on: http://localhost:5135
2025-06-05 01:25:39.387 +01:00 [INF] Application started. Press Ctrl+C to shut down.
2025-06-05 01:25:39.391 +01:00 [INF] Hosting environment: Development
2025-06-05 01:25:39.393 +01:00 [INF] Content root path: D:\PFE\CODE-BASE\BACKEND\Shift-Service
2025-06-05 01:25:39.537 +01:00 [INF] Executed DbCommand (18ms) [Parameters=[@p2='?' (DbType = Int32), @p0='?' (DbType = DateTime), @p1='?' (Size = 4000), @p5='?' (DbType = Int32), @p3='?' (DbType = DateTime), @p4='?' (Size = 4000), @p8='?' (DbType = Int32), @p6='?' (DbType = DateTime), @p7='?' (Size = 4000), @p11='?' (DbType = Int32), @p9='?' (DbType = DateTime), @p10='?' (Size = 4000), @p14='?' (DbType = Int32), @p12='?' (DbType = DateTime), @p13='?' (Size = 4000), @p17='?' (DbType = Int32), @p15='?' (DbType = DateTime), @p16='?' (Size = 4000)], CommandType='"Text"', CommandTimeout='30']
UPDATE `Shifts` SET `updated_at` = @p0, `shift_type` = @p1
WHERE `id` = @p2;
SELECT ROW_COUNT();

UPDATE `Shifts` SET `updated_at` = @p3, `shift_type` = @p4
WHERE `id` = @p5;
SELECT ROW_COUNT();

UPDATE `Shifts` SET `updated_at` = @p6, `shift_type` = @p7
WHERE `id` = @p8;
SELECT ROW_COUNT();

UPDATE `Shifts` SET `updated_at` = @p9, `shift_type` = @p10
WHERE `id` = @p11;
SELECT ROW_COUNT();

UPDATE `Shifts` SET `updated_at` = @p12, `shift_type` = @p13
WHERE `id` = @p14;
SELECT ROW_COUNT();

UPDATE `Shifts` SET `updated_at` = @p15, `shift_type` = @p16
WHERE `id` = @p17;
SELECT ROW_COUNT();
2025-06-05 01:25:48.509 +01:00 [INF] Executed DbCommand (11ms) [Parameters=[], CommandType='"Text"', CommandTimeout='30']
SELECT `g`.`id`, `g`.`created_at`, `g`.`is_deleted`, `g`.`name`, `g`.`role`, `g`.`shift_id`, `g`.`updated_at`, `s`.`id`, `s`.`created_at`, `s`.`end_shift`, `s`.`is_deleted`, `s`.`role`, `s`.`start_shift`, `s`.`updated_at`, `s`.`shift_type`
FROM `Groups` AS `g`
INNER JOIN `Shifts` AS `s` ON `g`.`shift_id` = `s`.`id`
WHERE `s`.`role` IN ('worker', 'driver')
2025-06-05 01:25:48.585 +01:00 [INF] Now listening on: https://localhost:7009
2025-06-05 01:25:48.587 +01:00 [INF] Now listening on: http://localhost:5135
2025-06-05 01:25:48.640 +01:00 [INF] Application started. Press Ctrl+C to shut down.
2025-06-05 01:25:48.641 +01:00 [INF] Hosting environment: Development
2025-06-05 01:25:48.646 +01:00 [INF] Content root path: D:\PFE\CODE-BASE\BACKEND\Shift-Service
2025-06-05 01:25:48.756 +01:00 [INF] Executed DbCommand (17ms) [Parameters=[@p2='?' (DbType = Int32), @p0='?' (DbType = DateTime), @p1='?' (Size = 4000), @p5='?' (DbType = Int32), @p3='?' (DbType = DateTime), @p4='?' (Size = 4000), @p8='?' (DbType = Int32), @p6='?' (DbType = DateTime), @p7='?' (Size = 4000), @p11='?' (DbType = Int32), @p9='?' (DbType = DateTime), @p10='?' (Size = 4000), @p14='?' (DbType = Int32), @p12='?' (DbType = DateTime), @p13='?' (Size = 4000), @p17='?' (DbType = Int32), @p15='?' (DbType = DateTime), @p16='?' (Size = 4000)], CommandType='"Text"', CommandTimeout='30']
UPDATE `Shifts` SET `updated_at` = @p0, `shift_type` = @p1
WHERE `id` = @p2;
SELECT ROW_COUNT();

UPDATE `Shifts` SET `updated_at` = @p3, `shift_type` = @p4
WHERE `id` = @p5;
SELECT ROW_COUNT();

UPDATE `Shifts` SET `updated_at` = @p6, `shift_type` = @p7
WHERE `id` = @p8;
SELECT ROW_COUNT();

UPDATE `Shifts` SET `updated_at` = @p9, `shift_type` = @p10
WHERE `id` = @p11;
SELECT ROW_COUNT();

UPDATE `Shifts` SET `updated_at` = @p12, `shift_type` = @p13
WHERE `id` = @p14;
SELECT ROW_COUNT();

UPDATE `Shifts` SET `updated_at` = @p15, `shift_type` = @p16
WHERE `id` = @p17;
SELECT ROW_COUNT();
2025-06-05 01:33:55.512 +01:00 [INF] Executed DbCommand (18ms) [Parameters=[], CommandType='"Text"', CommandTimeout='30']
SELECT `g`.`id`, `g`.`created_at`, `g`.`is_deleted`, `g`.`name`, `g`.`role`, `g`.`shift_id`, `g`.`updated_at`, `s`.`id`, `s`.`created_at`, `s`.`end_shift`, `s`.`is_deleted`, `s`.`role`, `s`.`start_shift`, `s`.`updated_at`, `s`.`shift_type`
FROM `Groups` AS `g`
INNER JOIN `Shifts` AS `s` ON `g`.`shift_id` = `s`.`id`
2025-06-05 01:33:55.601 +01:00 [INF] Now listening on: https://localhost:7009
2025-06-05 01:33:55.602 +01:00 [INF] Now listening on: http://localhost:5135
2025-06-05 01:33:55.671 +01:00 [INF] Application started. Press Ctrl+C to shut down.
2025-06-05 01:33:55.672 +01:00 [INF] Hosting environment: Development
2025-06-05 01:33:55.673 +01:00 [INF] Content root path: D:\PFE\CODE-BASE\BACKEND\Shift-Service
2025-06-05 01:33:55.745 +01:00 [INF] Executed DbCommand (3ms) [Parameters=[], CommandType='"Text"', CommandTimeout='30']
SELECT `s`.`id`, `s`.`created_at`, `s`.`end_shift`, `s`.`is_deleted`, `s`.`role`, `s`.`start_shift`, `s`.`updated_at`, `s`.`shift_type`
FROM `Shifts` AS `s`
2025-06-05 01:33:55.817 +01:00 [ERR] Error occurred during shift rotation
System.ArgumentOutOfRangeException: Specified argument was out of the range of valid values. (Parameter 'current')
   at Shift_Service.Services.ShiftRotation.ShiftRotationService.Next(ShiftTypes current) in D:\PFE\CODE-BASE\BACKEND\Shift-Service\Services\ShiftRotation\ShiftRotationService.cs:line 86
   at Shift_Service.Services.ShiftRotation.ShiftRotationService.rotate(Group grp, List`1 allShifts) in D:\PFE\CODE-BASE\BACKEND\Shift-Service\Services\ShiftRotation\ShiftRotationService.cs:line 69
   at Shift_Service.Services.ShiftRotation.ShiftRotationService.RotateAllGroups(ShiftServiceContext context) in D:\PFE\CODE-BASE\BACKEND\Shift-Service\Services\ShiftRotation\ShiftRotationService.cs:line 60
   at Shift_Service.Services.ShiftRotation.ShiftRotationService.ExecuteAsync(CancellationToken stoppingToken) in D:\PFE\CODE-BASE\BACKEND\Shift-Service\Services\ShiftRotation\ShiftRotationService.cs:line 37
2025-06-05 01:38:05.351 +01:00 [INF] Request starting HTTP/2 GET https://localhost:7009/scalar/v1 - null null
2025-06-05 01:38:05.463 +01:00 [INF] Executing endpoint 'HTTP: GET /scalar/{documentName?}'
2025-06-05 01:38:05.557 +01:00 [INF] Write content with HTTP Response ContentType of text/html
2025-06-05 01:38:05.572 +01:00 [INF] Executed endpoint 'HTTP: GET /scalar/{documentName?}'
2025-06-05 01:38:05.580 +01:00 [INF] Request finished HTTP/2 GET https://localhost:7009/scalar/v1 - 200 null text/html 233.5885ms
2025-06-05 01:38:05.604 +01:00 [INF] Request starting HTTP/2 GET https://localhost:7009/scalar/scalar.js - null null
2025-06-05 01:38:05.604 +01:00 [INF] Request starting HTTP/2 GET https://localhost:7009/scalar/scalar.aspnetcore.js - null null
2025-06-05 01:38:05.604 +01:00 [INF] Request starting HTTP/2 GET https://localhost:7009/_framework/aspnetcore-browser-refresh.js - null null
2025-06-05 01:38:05.611 +01:00 [INF] Executing endpoint 'HTTP: GET /scalar/scalar.js'
2025-06-05 01:38:05.617 +01:00 [INF] CORS policy execution failed.
2025-06-05 01:38:05.625 +01:00 [INF] Request origin https://localhost:7009 does not have permission to access the resource.
2025-06-05 01:38:05.635 +01:00 [INF] Executing endpoint 'HTTP: GET /scalar/scalar.aspnetcore.js'
2025-06-05 01:38:05.644 +01:00 [INF] Request finished HTTP/2 GET https://localhost:7009/_framework/aspnetcore-browser-refresh.js - 200 13778 application/javascript; charset=utf-8 40.5758ms
2025-06-05 01:38:05.652 +01:00 [INF] Request starting HTTP/2 GET https://localhost:7009/_vs/browserLink - null null
2025-06-05 01:38:05.644 +01:00 [INF] Setting HTTP status code 304.
2025-06-05 01:38:05.644 +01:00 [INF] Setting HTTP status code 304.
2025-06-05 01:38:05.660 +01:00 [INF] Executed endpoint 'HTTP: GET /scalar/scalar.aspnetcore.js'
2025-06-05 01:38:05.658 +01:00 [INF] Executed endpoint 'HTTP: GET /scalar/scalar.js'
2025-06-05 01:38:05.662 +01:00 [INF] Request finished HTTP/2 GET https://localhost:7009/scalar/scalar.aspnetcore.js - 304 null null 57.9862ms
2025-06-05 01:38:05.663 +01:00 [INF] Request finished HTTP/2 GET https://localhost:7009/scalar/scalar.js - 304 null null 59.4754ms
2025-06-05 01:38:05.720 +01:00 [INF] Request finished HTTP/2 GET https://localhost:7009/_vs/browserLink - 200 null text/javascript; charset=UTF-8 67.3373ms
2025-06-05 01:38:05.956 +01:00 [INF] Request starting HTTP/2 GET https://localhost:7009/openapi/v1.json - null null
2025-06-05 01:38:05.963 +01:00 [INF] Executing endpoint 'HTTP: GET /openapi/{documentName}.json'
2025-06-05 01:38:06.103 +01:00 [INF] Executed endpoint 'HTTP: GET /openapi/{documentName}.json'
2025-06-05 01:38:06.106 +01:00 [INF] Request finished HTTP/2 GET https://localhost:7009/openapi/v1.json - 200 null application/json;charset=utf-8 150.4588ms
2025-06-05 01:38:10.521 +01:00 [INF] Executed DbCommand (11ms) [Parameters=[], CommandType='"Text"', CommandTimeout='30']
SELECT `g`.`id`, `g`.`created_at`, `g`.`is_deleted`, `g`.`name`, `g`.`role`, `g`.`shift_id`, `g`.`updated_at`, `s`.`id`, `s`.`created_at`, `s`.`end_shift`, `s`.`is_deleted`, `s`.`role`, `s`.`start_shift`, `s`.`updated_at`, `s`.`shift_type`
FROM `Groups` AS `g`
INNER JOIN `Shifts` AS `s` ON `g`.`shift_id` = `s`.`id`
WHERE `s`.`role` IN ('worker', 'driver')
2025-06-05 01:38:10.679 +01:00 [INF] Now listening on: https://localhost:7009
2025-06-05 01:38:10.681 +01:00 [INF] Now listening on: http://localhost:5135
2025-06-05 01:38:10.789 +01:00 [INF] Application started. Press Ctrl+C to shut down.
2025-06-05 01:38:10.795 +01:00 [INF] Hosting environment: Development
2025-06-05 01:38:10.796 +01:00 [INF] Content root path: D:\PFE\CODE-BASE\BACKEND\Shift-Service
2025-06-05 01:38:10.805 +01:00 [INF] Executed DbCommand (3ms) [Parameters=[], CommandType='"Text"', CommandTimeout='30']
SELECT `s`.`id`, `s`.`created_at`, `s`.`end_shift`, `s`.`is_deleted`, `s`.`role`, `s`.`start_shift`, `s`.`updated_at`, `s`.`shift_type`
FROM `Shifts` AS `s`
2025-06-05 01:38:10.907 +01:00 [INF] Executed DbCommand (16ms) [Parameters=[@p2='?' (DbType = Int32), @p0='?' (DbType = Int32), @p1='?' (DbType = DateTime), @p5='?' (DbType = Int32), @p3='?' (DbType = Int32), @p4='?' (DbType = DateTime), @p8='?' (DbType = Int32), @p6='?' (DbType = Int32), @p7='?' (DbType = DateTime), @p11='?' (DbType = Int32), @p9='?' (DbType = Int32), @p10='?' (DbType = DateTime), @p14='?' (DbType = Int32), @p12='?' (DbType = Int32), @p13='?' (DbType = DateTime), @p17='?' (DbType = Int32), @p15='?' (DbType = Int32), @p16='?' (DbType = DateTime)], CommandType='"Text"', CommandTimeout='30']
UPDATE `Groups` SET `shift_id` = @p0, `updated_at` = @p1
WHERE `id` = @p2;
SELECT ROW_COUNT();

UPDATE `Groups` SET `shift_id` = @p3, `updated_at` = @p4
WHERE `id` = @p5;
SELECT ROW_COUNT();

UPDATE `Groups` SET `shift_id` = @p6, `updated_at` = @p7
WHERE `id` = @p8;
SELECT ROW_COUNT();

UPDATE `Groups` SET `shift_id` = @p9, `updated_at` = @p10
WHERE `id` = @p11;
SELECT ROW_COUNT();

UPDATE `Groups` SET `shift_id` = @p12, `updated_at` = @p13
WHERE `id` = @p14;
SELECT ROW_COUNT();

UPDATE `Groups` SET `shift_id` = @p15, `updated_at` = @p16
WHERE `id` = @p17;
SELECT ROW_COUNT();
2025-06-05 01:39:07.670 +01:00 [INF] Request starting HTTP/2 GET https://localhost:7009/scalar/v1 - null null
2025-06-05 01:39:07.742 +01:00 [INF] Executing endpoint 'HTTP: GET /scalar/{documentName?}'
2025-06-05 01:39:07.788 +01:00 [INF] Write content with HTTP Response ContentType of text/html
2025-06-05 01:39:07.795 +01:00 [INF] Executed endpoint 'HTTP: GET /scalar/{documentName?}'
2025-06-05 01:39:07.798 +01:00 [INF] Request finished HTTP/2 GET https://localhost:7009/scalar/v1 - 200 null text/html 133.4349ms
2025-06-05 01:39:07.817 +01:00 [INF] Request starting HTTP/2 GET https://localhost:7009/scalar/scalar.js - null null
2025-06-05 01:39:07.821 +01:00 [INF] Request starting HTTP/2 GET https://localhost:7009/_framework/aspnetcore-browser-refresh.js - null null
2025-06-05 01:39:07.821 +01:00 [INF] Request starting HTTP/2 GET https://localhost:7009/scalar/scalar.aspnetcore.js - null null
2025-06-05 01:39:07.826 +01:00 [INF] Executing endpoint 'HTTP: GET /scalar/scalar.js'
2025-06-05 01:39:07.849 +01:00 [INF] CORS policy execution failed.
2025-06-05 01:39:07.855 +01:00 [INF] Request finished HTTP/2 GET https://localhost:7009/_framework/aspnetcore-browser-refresh.js - 200 13778 application/javascript; charset=utf-8 33.4905ms
2025-06-05 01:39:07.856 +01:00 [INF] Request origin https://localhost:7009 does not have permission to access the resource.
2025-06-05 01:39:07.858 +01:00 [INF] Setting HTTP status code 304.
2025-06-05 01:39:07.858 +01:00 [INF] Request starting HTTP/2 GET https://localhost:7009/_vs/browserLink - null null
2025-06-05 01:39:07.862 +01:00 [INF] Executing endpoint 'HTTP: GET /scalar/scalar.aspnetcore.js'
2025-06-05 01:39:07.863 +01:00 [INF] Executed endpoint 'HTTP: GET /scalar/scalar.js'
2025-06-05 01:39:07.866 +01:00 [INF] Setting HTTP status code 304.
2025-06-05 01:39:07.867 +01:00 [INF] Request finished HTTP/2 GET https://localhost:7009/scalar/scalar.js - 304 null null 51.0541ms
2025-06-05 01:39:07.873 +01:00 [INF] Executed endpoint 'HTTP: GET /scalar/scalar.aspnetcore.js'
2025-06-05 01:39:07.881 +01:00 [INF] Request finished HTTP/2 GET https://localhost:7009/scalar/scalar.aspnetcore.js - 304 null null 59.8791ms
2025-06-05 01:39:07.892 +01:00 [INF] Request finished HTTP/2 GET https://localhost:7009/_vs/browserLink - 200 null text/javascript; charset=UTF-8 33.3596ms
2025-06-05 01:39:08.047 +01:00 [INF] Request starting HTTP/2 GET https://localhost:7009/openapi/v1.json - null null
2025-06-05 01:39:08.051 +01:00 [INF] Executing endpoint 'HTTP: GET /openapi/{documentName}.json'
2025-06-05 01:39:08.146 +01:00 [INF] Executed endpoint 'HTTP: GET /openapi/{documentName}.json'
2025-06-05 01:39:08.149 +01:00 [INF] Request finished HTTP/2 GET https://localhost:7009/openapi/v1.json - 200 null application/json;charset=utf-8 102.382ms
2025-06-05 01:39:12.357 +01:00 [INF] Now listening on: https://localhost:7009
2025-06-05 01:39:12.388 +01:00 [INF] Now listening on: http://localhost:5135
2025-06-05 01:39:12.439 +01:00 [INF] Application started. Press Ctrl+C to shut down.
2025-06-05 01:39:12.443 +01:00 [INF] Hosting environment: Development
2025-06-05 01:39:12.449 +01:00 [INF] Content root path: D:\PFE\CODE-BASE\BACKEND\Shift-Service
