2025-06-06 00:00:16.390 +01:00 [INF] Now listening on: https://localhost:7009
2025-06-06 00:00:16.417 +01:00 [INF] Now listening on: http://localhost:5135
2025-06-06 00:00:16.470 +01:00 [INF] Application started. Press Ctrl+C to shut down.
2025-06-06 00:00:16.472 +01:00 [INF] Hosting environment: Development
2025-06-06 00:00:16.473 +01:00 [INF] Content root path: D:\PFE\CODE-BASE\BACKEND\Shift-Service
2025-06-06 00:01:11.328 +01:00 [INF] Now listening on: https://localhost:7009
2025-06-06 00:01:11.353 +01:00 [INF] Now listening on: http://localhost:5135
2025-06-06 00:01:11.402 +01:00 [INF] Application started. Press Ctrl+C to shut down.
2025-06-06 00:01:11.403 +01:00 [INF] Hosting environment: Development
2025-06-06 00:01:11.407 +01:00 [INF] Content root path: D:\PFE\CODE-BASE\BACKEND\Shift-Service
2025-06-06 00:06:27.291 +01:00 [INF] Now listening on: https://localhost:7009
2025-06-06 00:06:27.317 +01:00 [INF] Now listening on: http://localhost:5135
2025-06-06 00:06:27.365 +01:00 [INF] Application started. Press Ctrl+C to shut down.
2025-06-06 00:06:27.367 +01:00 [INF] Hosting environment: Development
2025-06-06 00:06:27.368 +01:00 [INF] Content root path: D:\PFE\CODE-BASE\BACKEND\Shift-Service
2025-06-06 00:12:26.337 +01:00 [INF] Now listening on: https://localhost:7009
2025-06-06 00:12:26.366 +01:00 [INF] Now listening on: http://localhost:5135
2025-06-06 00:12:26.422 +01:00 [INF] Application started. Press Ctrl+C to shut down.
2025-06-06 00:12:26.424 +01:00 [INF] Hosting environment: Development
2025-06-06 00:12:26.425 +01:00 [INF] Content root path: D:\PFE\CODE-BASE\BACKEND\Shift-Service
2025-06-06 00:12:31.994 +01:00 [INF] Request starting HTTP/1.1 GET https://localhost:7009/api/Group/2 - null null
2025-06-06 00:12:32.060 +01:00 [INF] Executing endpoint 'Shift_Service.Controllers.GroupController.GetGroupById (Shift-Service)'
2025-06-06 00:12:32.083 +01:00 [INF] Route matched with {action = "GetGroupById", controller = "Group"}. Executing controller action with signature System.Threading.Tasks.Task`1[Microsoft.AspNetCore.Mvc.ActionResult] GetGroupById(Int32) on controller Shift_Service.Controllers.GroupController (Shift-Service).
2025-06-06 00:12:33.139 +01:00 [INF] Executed DbCommand (34ms) [Parameters=[@__id_0='?' (DbType = Int32)], CommandType='"Text"', CommandTimeout='30']
SELECT `g`.`id`, `g`.`created_at`, `g`.`is_deleted`, `g`.`name`, `g`.`role`, `g`.`shift_id`, `g`.`updated_at`, `s`.`id`, `s`.`created_at`, `s`.`end_shift`, `s`.`is_deleted`, `s`.`role`, `s`.`start_shift`, `s`.`updated_at`, `s`.`shift_type`
FROM `Groups` AS `g`
INNER JOIN `Shifts` AS `s` ON `g`.`shift_id` = `s`.`id`
WHERE NOT (`g`.`is_deleted`) AND (`g`.`id` = @__id_0)
LIMIT 1
2025-06-06 00:12:33.230 +01:00 [ERR] GROUPE : 2
2025-06-06 00:12:33.242 +01:00 [ERR] GROUPE : Nuit
2025-06-06 00:12:33.332 +01:00 [INF] Executing OkObjectResult, writing value of type 'Shared.Dtos.GroupResposne'.
2025-06-06 00:12:33.405 +01:00 [INF] Executed action Shift_Service.Controllers.GroupController.GetGroupById (Shift-Service) in 1316.4342ms
2025-06-06 00:12:33.435 +01:00 [INF] Executed endpoint 'Shift_Service.Controllers.GroupController.GetGroupById (Shift-Service)'
2025-06-06 00:12:33.465 +01:00 [INF] Request finished HTTP/1.1 GET https://localhost:7009/api/Group/2 - 200 null application/json; charset=utf-8 1471.8556ms
2025-06-06 00:12:44.677 +01:00 [INF] Request starting HTTP/1.1 GET https://localhost:7009/api/Group/2 - null null
2025-06-06 00:12:44.684 +01:00 [INF] Executing endpoint 'Shift_Service.Controllers.GroupController.GetGroupById (Shift-Service)'
2025-06-06 00:12:44.685 +01:00 [INF] Route matched with {action = "GetGroupById", controller = "Group"}. Executing controller action with signature System.Threading.Tasks.Task`1[Microsoft.AspNetCore.Mvc.ActionResult] GetGroupById(Int32) on controller Shift_Service.Controllers.GroupController (Shift-Service).
2025-06-06 00:12:44.724 +01:00 [INF] Executed DbCommand (1ms) [Parameters=[@__id_0='?' (DbType = Int32)], CommandType='"Text"', CommandTimeout='30']
SELECT `g`.`id`, `g`.`created_at`, `g`.`is_deleted`, `g`.`name`, `g`.`role`, `g`.`shift_id`, `g`.`updated_at`, `s`.`id`, `s`.`created_at`, `s`.`end_shift`, `s`.`is_deleted`, `s`.`role`, `s`.`start_shift`, `s`.`updated_at`, `s`.`shift_type`
FROM `Groups` AS `g`
INNER JOIN `Shifts` AS `s` ON `g`.`shift_id` = `s`.`id`
WHERE NOT (`g`.`is_deleted`) AND (`g`.`id` = @__id_0)
LIMIT 1
2025-06-06 00:12:44.727 +01:00 [ERR] GROUPE : 2
2025-06-06 00:12:44.728 +01:00 [ERR] GROUPE : Nuit
2025-06-06 00:12:44.729 +01:00 [INF] Executing OkObjectResult, writing value of type 'Shared.Dtos.GroupResposne'.
2025-06-06 00:12:44.731 +01:00 [INF] Executed action Shift_Service.Controllers.GroupController.GetGroupById (Shift-Service) in 43.39ms
2025-06-06 00:12:44.732 +01:00 [INF] Executed endpoint 'Shift_Service.Controllers.GroupController.GetGroupById (Shift-Service)'
2025-06-06 00:12:44.733 +01:00 [INF] Request finished HTTP/1.1 GET https://localhost:7009/api/Group/2 - 200 null application/json; charset=utf-8 56.4122ms
2025-06-06 00:13:29.252 +01:00 [INF] Request starting HTTP/1.1 GET https://localhost:7009/api/Group/2 - null null
2025-06-06 00:13:29.263 +01:00 [INF] Executing endpoint 'Shift_Service.Controllers.GroupController.GetGroupById (Shift-Service)'
2025-06-06 00:13:29.268 +01:00 [INF] Route matched with {action = "GetGroupById", controller = "Group"}. Executing controller action with signature System.Threading.Tasks.Task`1[Microsoft.AspNetCore.Mvc.ActionResult] GetGroupById(Int32) on controller Shift_Service.Controllers.GroupController (Shift-Service).
2025-06-06 00:13:29.332 +01:00 [INF] Executed DbCommand (1ms) [Parameters=[@__id_0='?' (DbType = Int32)], CommandType='"Text"', CommandTimeout='30']
SELECT `g`.`id`, `g`.`created_at`, `g`.`is_deleted`, `g`.`name`, `g`.`role`, `g`.`shift_id`, `g`.`updated_at`, `s`.`id`, `s`.`created_at`, `s`.`end_shift`, `s`.`is_deleted`, `s`.`role`, `s`.`start_shift`, `s`.`updated_at`, `s`.`shift_type`
FROM `Groups` AS `g`
INNER JOIN `Shifts` AS `s` ON `g`.`shift_id` = `s`.`id`
WHERE NOT (`g`.`is_deleted`) AND (`g`.`id` = @__id_0)
LIMIT 1
2025-06-06 00:13:29.338 +01:00 [ERR] GROUPE : 2
2025-06-06 00:13:29.340 +01:00 [ERR] GROUPE : Nuit
2025-06-06 00:13:29.342 +01:00 [INF] Executing OkObjectResult, writing value of type 'Shared.Dtos.GroupResposne'.
2025-06-06 00:13:29.343 +01:00 [INF] Executed action Shift_Service.Controllers.GroupController.GetGroupById (Shift-Service) in 73.0695ms
2025-06-06 00:13:29.347 +01:00 [INF] Executed endpoint 'Shift_Service.Controllers.GroupController.GetGroupById (Shift-Service)'
2025-06-06 00:13:29.349 +01:00 [INF] Request finished HTTP/1.1 GET https://localhost:7009/api/Group/2 - 200 null application/json; charset=utf-8 97.2095ms
2025-06-06 00:14:12.496 +01:00 [INF] Request starting HTTP/1.1 GET https://localhost:7009/api/Group/1 - null null
2025-06-06 00:14:12.508 +01:00 [INF] Executing endpoint 'Shift_Service.Controllers.GroupController.GetGroupById (Shift-Service)'
2025-06-06 00:14:12.513 +01:00 [INF] Route matched with {action = "GetGroupById", controller = "Group"}. Executing controller action with signature System.Threading.Tasks.Task`1[Microsoft.AspNetCore.Mvc.ActionResult] GetGroupById(Int32) on controller Shift_Service.Controllers.GroupController (Shift-Service).
2025-06-06 00:14:12.555 +01:00 [INF] Executed DbCommand (0ms) [Parameters=[@__id_0='?' (DbType = Int32)], CommandType='"Text"', CommandTimeout='30']
SELECT `g`.`id`, `g`.`created_at`, `g`.`is_deleted`, `g`.`name`, `g`.`role`, `g`.`shift_id`, `g`.`updated_at`, `s`.`id`, `s`.`created_at`, `s`.`end_shift`, `s`.`is_deleted`, `s`.`role`, `s`.`start_shift`, `s`.`updated_at`, `s`.`shift_type`
FROM `Groups` AS `g`
INNER JOIN `Shifts` AS `s` ON `g`.`shift_id` = `s`.`id`
WHERE NOT (`g`.`is_deleted`) AND (`g`.`id` = @__id_0)
LIMIT 1
2025-06-06 00:14:12.570 +01:00 [ERR] GROUPE : 1
2025-06-06 00:14:12.572 +01:00 [ERR] GROUPE : Soir
2025-06-06 00:14:12.584 +01:00 [INF] Executing OkObjectResult, writing value of type 'Shared.Dtos.GroupResposne'.
2025-06-06 00:14:12.594 +01:00 [INF] Executed action Shift_Service.Controllers.GroupController.GetGroupById (Shift-Service) in 51.6165ms
2025-06-06 00:14:12.598 +01:00 [INF] Executed endpoint 'Shift_Service.Controllers.GroupController.GetGroupById (Shift-Service)'
2025-06-06 00:14:12.610 +01:00 [INF] Request finished HTTP/1.1 GET https://localhost:7009/api/Group/1 - 200 null application/json; charset=utf-8 113.917ms
2025-06-06 00:15:38.300 +01:00 [INF] Request starting HTTP/1.1 GET https://localhost:7009/api/Group/2 - null null
2025-06-06 00:15:38.305 +01:00 [INF] Executing endpoint 'Shift_Service.Controllers.GroupController.GetGroupById (Shift-Service)'
2025-06-06 00:15:38.314 +01:00 [INF] Route matched with {action = "GetGroupById", controller = "Group"}. Executing controller action with signature System.Threading.Tasks.Task`1[Microsoft.AspNetCore.Mvc.ActionResult] GetGroupById(Int32) on controller Shift_Service.Controllers.GroupController (Shift-Service).
2025-06-06 00:15:38.332 +01:00 [INF] Executed DbCommand (1ms) [Parameters=[@__id_0='?' (DbType = Int32)], CommandType='"Text"', CommandTimeout='30']
SELECT `g`.`id`, `g`.`created_at`, `g`.`is_deleted`, `g`.`name`, `g`.`role`, `g`.`shift_id`, `g`.`updated_at`, `s`.`id`, `s`.`created_at`, `s`.`end_shift`, `s`.`is_deleted`, `s`.`role`, `s`.`start_shift`, `s`.`updated_at`, `s`.`shift_type`
FROM `Groups` AS `g`
INNER JOIN `Shifts` AS `s` ON `g`.`shift_id` = `s`.`id`
WHERE NOT (`g`.`is_deleted`) AND (`g`.`id` = @__id_0)
LIMIT 1
2025-06-06 00:15:38.335 +01:00 [ERR] GROUPE : 2
2025-06-06 00:15:38.336 +01:00 [ERR] GROUPE : Nuit
2025-06-06 00:15:38.337 +01:00 [INF] Executing OkObjectResult, writing value of type 'Shared.Dtos.GroupResposne'.
2025-06-06 00:15:38.340 +01:00 [INF] Executed action Shift_Service.Controllers.GroupController.GetGroupById (Shift-Service) in 23.3719ms
2025-06-06 00:15:38.342 +01:00 [INF] Executed endpoint 'Shift_Service.Controllers.GroupController.GetGroupById (Shift-Service)'
2025-06-06 00:15:38.343 +01:00 [INF] Request finished HTTP/1.1 GET https://localhost:7009/api/Group/2 - 200 null application/json; charset=utf-8 43.1782ms
2025-06-06 00:17:50.368 +01:00 [INF] Now listening on: https://localhost:7009
2025-06-06 00:17:50.395 +01:00 [INF] Now listening on: http://localhost:5135
2025-06-06 00:17:50.446 +01:00 [INF] Application started. Press Ctrl+C to shut down.
2025-06-06 00:17:50.448 +01:00 [INF] Hosting environment: Development
2025-06-06 00:17:50.449 +01:00 [INF] Content root path: D:\PFE\CODE-BASE\BACKEND\Shift-Service
2025-06-06 00:17:53.306 +01:00 [INF] Request starting HTTP/1.1 GET https://localhost:7009/api/Group/2 - null null
2025-06-06 00:17:53.337 +01:00 [INF] Executing endpoint 'Shift_Service.Controllers.GroupController.GetGroupById (Shift-Service)'
2025-06-06 00:17:53.356 +01:00 [INF] Route matched with {action = "GetGroupById", controller = "Group"}. Executing controller action with signature System.Threading.Tasks.Task`1[Microsoft.AspNetCore.Mvc.ActionResult] GetGroupById(Int32) on controller Shift_Service.Controllers.GroupController (Shift-Service).
2025-06-06 00:17:54.324 +01:00 [INF] Executed DbCommand (29ms) [Parameters=[@__id_0='?' (DbType = Int32)], CommandType='"Text"', CommandTimeout='30']
SELECT `g`.`id`, `g`.`created_at`, `g`.`is_deleted`, `g`.`name`, `g`.`role`, `g`.`shift_id`, `g`.`updated_at`, `s`.`id`, `s`.`created_at`, `s`.`end_shift`, `s`.`is_deleted`, `s`.`role`, `s`.`start_shift`, `s`.`updated_at`, `s`.`shift_type`
FROM `Groups` AS `g`
INNER JOIN `Shifts` AS `s` ON `g`.`shift_id` = `s`.`id`
WHERE NOT (`g`.`is_deleted`) AND (`g`.`id` = @__id_0)
LIMIT 1
2025-06-06 00:17:54.431 +01:00 [ERR] GROUPE : 2
2025-06-06 00:17:54.445 +01:00 [ERR] GROUPE : Nuit
2025-06-06 00:17:54.536 +01:00 [INF] Executing OkObjectResult, writing value of type 'Shared.Dtos.GroupResposne'.
2025-06-06 00:17:54.585 +01:00 [INF] Executed action Shift_Service.Controllers.GroupController.GetGroupById (Shift-Service) in 1223.3163ms
2025-06-06 00:17:54.631 +01:00 [INF] Executed endpoint 'Shift_Service.Controllers.GroupController.GetGroupById (Shift-Service)'
2025-06-06 00:17:54.654 +01:00 [INF] Request finished HTTP/1.1 GET https://localhost:7009/api/Group/2 - 200 null application/json; charset=utf-8 1349.5187ms
2025-06-06 00:19:18.596 +01:00 [INF] Now listening on: https://localhost:7009
2025-06-06 00:19:18.627 +01:00 [INF] Now listening on: http://localhost:5135
2025-06-06 00:19:18.677 +01:00 [INF] Application started. Press Ctrl+C to shut down.
2025-06-06 00:19:18.680 +01:00 [INF] Hosting environment: Development
2025-06-06 00:19:18.680 +01:00 [INF] Content root path: D:\PFE\CODE-BASE\BACKEND\Shift-Service
2025-06-06 00:19:23.235 +01:00 [INF] Request starting HTTP/1.1 GET https://localhost:7009/api/Group/2 - null null
2025-06-06 00:19:23.320 +01:00 [INF] Executing endpoint 'Shift_Service.Controllers.GroupController.GetGroupById (Shift-Service)'
2025-06-06 00:19:23.401 +01:00 [INF] Route matched with {action = "GetGroupById", controller = "Group"}. Executing controller action with signature System.Threading.Tasks.Task`1[Microsoft.AspNetCore.Mvc.ActionResult] GetGroupById(Int32) on controller Shift_Service.Controllers.GroupController (Shift-Service).
2025-06-06 00:19:24.320 +01:00 [INF] Executed DbCommand (30ms) [Parameters=[@__id_0='?' (DbType = Int32)], CommandType='"Text"', CommandTimeout='30']
SELECT `g`.`id`, `g`.`created_at`, `g`.`is_deleted`, `g`.`name`, `g`.`role`, `g`.`shift_id`, `g`.`updated_at`, `s`.`id`, `s`.`created_at`, `s`.`end_shift`, `s`.`is_deleted`, `s`.`role`, `s`.`start_shift`, `s`.`updated_at`, `s`.`shift_type`
FROM `Groups` AS `g`
INNER JOIN `Shifts` AS `s` ON `g`.`shift_id` = `s`.`id`
WHERE NOT (`g`.`is_deleted`) AND (`g`.`id` = @__id_0)
LIMIT 1
2025-06-06 00:19:24.481 +01:00 [ERR] GROUPE : 2
2025-06-06 00:19:24.483 +01:00 [ERR] GROUPE : Nuit
2025-06-06 00:19:24.558 +01:00 [INF] Executing OkObjectResult, writing value of type 'Shared.Dtos.GroupResposne'.
2025-06-06 00:19:24.576 +01:00 [INF] Executed action Shift_Service.Controllers.GroupController.GetGroupById (Shift-Service) in 1168.4702ms
2025-06-06 00:19:24.581 +01:00 [INF] Executed endpoint 'Shift_Service.Controllers.GroupController.GetGroupById (Shift-Service)'
2025-06-06 00:19:24.590 +01:00 [INF] Request finished HTTP/1.1 GET https://localhost:7009/api/Group/2 - 200 null application/json; charset=utf-8 1356.1446ms
2025-06-06 00:21:08.097 +01:00 [INF] Now listening on: https://localhost:7009
2025-06-06 00:21:08.122 +01:00 [INF] Now listening on: http://localhost:5135
2025-06-06 00:21:08.181 +01:00 [INF] Application started. Press Ctrl+C to shut down.
2025-06-06 00:21:08.183 +01:00 [INF] Hosting environment: Development
2025-06-06 00:21:08.184 +01:00 [INF] Content root path: D:\PFE\CODE-BASE\BACKEND\Shift-Service
2025-06-06 00:21:12.148 +01:00 [INF] Request starting HTTP/1.1 GET https://localhost:7009/api/Group/2 - null null
2025-06-06 00:21:12.186 +01:00 [INF] Executing endpoint 'Shift_Service.Controllers.GroupController.GetGroupById (Shift-Service)'
2025-06-06 00:21:12.203 +01:00 [INF] Route matched with {action = "GetGroupById", controller = "Group"}. Executing controller action with signature System.Threading.Tasks.Task`1[Microsoft.AspNetCore.Mvc.ActionResult] GetGroupById(Int32) on controller Shift_Service.Controllers.GroupController (Shift-Service).
2025-06-06 00:21:13.199 +01:00 [INF] Executed DbCommand (32ms) [Parameters=[@__id_0='?' (DbType = Int32)], CommandType='"Text"', CommandTimeout='30']
SELECT `g`.`id`, `g`.`created_at`, `g`.`is_deleted`, `g`.`name`, `g`.`role`, `g`.`shift_id`, `g`.`updated_at`, `s`.`id`, `s`.`created_at`, `s`.`end_shift`, `s`.`is_deleted`, `s`.`role`, `s`.`start_shift`, `s`.`updated_at`, `s`.`shift_type`
FROM `Groups` AS `g`
INNER JOIN `Shifts` AS `s` ON `g`.`shift_id` = `s`.`id`
WHERE NOT (`g`.`is_deleted`) AND (`g`.`id` = @__id_0)
LIMIT 1
2025-06-06 00:21:13.308 +01:00 [ERR] GROUPE : 2
2025-06-06 00:21:13.311 +01:00 [ERR] GROUPE : Nuit
2025-06-06 00:21:13.387 +01:00 [INF] Executing OkObjectResult, writing value of type 'Shared.Dtos.GroupResposne'.
2025-06-06 00:21:13.404 +01:00 [INF] Executed action Shift_Service.Controllers.GroupController.GetGroupById (Shift-Service) in 1195.6898ms
2025-06-06 00:21:13.408 +01:00 [INF] Executed endpoint 'Shift_Service.Controllers.GroupController.GetGroupById (Shift-Service)'
2025-06-06 00:21:13.416 +01:00 [INF] Request finished HTTP/1.1 GET https://localhost:7009/api/Group/2 - 200 null application/json; charset=utf-8 1269.9401ms
2025-06-06 00:21:16.899 +01:00 [INF] Request starting HTTP/1.1 GET https://localhost:7009/api/Group/2 - null null
2025-06-06 00:21:16.909 +01:00 [INF] Executing endpoint 'Shift_Service.Controllers.GroupController.GetGroupById (Shift-Service)'
2025-06-06 00:21:16.912 +01:00 [INF] Route matched with {action = "GetGroupById", controller = "Group"}. Executing controller action with signature System.Threading.Tasks.Task`1[Microsoft.AspNetCore.Mvc.ActionResult] GetGroupById(Int32) on controller Shift_Service.Controllers.GroupController (Shift-Service).
2025-06-06 00:21:16.958 +01:00 [INF] Executed DbCommand (1ms) [Parameters=[@__id_0='?' (DbType = Int32)], CommandType='"Text"', CommandTimeout='30']
SELECT `g`.`id`, `g`.`created_at`, `g`.`is_deleted`, `g`.`name`, `g`.`role`, `g`.`shift_id`, `g`.`updated_at`, `s`.`id`, `s`.`created_at`, `s`.`end_shift`, `s`.`is_deleted`, `s`.`role`, `s`.`start_shift`, `s`.`updated_at`, `s`.`shift_type`
FROM `Groups` AS `g`
INNER JOIN `Shifts` AS `s` ON `g`.`shift_id` = `s`.`id`
WHERE NOT (`g`.`is_deleted`) AND (`g`.`id` = @__id_0)
LIMIT 1
2025-06-06 00:21:16.962 +01:00 [ERR] GROUPE : 2
2025-06-06 00:21:16.963 +01:00 [ERR] GROUPE : Nuit
2025-06-06 00:21:16.964 +01:00 [INF] Executing OkObjectResult, writing value of type 'Shared.Dtos.GroupResposne'.
2025-06-06 00:21:16.966 +01:00 [INF] Executed action Shift_Service.Controllers.GroupController.GetGroupById (Shift-Service) in 49.0694ms
2025-06-06 00:21:16.967 +01:00 [INF] Executed endpoint 'Shift_Service.Controllers.GroupController.GetGroupById (Shift-Service)'
2025-06-06 00:21:16.968 +01:00 [INF] Request finished HTTP/1.1 GET https://localhost:7009/api/Group/2 - 200 null application/json; charset=utf-8 68.9217ms
2025-06-06 18:24:41.619 +01:00 [INF] Now listening on: https://localhost:7009
2025-06-06 18:24:41.652 +01:00 [INF] Now listening on: http://localhost:5135
2025-06-06 18:24:41.706 +01:00 [INF] Application started. Press Ctrl+C to shut down.
2025-06-06 18:24:41.710 +01:00 [INF] Hosting environment: Development
2025-06-06 18:24:41.712 +01:00 [INF] Content root path: D:\PFE\CODE-BASE\BACKEND\Shift-Service
2025-06-06 18:26:04.279 +01:00 [INF] Request starting HTTP/1.1 GET https://localhost:7009/api/Group/shift?shift=matin - null null
2025-06-06 18:26:04.315 +01:00 [INF] Executing endpoint 'Shift_Service.Controllers.GroupController.GetGroupsByshift (Shift-Service)'
2025-06-06 18:26:04.341 +01:00 [INF] Route matched with {action = "GetGroupsByshift", controller = "Group"}. Executing controller action with signature System.Threading.Tasks.Task`1[Microsoft.AspNetCore.Mvc.ActionResult] GetGroupsByshift(System.String) on controller Shift_Service.Controllers.GroupController (Shift-Service).
2025-06-06 18:26:05.736 +01:00 [INF] Executed DbCommand (42ms) [Parameters=[@__shift_0='?' (Size = 4000)], CommandType='"Text"', CommandTimeout='30']
SELECT `g`.`id`, `g`.`created_at`, `g`.`is_deleted`, `g`.`name`, `g`.`role`, `g`.`shift_id`, `g`.`updated_at`, `s`.`id`, `s`.`created_at`, `s`.`end_shift`, `s`.`is_deleted`, `s`.`role`, `s`.`start_shift`, `s`.`updated_at`, `s`.`shift_type`
FROM `Groups` AS `g`
INNER JOIN `Shifts` AS `s` ON `g`.`shift_id` = `s`.`id`
WHERE NOT (`g`.`is_deleted`) AND (CAST(`s`.`shift_type` AS char) = @__shift_0)
2025-06-06 18:26:05.926 +01:00 [INF] Executing OkObjectResult, writing value of type 'Shared.Dtos.GroupResposne'.
2025-06-06 18:26:05.941 +01:00 [INF] Executed action Shift_Service.Controllers.GroupController.GetGroupsByshift (Shift-Service) in 1594.4552ms
2025-06-06 18:26:05.944 +01:00 [INF] Executed endpoint 'Shift_Service.Controllers.GroupController.GetGroupsByshift (Shift-Service)'
2025-06-06 18:26:05.953 +01:00 [INF] Request finished HTTP/1.1 GET https://localhost:7009/api/Group/shift?shift=matin - 200 null application/json; charset=utf-8 1679.5617ms
2025-06-06 18:26:50.859 +01:00 [INF] Request starting HTTP/1.1 GET https://localhost:7009/api/Group - null null
2025-06-06 18:26:50.867 +01:00 [INF] Executing endpoint 'Shift_Service.Controllers.GroupController.GetAllGroups (Shift-Service)'
2025-06-06 18:26:50.910 +01:00 [INF] Route matched with {action = "GetAllGroups", controller = "Group"}. Executing controller action with signature Microsoft.AspNetCore.Mvc.ActionResult GetAllGroups(Gridify.GridifyQuery) on controller Shift_Service.Controllers.GroupController (Shift-Service).
2025-06-06 18:26:50.987 +01:00 [INF] Executed DbCommand (3ms) [Parameters=[], CommandType='"Text"', CommandTimeout='30']
SELECT COUNT(*)
FROM `Groups` AS `g`
WHERE NOT (`g`.`is_deleted`)
2025-06-06 18:26:50.996 +01:00 [WRN] The query uses a row limiting operator ('Skip'/'Take') without an 'OrderBy' operator. This may lead to unpredictable results. If the 'Distinct' operator is used after 'OrderBy', then make sure to use the 'OrderBy' operator after 'Distinct' as the ordering would otherwise get erased.
2025-06-06 18:26:50.997 +01:00 [WRN] The query uses a row limiting operator ('Skip'/'Take') without an 'OrderBy' operator. This may lead to unpredictable results. If the 'Distinct' operator is used after 'OrderBy', then make sure to use the 'OrderBy' operator after 'Distinct' as the ordering would otherwise get erased.
2025-06-06 18:26:51.016 +01:00 [INF] Executed DbCommand (5ms) [Parameters=[@__p_1='?' (DbType = Int32), @__p_0='?' (DbType = Int32)], CommandType='"Text"', CommandTimeout='30']
SELECT `g0`.`id`, `g0`.`created_at`, `g0`.`is_deleted`, `g0`.`name`, `g0`.`role`, `g0`.`shift_id`, `g0`.`updated_at`, `s`.`id`, `s`.`created_at`, `s`.`end_shift`, `s`.`is_deleted`, `s`.`role`, `s`.`start_shift`, `s`.`updated_at`, `s`.`shift_type`
FROM (
    SELECT `g`.`id`, `g`.`created_at`, `g`.`is_deleted`, `g`.`name`, `g`.`role`, `g`.`shift_id`, `g`.`updated_at`
    FROM `Groups` AS `g`
    WHERE NOT (`g`.`is_deleted`)
    LIMIT @__p_1 OFFSET @__p_0
) AS `g0`
INNER JOIN `Shifts` AS `s` ON `g0`.`shift_id` = `s`.`id`
2025-06-06 18:26:51.032 +01:00 [INF] Executing OkObjectResult, writing value of type 'Gridify.Paging`1[[Shared.Dtos.GroupResposne, Shared, Version=1.0.0.0, Culture=neutral, PublicKeyToken=null]]'.
2025-06-06 18:26:51.053 +01:00 [INF] Executed action Shift_Service.Controllers.GroupController.GetAllGroups (Shift-Service) in 141.7336ms
2025-06-06 18:26:51.055 +01:00 [INF] Executed endpoint 'Shift_Service.Controllers.GroupController.GetAllGroups (Shift-Service)'
2025-06-06 18:26:51.057 +01:00 [INF] Request finished HTTP/1.1 GET https://localhost:7009/api/Group - 200 null application/json; charset=utf-8 197.547ms
2025-06-06 18:27:06.593 +01:00 [INF] Request starting HTTP/1.1 GET https://localhost:7009/api/Group/shift?shift=Matin - null null
2025-06-06 18:27:06.596 +01:00 [INF] Executing endpoint 'Shift_Service.Controllers.GroupController.GetGroupsByshift (Shift-Service)'
2025-06-06 18:27:06.597 +01:00 [INF] Route matched with {action = "GetGroupsByshift", controller = "Group"}. Executing controller action with signature System.Threading.Tasks.Task`1[Microsoft.AspNetCore.Mvc.ActionResult] GetGroupsByshift(System.String) on controller Shift_Service.Controllers.GroupController (Shift-Service).
2025-06-06 18:27:06.670 +01:00 [INF] Executed DbCommand (1ms) [Parameters=[@__shift_0='?' (Size = 4000)], CommandType='"Text"', CommandTimeout='30']
SELECT `g`.`id`, `g`.`created_at`, `g`.`is_deleted`, `g`.`name`, `g`.`role`, `g`.`shift_id`, `g`.`updated_at`, `s`.`id`, `s`.`created_at`, `s`.`end_shift`, `s`.`is_deleted`, `s`.`role`, `s`.`start_shift`, `s`.`updated_at`, `s`.`shift_type`
FROM `Groups` AS `g`
INNER JOIN `Shifts` AS `s` ON `g`.`shift_id` = `s`.`id`
WHERE NOT (`g`.`is_deleted`) AND (CAST(`s`.`shift_type` AS char) = @__shift_0)
2025-06-06 18:27:06.674 +01:00 [INF] Executing OkObjectResult, writing value of type 'Shared.Dtos.GroupResposne'.
2025-06-06 18:27:06.676 +01:00 [INF] Executed action Shift_Service.Controllers.GroupController.GetGroupsByshift (Shift-Service) in 77.5751ms
2025-06-06 18:27:06.677 +01:00 [INF] Executed endpoint 'Shift_Service.Controllers.GroupController.GetGroupsByshift (Shift-Service)'
2025-06-06 18:27:06.678 +01:00 [INF] Request finished HTTP/1.1 GET https://localhost:7009/api/Group/shift?shift=Matin - 200 null application/json; charset=utf-8 85.0328ms
2025-06-06 18:27:57.564 +01:00 [INF] Request starting HTTP/1.1 GET https://localhost:7009/api/Group/shift?shift=Matin - null null
2025-06-06 18:27:57.578 +01:00 [INF] Executing endpoint 'Shift_Service.Controllers.GroupController.GetGroupsByshift (Shift-Service)'
2025-06-06 18:27:57.587 +01:00 [INF] Route matched with {action = "GetGroupsByshift", controller = "Group"}. Executing controller action with signature System.Threading.Tasks.Task`1[Microsoft.AspNetCore.Mvc.ActionResult] GetGroupsByshift(System.String) on controller Shift_Service.Controllers.GroupController (Shift-Service).
2025-06-06 18:27:57.617 +01:00 [INF] Executed DbCommand (1ms) [Parameters=[@__shift_0='?' (Size = 4000)], CommandType='"Text"', CommandTimeout='30']
SELECT `g`.`id`, `g`.`created_at`, `g`.`is_deleted`, `g`.`name`, `g`.`role`, `g`.`shift_id`, `g`.`updated_at`, `s`.`id`, `s`.`created_at`, `s`.`end_shift`, `s`.`is_deleted`, `s`.`role`, `s`.`start_shift`, `s`.`updated_at`, `s`.`shift_type`
FROM `Groups` AS `g`
INNER JOIN `Shifts` AS `s` ON `g`.`shift_id` = `s`.`id`
WHERE NOT (`g`.`is_deleted`) AND (CAST(`s`.`shift_type` AS char) = @__shift_0)
2025-06-06 18:27:57.620 +01:00 [INF] Executing OkObjectResult, writing value of type 'Shared.Dtos.GroupResposne'.
2025-06-06 18:27:57.626 +01:00 [INF] Executed action Shift_Service.Controllers.GroupController.GetGroupsByshift (Shift-Service) in 35.1916ms
2025-06-06 18:27:57.628 +01:00 [INF] Executed endpoint 'Shift_Service.Controllers.GroupController.GetGroupsByshift (Shift-Service)'
2025-06-06 18:27:57.630 +01:00 [INF] Request finished HTTP/1.1 GET https://localhost:7009/api/Group/shift?shift=Matin - 200 null application/json; charset=utf-8 66.4244ms
2025-06-06 18:28:01.195 +01:00 [INF] Request starting HTTP/1.1 GET https://localhost:7009/api/Group/shift?shift=matin - null null
2025-06-06 18:28:01.200 +01:00 [INF] Executing endpoint 'Shift_Service.Controllers.GroupController.GetGroupsByshift (Shift-Service)'
2025-06-06 18:28:01.201 +01:00 [INF] Route matched with {action = "GetGroupsByshift", controller = "Group"}. Executing controller action with signature System.Threading.Tasks.Task`1[Microsoft.AspNetCore.Mvc.ActionResult] GetGroupsByshift(System.String) on controller Shift_Service.Controllers.GroupController (Shift-Service).
2025-06-06 18:28:01.217 +01:00 [INF] Executed DbCommand (0ms) [Parameters=[@__shift_0='?' (Size = 4000)], CommandType='"Text"', CommandTimeout='30']
SELECT `g`.`id`, `g`.`created_at`, `g`.`is_deleted`, `g`.`name`, `g`.`role`, `g`.`shift_id`, `g`.`updated_at`, `s`.`id`, `s`.`created_at`, `s`.`end_shift`, `s`.`is_deleted`, `s`.`role`, `s`.`start_shift`, `s`.`updated_at`, `s`.`shift_type`
FROM `Groups` AS `g`
INNER JOIN `Shifts` AS `s` ON `g`.`shift_id` = `s`.`id`
WHERE NOT (`g`.`is_deleted`) AND (CAST(`s`.`shift_type` AS char) = @__shift_0)
2025-06-06 18:28:01.219 +01:00 [INF] Executing OkObjectResult, writing value of type 'Shared.Dtos.GroupResposne'.
2025-06-06 18:28:01.221 +01:00 [INF] Executed action Shift_Service.Controllers.GroupController.GetGroupsByshift (Shift-Service) in 18.4261ms
2025-06-06 18:28:01.223 +01:00 [INF] Executed endpoint 'Shift_Service.Controllers.GroupController.GetGroupsByshift (Shift-Service)'
2025-06-06 18:28:01.225 +01:00 [INF] Request finished HTTP/1.1 GET https://localhost:7009/api/Group/shift?shift=matin - 200 null application/json; charset=utf-8 30.1244ms
2025-06-06 18:28:21.118 +01:00 [INF] Request starting HTTP/2 GET https://localhost:7009/scalar/v1 - null null
2025-06-06 18:28:21.247 +01:00 [INF] Executing endpoint 'HTTP: GET /scalar/{documentName?}'
2025-06-06 18:28:21.292 +01:00 [INF] Write content with HTTP Response ContentType of text/html
2025-06-06 18:28:21.300 +01:00 [INF] Executed endpoint 'HTTP: GET /scalar/{documentName?}'
2025-06-06 18:28:21.312 +01:00 [INF] Request finished HTTP/2 GET https://localhost:7009/scalar/v1 - 200 null text/html 194.1795ms
2025-06-06 18:28:21.322 +01:00 [INF] Request starting HTTP/2 GET https://localhost:7009/scalar/scalar.js - null null
2025-06-06 18:28:21.323 +01:00 [INF] Request starting HTTP/2 GET https://localhost:7009/scalar/scalar.aspnetcore.js - null null
2025-06-06 18:28:21.323 +01:00 [INF] Request starting HTTP/2 GET https://localhost:7009/_framework/aspnetcore-browser-refresh.js - null null
2025-06-06 18:28:21.329 +01:00 [INF] Executing endpoint 'HTTP: GET /scalar/scalar.js'
2025-06-06 18:28:21.377 +01:00 [INF] Request starting HTTP/2 GET https://localhost:7009/_vs/browserLink - null null
2025-06-06 18:28:21.378 +01:00 [INF] CORS policy execution failed.
2025-06-06 18:28:21.421 +01:00 [INF] Setting HTTP status code 304.
2025-06-06 18:28:21.431 +01:00 [INF] Executed endpoint 'HTTP: GET /scalar/scalar.js'
2025-06-06 18:28:21.421 +01:00 [INF] Request finished HTTP/2 GET https://localhost:7009/_framework/aspnetcore-browser-refresh.js - 200 13778 application/javascript; charset=utf-8 97.92ms
2025-06-06 18:28:21.428 +01:00 [INF] Request origin https://localhost:7009 does not have permission to access the resource.
2025-06-06 18:28:21.433 +01:00 [INF] Request finished HTTP/2 GET https://localhost:7009/scalar/scalar.js - 304 null null 110.6603ms
2025-06-06 18:28:21.442 +01:00 [INF] Executing endpoint 'HTTP: GET /scalar/scalar.aspnetcore.js'
2025-06-06 18:28:21.449 +01:00 [INF] Setting HTTP status code 304.
2025-06-06 18:28:21.451 +01:00 [INF] Executed endpoint 'HTTP: GET /scalar/scalar.aspnetcore.js'
2025-06-06 18:28:21.454 +01:00 [INF] Request finished HTTP/2 GET https://localhost:7009/scalar/scalar.aspnetcore.js - 304 null null 131.6434ms
2025-06-06 18:28:21.475 +01:00 [INF] Request finished HTTP/2 GET https://localhost:7009/_vs/browserLink - 200 null text/javascript; charset=UTF-8 98.2551ms
2025-06-06 18:28:21.502 +01:00 [INF] Request starting HTTP/2 GET https://localhost:7009/openapi/v1.json - null null
2025-06-06 18:28:21.508 +01:00 [INF] Executing endpoint 'HTTP: GET /openapi/{documentName}.json'
2025-06-06 18:28:21.639 +01:00 [INF] Executed endpoint 'HTTP: GET /openapi/{documentName}.json'
2025-06-06 18:28:21.645 +01:00 [INF] Request finished HTTP/2 GET https://localhost:7009/openapi/v1.json - 200 null application/json;charset=utf-8 142.9296ms
2025-06-06 18:28:22.260 +01:00 [INF] Request starting HTTP/2 GET https://localhost:7009/favicon.ico - null null
2025-06-06 18:28:22.264 +01:00 [INF] Request finished HTTP/2 GET https://localhost:7009/favicon.ico - 404 0 null 4.0613ms
2025-06-06 18:28:22.270 +01:00 [INF] Request reached the end of the middleware pipeline without being handled by application code. Request path: GET https://localhost:7009/favicon.ico, Response status code: 404
2025-06-06 18:28:42.003 +01:00 [INF] Request starting HTTP/2 GET https://localhost:7009/api/Group/shift?shift=soir - null null
2025-06-06 18:28:42.015 +01:00 [INF] Executing endpoint 'Shift_Service.Controllers.GroupController.GetGroupsByshift (Shift-Service)'
2025-06-06 18:28:42.027 +01:00 [INF] Route matched with {action = "GetGroupsByshift", controller = "Group"}. Executing controller action with signature System.Threading.Tasks.Task`1[Microsoft.AspNetCore.Mvc.ActionResult] GetGroupsByshift(System.String) on controller Shift_Service.Controllers.GroupController (Shift-Service).
2025-06-06 18:28:42.087 +01:00 [INF] Executed DbCommand (1ms) [Parameters=[@__shift_0='?' (Size = 4000)], CommandType='"Text"', CommandTimeout='30']
SELECT `g`.`id`, `g`.`created_at`, `g`.`is_deleted`, `g`.`name`, `g`.`role`, `g`.`shift_id`, `g`.`updated_at`, `s`.`id`, `s`.`created_at`, `s`.`end_shift`, `s`.`is_deleted`, `s`.`role`, `s`.`start_shift`, `s`.`updated_at`, `s`.`shift_type`
FROM `Groups` AS `g`
INNER JOIN `Shifts` AS `s` ON `g`.`shift_id` = `s`.`id`
WHERE NOT (`g`.`is_deleted`) AND (CAST(`s`.`shift_type` AS char) = @__shift_0)
2025-06-06 18:28:42.091 +01:00 [INF] Executing OkObjectResult, writing value of type 'Shared.Dtos.GroupResposne'.
2025-06-06 18:28:42.093 +01:00 [INF] Executed action Shift_Service.Controllers.GroupController.GetGroupsByshift (Shift-Service) in 45.0408ms
2025-06-06 18:28:42.115 +01:00 [INF] Executed endpoint 'Shift_Service.Controllers.GroupController.GetGroupsByshift (Shift-Service)'
2025-06-06 18:28:42.116 +01:00 [INF] Request finished HTTP/2 GET https://localhost:7009/api/Group/shift?shift=soir - 200 null application/json; charset=utf-8 113.4561ms
2025-06-06 18:29:21.775 +01:00 [INF] Request starting HTTP/2 GET https://localhost:7009/api/Group - null null
2025-06-06 18:29:21.804 +01:00 [INF] Executing endpoint 'Shift_Service.Controllers.GroupController.GetAllGroups (Shift-Service)'
2025-06-06 18:29:21.807 +01:00 [INF] Route matched with {action = "GetAllGroups", controller = "Group"}. Executing controller action with signature Microsoft.AspNetCore.Mvc.ActionResult GetAllGroups(Gridify.GridifyQuery) on controller Shift_Service.Controllers.GroupController (Shift-Service).
2025-06-06 18:29:21.831 +01:00 [INF] Executed DbCommand (0ms) [Parameters=[], CommandType='"Text"', CommandTimeout='30']
SELECT COUNT(*)
FROM `Groups` AS `g`
WHERE NOT (`g`.`is_deleted`)
2025-06-06 18:29:21.834 +01:00 [INF] Executed DbCommand (0ms) [Parameters=[@__p_1='?' (DbType = Int32), @__p_0='?' (DbType = Int32)], CommandType='"Text"', CommandTimeout='30']
SELECT `g0`.`id`, `g0`.`created_at`, `g0`.`is_deleted`, `g0`.`name`, `g0`.`role`, `g0`.`shift_id`, `g0`.`updated_at`, `s`.`id`, `s`.`created_at`, `s`.`end_shift`, `s`.`is_deleted`, `s`.`role`, `s`.`start_shift`, `s`.`updated_at`, `s`.`shift_type`
FROM (
    SELECT `g`.`id`, `g`.`created_at`, `g`.`is_deleted`, `g`.`name`, `g`.`role`, `g`.`shift_id`, `g`.`updated_at`
    FROM `Groups` AS `g`
    WHERE NOT (`g`.`is_deleted`)
    LIMIT @__p_1 OFFSET @__p_0
) AS `g0`
INNER JOIN `Shifts` AS `s` ON `g0`.`shift_id` = `s`.`id`
2025-06-06 18:29:21.837 +01:00 [INF] Executing OkObjectResult, writing value of type 'Gridify.Paging`1[[Shared.Dtos.GroupResposne, Shared, Version=1.0.0.0, Culture=neutral, PublicKeyToken=null]]'.
2025-06-06 18:29:21.838 +01:00 [INF] Executed action Shift_Service.Controllers.GroupController.GetAllGroups (Shift-Service) in 24.0704ms
2025-06-06 18:29:21.839 +01:00 [INF] Executed endpoint 'Shift_Service.Controllers.GroupController.GetAllGroups (Shift-Service)'
2025-06-06 18:29:21.840 +01:00 [INF] Request finished HTTP/2 GET https://localhost:7009/api/Group - 200 null application/json; charset=utf-8 64.7332ms
2025-06-06 18:29:58.450 +01:00 [INF] Request starting HTTP/1.1 GET https://localhost:7009/api/Group/shift?shift=Matin - null null
2025-06-06 18:29:58.452 +01:00 [INF] Executing endpoint 'Shift_Service.Controllers.GroupController.GetGroupsByshift (Shift-Service)'
2025-06-06 18:29:58.453 +01:00 [INF] Route matched with {action = "GetGroupsByshift", controller = "Group"}. Executing controller action with signature System.Threading.Tasks.Task`1[Microsoft.AspNetCore.Mvc.ActionResult] GetGroupsByshift(System.String) on controller Shift_Service.Controllers.GroupController (Shift-Service).
2025-06-06 18:29:58.468 +01:00 [INF] Executed DbCommand (0ms) [Parameters=[@__shift_0='?' (Size = 4000)], CommandType='"Text"', CommandTimeout='30']
SELECT `g`.`id`, `g`.`created_at`, `g`.`is_deleted`, `g`.`name`, `g`.`role`, `g`.`shift_id`, `g`.`updated_at`, `s`.`id`, `s`.`created_at`, `s`.`end_shift`, `s`.`is_deleted`, `s`.`role`, `s`.`start_shift`, `s`.`updated_at`, `s`.`shift_type`
FROM `Groups` AS `g`
INNER JOIN `Shifts` AS `s` ON `g`.`shift_id` = `s`.`id`
WHERE NOT (`g`.`is_deleted`) AND (CAST(`s`.`shift_type` AS char) = @__shift_0)
2025-06-06 18:29:58.470 +01:00 [INF] Executing OkObjectResult, writing value of type 'Shared.Dtos.GroupResposne'.
2025-06-06 18:29:58.471 +01:00 [INF] Executed action Shift_Service.Controllers.GroupController.GetGroupsByshift (Shift-Service) in 16.9087ms
2025-06-06 18:29:58.472 +01:00 [INF] Executed endpoint 'Shift_Service.Controllers.GroupController.GetGroupsByshift (Shift-Service)'
2025-06-06 18:29:58.473 +01:00 [INF] Request finished HTTP/1.1 GET https://localhost:7009/api/Group/shift?shift=Matin - 200 null application/json; charset=utf-8 23.2871ms
2025-06-06 18:30:10.197 +01:00 [INF] Request starting HTTP/2 GET https://localhost:7009/api/Group/shift?shift=Soir - null null
2025-06-06 18:30:10.213 +01:00 [INF] Executing endpoint 'Shift_Service.Controllers.GroupController.GetGroupsByshift (Shift-Service)'
2025-06-06 18:30:10.215 +01:00 [INF] Route matched with {action = "GetGroupsByshift", controller = "Group"}. Executing controller action with signature System.Threading.Tasks.Task`1[Microsoft.AspNetCore.Mvc.ActionResult] GetGroupsByshift(System.String) on controller Shift_Service.Controllers.GroupController (Shift-Service).
2025-06-06 18:30:10.240 +01:00 [INF] Executed DbCommand (1ms) [Parameters=[@__shift_0='?' (Size = 4000)], CommandType='"Text"', CommandTimeout='30']
SELECT `g`.`id`, `g`.`created_at`, `g`.`is_deleted`, `g`.`name`, `g`.`role`, `g`.`shift_id`, `g`.`updated_at`, `s`.`id`, `s`.`created_at`, `s`.`end_shift`, `s`.`is_deleted`, `s`.`role`, `s`.`start_shift`, `s`.`updated_at`, `s`.`shift_type`
FROM `Groups` AS `g`
INNER JOIN `Shifts` AS `s` ON `g`.`shift_id` = `s`.`id`
WHERE NOT (`g`.`is_deleted`) AND (CAST(`s`.`shift_type` AS char) = @__shift_0)
2025-06-06 18:30:10.250 +01:00 [INF] Executing OkObjectResult, writing value of type 'Shared.Dtos.GroupResposne'.
2025-06-06 18:30:10.252 +01:00 [INF] Executed action Shift_Service.Controllers.GroupController.GetGroupsByshift (Shift-Service) in 33.8028ms
2025-06-06 18:30:10.254 +01:00 [INF] Executed endpoint 'Shift_Service.Controllers.GroupController.GetGroupsByshift (Shift-Service)'
2025-06-06 18:30:10.255 +01:00 [INF] Request finished HTTP/2 GET https://localhost:7009/api/Group/shift?shift=Soir - 200 null application/json; charset=utf-8 58.6043ms
2025-06-06 18:31:03.734 +01:00 [INF] Request starting HTTP/1.1 GET https://localhost:7009/api/Group/shift?shift=Nuit - null null
2025-06-06 18:31:03.737 +01:00 [INF] Executing endpoint 'Shift_Service.Controllers.GroupController.GetGroupsByshift (Shift-Service)'
2025-06-06 18:31:03.739 +01:00 [INF] Route matched with {action = "GetGroupsByshift", controller = "Group"}. Executing controller action with signature System.Threading.Tasks.Task`1[Microsoft.AspNetCore.Mvc.ActionResult] GetGroupsByshift(System.String) on controller Shift_Service.Controllers.GroupController (Shift-Service).
2025-06-06 18:31:03.753 +01:00 [INF] Executed DbCommand (1ms) [Parameters=[@__shift_0='?' (Size = 4000)], CommandType='"Text"', CommandTimeout='30']
SELECT `g`.`id`, `g`.`created_at`, `g`.`is_deleted`, `g`.`name`, `g`.`role`, `g`.`shift_id`, `g`.`updated_at`, `s`.`id`, `s`.`created_at`, `s`.`end_shift`, `s`.`is_deleted`, `s`.`role`, `s`.`start_shift`, `s`.`updated_at`, `s`.`shift_type`
FROM `Groups` AS `g`
INNER JOIN `Shifts` AS `s` ON `g`.`shift_id` = `s`.`id`
WHERE NOT (`g`.`is_deleted`) AND (CAST(`s`.`shift_type` AS char) = @__shift_0)
2025-06-06 18:31:03.756 +01:00 [INF] Executing OkObjectResult, writing value of type 'Shared.Dtos.GroupResposne'.
2025-06-06 18:31:03.757 +01:00 [INF] Executed action Shift_Service.Controllers.GroupController.GetGroupsByshift (Shift-Service) in 16.5919ms
2025-06-06 18:31:03.758 +01:00 [INF] Executed endpoint 'Shift_Service.Controllers.GroupController.GetGroupsByshift (Shift-Service)'
2025-06-06 18:31:03.759 +01:00 [INF] Request finished HTTP/1.1 GET https://localhost:7009/api/Group/shift?shift=Nuit - 200 null application/json; charset=utf-8 25.2716ms
2025-06-06 18:38:42.053 +01:00 [INF] Now listening on: https://localhost:7009
2025-06-06 18:38:42.089 +01:00 [INF] Now listening on: http://localhost:5135
2025-06-06 18:38:42.142 +01:00 [INF] Application started. Press Ctrl+C to shut down.
2025-06-06 18:38:42.143 +01:00 [INF] Hosting environment: Development
2025-06-06 18:38:42.144 +01:00 [INF] Content root path: D:\PFE\CODE-BASE\BACKEND\Shift-Service
2025-06-06 18:38:48.622 +01:00 [INF] Request starting HTTP/1.1 GET https://localhost:7009/api/Group/shift?shift=Nuit - null null
2025-06-06 18:38:48.663 +01:00 [INF] Executing endpoint 'Shift_Service.Controllers.GroupController.GetGroupsByshift (Shift-Service)'
2025-06-06 18:38:48.684 +01:00 [INF] Route matched with {action = "GetGroupsByshift", controller = "Group"}. Executing controller action with signature System.Threading.Tasks.Task`1[Microsoft.AspNetCore.Mvc.ActionResult] GetGroupsByshift(System.String) on controller Shift_Service.Controllers.GroupController (Shift-Service).
2025-06-06 18:38:49.675 +01:00 [INF] Executed DbCommand (24ms) [Parameters=[@__shift_0='?' (Size = 4000)], CommandType='"Text"', CommandTimeout='30']
SELECT `g`.`id`, `g`.`created_at`, `g`.`is_deleted`, `g`.`name`, `g`.`role`, `g`.`shift_id`, `g`.`updated_at`, `s`.`id`, `s`.`created_at`, `s`.`end_shift`, `s`.`is_deleted`, `s`.`role`, `s`.`start_shift`, `s`.`updated_at`, `s`.`shift_type`
FROM `Groups` AS `g`
INNER JOIN `Shifts` AS `s` ON `g`.`shift_id` = `s`.`id`
WHERE (NOT (`g`.`is_deleted`) AND (CAST(`g`.`role` AS char) = 'driver')) AND (CAST(`s`.`shift_type` AS char) = @__shift_0)
LIMIT 1
2025-06-06 18:38:49.845 +01:00 [INF] Executing OkObjectResult, writing value of type 'Shared.Dtos.GroupResposne'.
2025-06-06 18:38:49.860 +01:00 [INF] Executed action Shift_Service.Controllers.GroupController.GetGroupsByshift (Shift-Service) in 1170.3413ms
2025-06-06 18:38:49.864 +01:00 [INF] Executed endpoint 'Shift_Service.Controllers.GroupController.GetGroupsByshift (Shift-Service)'
2025-06-06 18:38:49.872 +01:00 [INF] Request finished HTTP/1.1 GET https://localhost:7009/api/Group/shift?shift=Nuit - 200 null application/json; charset=utf-8 1253.3593ms
