2025-06-13 05:34:45.307 +01:00 [INF] Acquiring an exclusive lock for migration application. See https://aka.ms/efcore-docs-migrations-lock for more information if this takes too long.
2025-06-13 05:34:45.354 +01:00 [INF] Executed DbCommand (12ms) [Parameters=[], CommandType='"Text"', CommandTimeout='30']
SELECT GET_LOCK('__trip_service_db_EFMigrationsLock', 259200)
2025-06-13 05:34:45.462 +01:00 [INF] Executed DbCommand (58ms) [Parameters=[], CommandType='"Text"', CommandTimeout='30']
CREATE TABLE IF NOT EXISTS `__EFMigrationsHistory` (
    `MigrationId` varchar(150) CHARACTER SET utf8mb4 NOT NULL,
    `ProductVersion` varchar(32) CHARACTER SET utf8mb4 NOT NULL,
    CONSTRAINT `PK___EFMigrationsHistory` PRIMARY KEY (`MigrationId`)
) CHARACTER SET=utf8mb4;
2025-06-13 05:34:45.487 +01:00 [INF] Executed DbCommand (12ms) [Parameters=[], CommandType='"Text"', CommandTimeout='30']
SELECT 1 FROM INFORMATION_SCHEMA.TABLES WHERE TABLE_SCHEMA='trip_service_db' AND TABLE_NAME='__EFMigrationsHistory';
2025-06-13 05:34:45.494 +01:00 [INF] Executed DbCommand (5ms) [Parameters=[], CommandType='"Text"', CommandTimeout='30']
SELECT `MigrationId`, `ProductVersion`
FROM `__EFMigrationsHistory`
ORDER BY `MigrationId`;
2025-06-13 05:34:45.503 +01:00 [INF] Applying migration '20250613043432_InitialCreate'.
2025-06-13 05:34:45.523 +01:00 [INF] Executed DbCommand (5ms) [Parameters=[], CommandType='"Text"', CommandTimeout='30']
ALTER DATABASE CHARACTER SET utf8mb4;
2025-06-13 05:34:45.545 +01:00 [INF] Executed DbCommand (20ms) [Parameters=[], CommandType='"Text"', CommandTimeout='30']
CREATE TABLE `buses` (
    `id` int NOT NULL AUTO_INCREMENT,
    `number` longtext CHARACTER SET utf8mb4 NOT NULL,
    `BusStatus` longtext CHARACTER SET utf8mb4 NOT NULL,
    `capacity` int NOT NULL,
    `created_at` datetime(6) NOT NULL,
    `updated_at` datetime(6) NULL,
    `is_deleted` tinyint(1) NOT NULL,
    CONSTRAINT `PK_buses` PRIMARY KEY (`id`)
) CHARACTER SET=utf8mb4;
2025-06-13 05:34:45.567 +01:00 [INF] Executed DbCommand (21ms) [Parameters=[], CommandType='"Text"', CommandTimeout='30']
CREATE TABLE `trips` (
    `id` int NOT NULL AUTO_INCREMENT,
    `name` longtext CHARACTER SET utf8mb4 NOT NULL,
    `direction` int NOT NULL,
    `shift` longtext CHARACTER SET utf8mb4 NOT NULL,
    `type` longtext CHARACTER SET utf8mb4 NOT NULL,
    `created_at` datetime(6) NOT NULL,
    `updated_at` datetime(6) NULL,
    `is_deleted` tinyint(1) NOT NULL,
    CONSTRAINT `PK_trips` PRIMARY KEY (`id`)
) CHARACTER SET=utf8mb4;
2025-06-13 05:34:45.604 +01:00 [INF] Executed DbCommand (34ms) [Parameters=[], CommandType='"Text"', CommandTimeout='30']
CREATE TABLE `minitrips` (
    `id` int NOT NULL AUTO_INCREMENT,
    `name` longtext CHARACTER SET utf8mb4 NOT NULL,
    `TripId` int NOT NULL,
    `bus_id` int NULL,
    `driver_id` int NULL,
    `created_at` datetime(6) NOT NULL,
    `updated_at` datetime(6) NULL,
    `is_deleted` tinyint(1) NOT NULL,
    CONSTRAINT `PK_minitrips` PRIMARY KEY (`id`),
    CONSTRAINT `FK_minitrips_buses_bus_id` FOREIGN KEY (`bus_id`) REFERENCES `buses` (`id`),
    CONSTRAINT `FK_minitrips_trips_TripId` FOREIGN KEY (`TripId`) REFERENCES `trips` (`id`) ON DELETE CASCADE
) CHARACTER SET=utf8mb4;
2025-06-13 05:34:45.642 +01:00 [INF] Executed DbCommand (36ms) [Parameters=[], CommandType='"Text"', CommandTimeout='30']
CREATE TABLE `miniTripEmployees` (
    `Id` int NOT NULL AUTO_INCREMENT,
    `SeatNumber` int NOT NULL,
    `MiniTripId` int NOT NULL,
    `EmployeeId` int NOT NULL,
    `created_at` datetime(6) NOT NULL,
    `updated_at` datetime(6) NULL,
    CONSTRAINT `PK_miniTripEmployees` PRIMARY KEY (`Id`),
    CONSTRAINT `FK_miniTripEmployees_minitrips_MiniTripId` FOREIGN KEY (`MiniTripId`) REFERENCES `minitrips` (`id`) ON DELETE CASCADE
) CHARACTER SET=utf8mb4;
2025-06-13 05:34:45.672 +01:00 [INF] Executed DbCommand (27ms) [Parameters=[], CommandType='"Text"', CommandTimeout='30']
CREATE INDEX `IX_miniTripEmployees_MiniTripId` ON `miniTripEmployees` (`MiniTripId`);
2025-06-13 05:34:45.700 +01:00 [INF] Executed DbCommand (26ms) [Parameters=[], CommandType='"Text"', CommandTimeout='30']
CREATE INDEX `IX_minitrips_bus_id` ON `minitrips` (`bus_id`);
2025-06-13 05:34:45.724 +01:00 [INF] Executed DbCommand (22ms) [Parameters=[], CommandType='"Text"', CommandTimeout='30']
CREATE INDEX `IX_minitrips_TripId` ON `minitrips` (`TripId`);
2025-06-13 05:34:45.731 +01:00 [INF] Executed DbCommand (5ms) [Parameters=[], CommandType='"Text"', CommandTimeout='30']
INSERT INTO `__EFMigrationsHistory` (`MigrationId`, `ProductVersion`)
VALUES ('20250613043432_InitialCreate', '9.0.5');
2025-06-13 05:34:45.734 +01:00 [INF] Executed DbCommand (1ms) [Parameters=[], CommandType='"Text"', CommandTimeout='30']
SELECT RELEASE_LOCK('__trip_service_db_EFMigrationsLock')
2025-06-13 05:39:22.920 +01:00 [INF] Now listening on: https://localhost:7235
2025-06-13 05:39:22.950 +01:00 [INF] Now listening on: http://localhost:5091
2025-06-13 05:39:23.006 +01:00 [INF] Application started. Press Ctrl+C to shut down.
2025-06-13 05:39:23.071 +01:00 [INF] Hosting environment: Development
2025-06-13 05:39:23.126 +01:00 [INF] Content root path: D:\PFE\CODE-BASE\BACKEND\Trip-Service
2025-06-13 05:39:23.255 +01:00 [INF] Bus started: "rabbitmq://localhost/"
2025-06-13 05:42:11.160 +01:00 [INF] Request starting HTTP/2 GET https://localhost:7235/scalar/v1 - null null
2025-06-13 05:42:11.369 +01:00 [INF] Executing endpoint 'HTTP: GET /scalar/{documentName?}'
2025-06-13 05:42:11.419 +01:00 [INF] Write content with HTTP Response ContentType of text/html
2025-06-13 05:42:11.428 +01:00 [INF] Executed endpoint 'HTTP: GET /scalar/{documentName?}'
2025-06-13 05:42:11.437 +01:00 [INF] Request finished HTTP/2 GET https://localhost:7235/scalar/v1 - 200 null text/html 284.5107ms
2025-06-13 05:42:11.455 +01:00 [INF] Request starting HTTP/2 GET https://localhost:7235/scalar/scalar.js - null null
2025-06-13 05:42:11.455 +01:00 [INF] Request starting HTTP/2 GET https://localhost:7235/scalar/scalar.aspnetcore.js - null null
2025-06-13 05:42:11.455 +01:00 [INF] Request starting HTTP/2 GET https://localhost:7235/_framework/aspnetcore-browser-refresh.js - null null
2025-06-13 05:42:11.455 +01:00 [INF] Request starting HTTP/2 GET https://localhost:7235/_vs/browserLink - null null
2025-06-13 05:42:11.462 +01:00 [INF] Executing endpoint 'HTTP: GET /scalar/scalar.js'
2025-06-13 05:42:11.469 +01:00 [INF] CORS policy execution failed.
2025-06-13 05:42:11.475 +01:00 [INF] Request origin https://localhost:7235 does not have permission to access the resource.
2025-06-13 05:42:11.508 +01:00 [INF] Request finished HTTP/2 GET https://localhost:7235/_framework/aspnetcore-browser-refresh.js - 200 13776 application/javascript; charset=utf-8 52.9615ms
2025-06-13 05:42:11.512 +01:00 [INF] Executing endpoint 'HTTP: GET /scalar/scalar.aspnetcore.js'
2025-06-13 05:42:11.512 +01:00 [INF] Sending file with download name ''.
2025-06-13 05:42:11.520 +01:00 [INF] Sending file with download name ''.
2025-06-13 05:42:11.536 +01:00 [INF] Executed endpoint 'HTTP: GET /scalar/scalar.aspnetcore.js'
2025-06-13 05:42:11.539 +01:00 [INF] Request finished HTTP/2 GET https://localhost:7235/scalar/scalar.aspnetcore.js - 200 1046 text/javascript 83.9721ms
2025-06-13 05:42:11.567 +01:00 [INF] Executed endpoint 'HTTP: GET /scalar/scalar.js'
2025-06-13 05:42:11.568 +01:00 [INF] Request finished HTTP/2 GET https://localhost:7235/_vs/browserLink - 200 null text/javascript; charset=UTF-8 113.1838ms
2025-06-13 05:42:11.570 +01:00 [INF] Request finished HTTP/2 GET https://localhost:7235/scalar/scalar.js - 200 800614 text/javascript 115.4884ms
2025-06-13 05:42:11.737 +01:00 [INF] Request starting HTTP/2 GET https://localhost:7235/openapi/v1.json - null null
2025-06-13 05:42:11.740 +01:00 [INF] Executing endpoint 'HTTP: GET /openapi/{documentName}.json'
2025-06-13 05:42:11.905 +01:00 [INF] Executed endpoint 'HTTP: GET /openapi/{documentName}.json'
2025-06-13 05:42:11.907 +01:00 [INF] Request finished HTTP/2 GET https://localhost:7235/openapi/v1.json - 200 null application/json;charset=utf-8 169.6329ms
2025-06-13 05:42:12.483 +01:00 [INF] Request starting HTTP/2 GET https://localhost:7235/favicon.ico - null null
2025-06-13 05:42:12.489 +01:00 [INF] Request finished HTTP/2 GET https://localhost:7235/favicon.ico - 404 0 null 6.4231ms
2025-06-13 05:42:12.494 +01:00 [INF] Request reached the end of the middleware pipeline without being handled by application code. Request path: GET https://localhost:7235/favicon.ico, Response status code: 404
2025-06-13 05:42:23.392 +01:00 [INF] Request starting HTTP/2 GET https://localhost:7235/api/Bus - null null
2025-06-13 05:42:23.402 +01:00 [INF] Executing endpoint 'Trip_Service.Controllers.BusController.GetAllBuses (Trip-Service)'
2025-06-13 05:42:23.459 +01:00 [INF] Route matched with {action = "GetAllBuses", controller = "Bus"}. Executing controller action with signature Microsoft.AspNetCore.Mvc.ActionResult GetAllBuses(Gridify.GridifyQuery) on controller Trip_Service.Controllers.BusController (Trip-Service).
2025-06-13 05:42:23.489 +01:00 [INF] Executed action Trip_Service.Controllers.BusController.GetAllBuses (Trip-Service) in 19.6098ms
2025-06-13 05:42:23.494 +01:00 [INF] Executed endpoint 'Trip_Service.Controllers.BusController.GetAllBuses (Trip-Service)'
2025-06-13 05:42:23.502 +01:00 [ERR] An unhandled exception has occurred while executing the request.
System.InvalidOperationException: Unable to resolve service for type 'Trip_Service.Services.Bus.IBusService' while attempting to activate 'Trip_Service.Controllers.BusController'.
   at Microsoft.Extensions.DependencyInjection.ActivatorUtilities.ThrowHelperUnableToResolveService(Type type, Type requiredBy)
   at lambda_method3(Closure, IServiceProvider, Object[])
   at Microsoft.AspNetCore.Mvc.Controllers.ControllerFactoryProvider.<>c__DisplayClass6_0.<CreateControllerFactory>g__CreateController|0(ControllerContext controllerContext)
   at Microsoft.AspNetCore.Mvc.Infrastructure.ControllerActionInvoker.Next(State& next, Scope& scope, Object& state, Boolean& isCompleted)
   at Microsoft.AspNetCore.Mvc.Infrastructure.ControllerActionInvoker.InvokeInnerFilterAsync()
--- End of stack trace from previous location ---
   at Microsoft.AspNetCore.Mvc.Infrastructure.ResourceInvoker.<InvokeFilterPipelineAsync>g__Awaited|20_0(ResourceInvoker invoker, Task lastTask, State next, Scope scope, Object state, Boolean isCompleted)
   at Microsoft.AspNetCore.Mvc.Infrastructure.ResourceInvoker.<InvokeAsync>g__Logged|17_1(ResourceInvoker invoker)
   at Microsoft.AspNetCore.Mvc.Infrastructure.ResourceInvoker.<InvokeAsync>g__Logged|17_1(ResourceInvoker invoker)
   at Microsoft.AspNetCore.Routing.EndpointMiddleware.<Invoke>g__AwaitRequestTask|7_0(Endpoint endpoint, Task requestTask, ILogger logger)
   at Microsoft.AspNetCore.Authorization.AuthorizationMiddleware.Invoke(HttpContext context)
   at Microsoft.AspNetCore.Authentication.AuthenticationMiddleware.Invoke(HttpContext context)
   at Microsoft.AspNetCore.Diagnostics.DeveloperExceptionPageMiddlewareImpl.Invoke(HttpContext context)
2025-06-13 05:42:23.511 +01:00 [INF] Request finished HTTP/2 GET https://localhost:7235/api/Bus - 500 null text/plain; charset=utf-8 118.3499ms
2025-06-13 05:49:13.607 +01:00 [INF] Bus started: "rabbitmq://localhost/"
2025-06-13 05:49:13.635 +01:00 [INF] Now listening on: https://localhost:7235
2025-06-13 05:49:13.637 +01:00 [INF] Now listening on: http://localhost:5091
2025-06-13 05:49:13.683 +01:00 [INF] Application started. Press Ctrl+C to shut down.
2025-06-13 05:49:13.686 +01:00 [INF] Hosting environment: Development
2025-06-13 05:49:13.686 +01:00 [INF] Content root path: D:\PFE\CODE-BASE\BACKEND\Trip-Service
2025-06-13 05:51:36.925 +01:00 [INF] Request starting HTTP/2 GET https://localhost:7235/api/Bus - null null
2025-06-13 05:51:36.955 +01:00 [INF] Executing endpoint 'Trip_Service.Controllers.BusController.GetAllBuses (Trip-Service)'
2025-06-13 05:51:36.970 +01:00 [INF] Route matched with {action = "GetAllBuses", controller = "Bus"}. Executing controller action with signature Microsoft.AspNetCore.Mvc.ActionResult GetAllBuses(Gridify.GridifyQuery) on controller Trip_Service.Controllers.BusController (Trip-Service).
2025-06-13 05:51:38.130 +01:00 [INF] Executed DbCommand (16ms) [Parameters=[], CommandType='"Text"', CommandTimeout='30']
SELECT COUNT(*)
FROM `buses` AS `b`
WHERE NOT (`b`.`is_deleted`)
2025-06-13 05:51:38.183 +01:00 [WRN] The query uses a row limiting operator ('Skip'/'Take') without an 'OrderBy' operator. This may lead to unpredictable results. If the 'Distinct' operator is used after 'OrderBy', then make sure to use the 'OrderBy' operator after 'Distinct' as the ordering would otherwise get erased.
2025-06-13 05:51:38.188 +01:00 [WRN] The query uses a row limiting operator ('Skip'/'Take') without an 'OrderBy' operator. This may lead to unpredictable results. If the 'Distinct' operator is used after 'OrderBy', then make sure to use the 'OrderBy' operator after 'Distinct' as the ordering would otherwise get erased.
2025-06-13 05:51:38.280 +01:00 [INF] Executed DbCommand (18ms) [Parameters=[@__p_1='?' (DbType = Int32), @__p_0='?' (DbType = Int32)], CommandType='"Text"', CommandTimeout='30']
SELECT `b`.`id`, `b`.`BusStatus`, `b`.`capacity`, `b`.`created_at`, `b`.`is_deleted`, `b`.`number`, `b`.`updated_at`
FROM `buses` AS `b`
WHERE NOT (`b`.`is_deleted`)
LIMIT @__p_1 OFFSET @__p_0
2025-06-13 05:51:38.411 +01:00 [INF] Executing OkObjectResult, writing value of type 'Gridify.Paging`1[[Shared.Dtos.BusResponse, Shared, Version=1.0.0.0, Culture=neutral, PublicKeyToken=null]]'.
2025-06-13 05:51:38.421 +01:00 [INF] Executed action Trip_Service.Controllers.BusController.GetAllBuses (Trip-Service) in 1445.6717ms
2025-06-13 05:51:38.432 +01:00 [INF] Executed endpoint 'Trip_Service.Controllers.BusController.GetAllBuses (Trip-Service)'
2025-06-13 05:51:38.446 +01:00 [INF] Request finished HTTP/2 GET https://localhost:7235/api/Bus - 200 null application/json; charset=utf-8 1524.3327ms
2025-06-13 05:52:01.677 +01:00 [INF] Request starting HTTP/2 POST https://localhost:7235/api/Bus - application/json 60
2025-06-13 05:52:01.765 +01:00 [INF] CORS policy execution failed.
2025-06-13 05:52:01.766 +01:00 [INF] Request origin https://localhost:7235 does not have permission to access the resource.
2025-06-13 05:52:01.769 +01:00 [INF] Executing endpoint 'Trip_Service.Controllers.BusController.AddBus (Trip-Service)'
2025-06-13 05:52:01.779 +01:00 [INF] Route matched with {action = "AddBus", controller = "Bus"}. Executing controller action with signature System.Threading.Tasks.Task`1[Microsoft.AspNetCore.Mvc.ActionResult] AddBus(Shared.Dtos.BusRequest) on controller Trip_Service.Controllers.BusController (Trip-Service).
2025-06-13 05:52:02.080 +01:00 [INF] Executed DbCommand (13ms) [Parameters=[@p0='?' (Size = 4000), @p1='?' (DbType = Int32), @p2='?' (DbType = DateTime), @p3='?' (DbType = Boolean), @p4='?' (Size = 4000), @p5='?' (DbType = DateTime)], CommandType='"Text"', CommandTimeout='30']
INSERT INTO `buses` (`BusStatus`, `capacity`, `created_at`, `is_deleted`, `number`, `updated_at`)
VALUES (@p0, @p1, @p2, @p3, @p4, @p5);
SELECT `id`
FROM `buses`
WHERE ROW_COUNT() = 1 AND `id` = LAST_INSERT_ID();
2025-06-13 05:52:02.144 +01:00 [INF] Executing OkObjectResult, writing value of type 'Shared.Dtos.BusResponse'.
2025-06-13 05:52:02.147 +01:00 [INF] Executed action Trip_Service.Controllers.BusController.AddBus (Trip-Service) in 365.2131ms
2025-06-13 05:52:02.150 +01:00 [INF] Executed endpoint 'Trip_Service.Controllers.BusController.AddBus (Trip-Service)'
2025-06-13 05:52:02.152 +01:00 [INF] Request finished HTTP/2 POST https://localhost:7235/api/Bus - 200 null application/json; charset=utf-8 485.6743ms
2025-06-13 07:00:50.992 +01:00 [INF] Bus started: "rabbitmq://localhost/"
2025-06-13 07:00:51.028 +01:00 [INF] Now listening on: https://localhost:7235
2025-06-13 07:00:51.057 +01:00 [INF] Now listening on: http://localhost:5091
2025-06-13 07:00:51.116 +01:00 [INF] Application started. Press Ctrl+C to shut down.
2025-06-13 07:00:51.164 +01:00 [INF] Hosting environment: Development
2025-06-13 07:00:51.165 +01:00 [INF] Content root path: D:\PFE\CODE-BASE\BACKEND\Trip-Service
2025-06-13 07:00:53.962 +01:00 [INF] Request starting HTTP/2 GET https://localhost:7235/scalar/v1 - null null
2025-06-13 07:00:54.045 +01:00 [INF] Executing endpoint 'HTTP: GET /scalar/{documentName?}'
2025-06-13 07:00:54.086 +01:00 [INF] Write content with HTTP Response ContentType of text/html
2025-06-13 07:00:54.093 +01:00 [INF] Executed endpoint 'HTTP: GET /scalar/{documentName?}'
2025-06-13 07:00:54.102 +01:00 [INF] Request finished HTTP/2 GET https://localhost:7235/scalar/v1 - 200 null text/html 143.221ms
2025-06-13 07:00:54.115 +01:00 [INF] Request starting HTTP/2 GET https://localhost:7235/_framework/aspnetcore-browser-refresh.js - null null
2025-06-13 07:00:54.115 +01:00 [INF] Request starting HTTP/2 GET https://localhost:7235/scalar/scalar.js - null null
2025-06-13 07:00:54.115 +01:00 [INF] Request starting HTTP/2 GET https://localhost:7235/scalar/scalar.aspnetcore.js - null null
2025-06-13 07:00:54.125 +01:00 [INF] Executing endpoint 'HTTP: GET /scalar/scalar.js'
2025-06-13 07:00:54.126 +01:00 [INF] Request starting HTTP/2 GET https://localhost:7235/_vs/browserLink - null null
2025-06-13 07:00:54.127 +01:00 [INF] Request finished HTTP/2 GET https://localhost:7235/_framework/aspnetcore-browser-refresh.js - 200 13776 application/javascript; charset=utf-8 12.4715ms
2025-06-13 07:00:54.178 +01:00 [INF] CORS policy execution failed.
2025-06-13 07:00:54.185 +01:00 [INF] Setting HTTP status code 304.
2025-06-13 07:00:54.199 +01:00 [INF] Request origin https://localhost:7235 does not have permission to access the resource.
2025-06-13 07:00:54.201 +01:00 [INF] Executed endpoint 'HTTP: GET /scalar/scalar.js'
2025-06-13 07:00:54.205 +01:00 [INF] Executing endpoint 'HTTP: GET /scalar/scalar.aspnetcore.js'
2025-06-13 07:00:54.205 +01:00 [INF] Request finished HTTP/2 GET https://localhost:7235/scalar/scalar.js - 499 null null 90.9869ms
2025-06-13 07:00:54.206 +01:00 [INF] Setting HTTP status code 304.
2025-06-13 07:00:54.213 +01:00 [INF] Executed endpoint 'HTTP: GET /scalar/scalar.aspnetcore.js'
2025-06-13 07:00:54.216 +01:00 [INF] Request finished HTTP/2 GET https://localhost:7235/_vs/browserLink - 200 null text/javascript; charset=UTF-8 90.6071ms
2025-06-13 07:00:54.217 +01:00 [INF] Request finished HTTP/2 GET https://localhost:7235/scalar/scalar.aspnetcore.js - 499 null null 102.3648ms
2025-06-13 07:01:03.150 +01:00 [INF] Request starting HTTP/2 GET https://localhost:7235/scalar/v1 - null null
2025-06-13 07:01:03.160 +01:00 [INF] Executing endpoint 'HTTP: GET /scalar/{documentName?}'
2025-06-13 07:01:03.164 +01:00 [INF] Write content with HTTP Response ContentType of text/html
2025-06-13 07:01:03.167 +01:00 [INF] Executed endpoint 'HTTP: GET /scalar/{documentName?}'
2025-06-13 07:01:03.169 +01:00 [INF] Request finished HTTP/2 GET https://localhost:7235/scalar/v1 - 200 null text/html 18.4726ms
2025-06-13 07:01:03.185 +01:00 [INF] Request starting HTTP/2 GET https://localhost:7235/scalar/scalar.js - null null
2025-06-13 07:01:03.187 +01:00 [INF] Request starting HTTP/2 GET https://localhost:7235/scalar/scalar.aspnetcore.js - null null
2025-06-13 07:01:03.188 +01:00 [INF] Request starting HTTP/2 GET https://localhost:7235/_framework/aspnetcore-browser-refresh.js - null null
2025-06-13 07:01:03.190 +01:00 [INF] Request starting HTTP/2 GET https://localhost:7235/_vs/browserLink - null null
2025-06-13 07:01:03.194 +01:00 [INF] Executing endpoint 'HTTP: GET /scalar/scalar.js'
2025-06-13 07:01:03.203 +01:00 [INF] Request finished HTTP/2 GET https://localhost:7235/_framework/aspnetcore-browser-refresh.js - 200 13776 application/javascript; charset=utf-8 15.9187ms
2025-06-13 07:01:03.200 +01:00 [INF] CORS policy execution failed.
2025-06-13 07:01:03.212 +01:00 [INF] Sending file with download name ''.
2025-06-13 07:01:03.216 +01:00 [INF] Request origin https://localhost:7235 does not have permission to access the resource.
2025-06-13 07:01:03.218 +01:00 [INF] Executing endpoint 'HTTP: GET /scalar/scalar.aspnetcore.js'
2025-06-13 07:01:03.222 +01:00 [INF] Sending file with download name ''.
2025-06-13 07:01:03.226 +01:00 [INF] Executed endpoint 'HTTP: GET /scalar/scalar.aspnetcore.js'
2025-06-13 07:01:03.230 +01:00 [INF] Request finished HTTP/2 GET https://localhost:7235/_vs/browserLink - 200 null text/javascript; charset=UTF-8 39.6247ms
2025-06-13 07:01:03.230 +01:00 [INF] Request finished HTTP/2 GET https://localhost:7235/scalar/scalar.aspnetcore.js - 200 1046 text/javascript 43.253ms
2025-06-13 07:01:03.233 +01:00 [INF] Executed endpoint 'HTTP: GET /scalar/scalar.js'
2025-06-13 07:01:03.243 +01:00 [INF] Request finished HTTP/2 GET https://localhost:7235/scalar/scalar.js - 200 800614 text/javascript 57.2963ms
2025-06-13 07:01:03.413 +01:00 [INF] Request starting HTTP/2 GET https://localhost:7235/openapi/v1.json - null null
2025-06-13 07:01:03.420 +01:00 [INF] Executing endpoint 'HTTP: GET /openapi/{documentName}.json'
2025-06-13 07:01:03.596 +01:00 [INF] Executed endpoint 'HTTP: GET /openapi/{documentName}.json'
2025-06-13 07:01:03.597 +01:00 [INF] Request finished HTTP/2 GET https://localhost:7235/openapi/v1.json - 200 null application/json;charset=utf-8 184.0871ms
2025-06-13 07:01:10.614 +01:00 [INF] Request starting HTTP/2 GET https://localhost:7235/api/Trip - null null
2025-06-13 07:01:10.624 +01:00 [INF] Executing endpoint 'Trip_Service.Controllers.TripController.GetAllTrips (Trip-Service)'
2025-06-13 07:01:10.647 +01:00 [INF] Route matched with {action = "GetAllTrips", controller = "Trip"}. Executing controller action with signature Microsoft.AspNetCore.Mvc.ActionResult GetAllTrips(Gridify.GridifyQuery) on controller Trip_Service.Controllers.TripController (Trip-Service).
2025-06-13 07:01:12.035 +01:00 [INF] Executed DbCommand (22ms) [Parameters=[], CommandType='"Text"', CommandTimeout='30']
SELECT COUNT(*)
FROM `trips` AS `t`
WHERE NOT (`t`.`is_deleted`)
2025-06-13 07:01:12.093 +01:00 [WRN] The query uses a row limiting operator ('Skip'/'Take') without an 'OrderBy' operator. This may lead to unpredictable results. If the 'Distinct' operator is used after 'OrderBy', then make sure to use the 'OrderBy' operator after 'Distinct' as the ordering would otherwise get erased.
2025-06-13 07:01:12.095 +01:00 [WRN] The query uses a row limiting operator ('Skip'/'Take') without an 'OrderBy' operator. This may lead to unpredictable results. If the 'Distinct' operator is used after 'OrderBy', then make sure to use the 'OrderBy' operator after 'Distinct' as the ordering would otherwise get erased.
2025-06-13 07:01:12.201 +01:00 [INF] Executed DbCommand (17ms) [Parameters=[@__p_1='?' (DbType = Int32), @__p_0='?' (DbType = Int32)], CommandType='"Text"', CommandTimeout='30']
SELECT `t`.`id`, `t`.`created_at`, `t`.`direction`, `t`.`is_deleted`, `t`.`name`, `t`.`shift`, `t`.`type`, `t`.`updated_at`
FROM `trips` AS `t`
WHERE NOT (`t`.`is_deleted`)
LIMIT @__p_1 OFFSET @__p_0
2025-06-13 07:01:12.275 +01:00 [INF] Executing OkObjectResult, writing value of type 'Gridify.Paging`1[[Shared.Dtos.TripResponseWoMinitrip, Shared, Version=1.0.0.0, Culture=neutral, PublicKeyToken=null]]'.
2025-06-13 07:01:12.287 +01:00 [INF] Executed action Trip_Service.Controllers.TripController.GetAllTrips (Trip-Service) in 1630.6981ms
2025-06-13 07:01:12.289 +01:00 [INF] Executed endpoint 'Trip_Service.Controllers.TripController.GetAllTrips (Trip-Service)'
2025-06-13 07:01:12.302 +01:00 [INF] Request finished HTTP/2 GET https://localhost:7235/api/Trip - 200 null application/json; charset=utf-8 1688.1916ms
2025-06-13 07:03:38.682 +01:00 [INF] Bus started: "rabbitmq://localhost/"
2025-06-13 07:03:38.718 +01:00 [INF] Now listening on: https://localhost:7235
2025-06-13 07:03:38.720 +01:00 [INF] Now listening on: http://localhost:5091
2025-06-13 07:03:38.778 +01:00 [INF] Application started. Press Ctrl+C to shut down.
2025-06-13 07:03:38.781 +01:00 [INF] Hosting environment: Development
2025-06-13 07:03:38.781 +01:00 [INF] Content root path: D:\PFE\CODE-BASE\BACKEND\Trip-Service
2025-06-13 07:03:44.483 +01:00 [INF] Request starting HTTP/2 GET https://localhost:7235/scalar/v1 - null null
2025-06-13 07:03:44.600 +01:00 [INF] Executing endpoint 'HTTP: GET /scalar/{documentName?}'
2025-06-13 07:03:44.643 +01:00 [INF] Write content with HTTP Response ContentType of text/html
2025-06-13 07:03:44.653 +01:00 [INF] Executed endpoint 'HTTP: GET /scalar/{documentName?}'
2025-06-13 07:03:44.663 +01:00 [INF] Request finished HTTP/2 GET https://localhost:7235/scalar/v1 - 200 null text/html 184.2389ms
2025-06-13 07:03:44.666 +01:00 [INF] Request starting HTTP/2 GET https://localhost:7235/scalar/scalar.js - null null
2025-06-13 07:03:44.669 +01:00 [INF] Request starting HTTP/2 GET https://localhost:7235/_framework/aspnetcore-browser-refresh.js - null null
2025-06-13 07:03:44.669 +01:00 [INF] Request starting HTTP/2 GET https://localhost:7235/scalar/scalar.aspnetcore.js - null null
2025-06-13 07:03:44.673 +01:00 [INF] Request starting HTTP/2 GET https://localhost:7235/_vs/browserLink - null null
2025-06-13 07:03:44.675 +01:00 [INF] Executing endpoint 'HTTP: GET /scalar/scalar.js'
2025-06-13 07:03:44.692 +01:00 [INF] Request finished HTTP/2 GET https://localhost:7235/_framework/aspnetcore-browser-refresh.js - 200 13776 application/javascript; charset=utf-8 23.6847ms
2025-06-13 07:03:44.697 +01:00 [INF] CORS policy execution failed.
2025-06-13 07:03:44.808 +01:00 [INF] Setting HTTP status code 304.
2025-06-13 07:03:44.819 +01:00 [INF] Request origin https://localhost:7235 does not have permission to access the resource.
2025-06-13 07:03:44.831 +01:00 [INF] Executed endpoint 'HTTP: GET /scalar/scalar.js'
2025-06-13 07:03:44.833 +01:00 [INF] Executing endpoint 'HTTP: GET /scalar/scalar.aspnetcore.js'
2025-06-13 07:03:44.836 +01:00 [INF] Request finished HTTP/2 GET https://localhost:7235/scalar/scalar.js - 304 null null 169.2305ms
2025-06-13 07:03:44.838 +01:00 [INF] Setting HTTP status code 304.
2025-06-13 07:03:44.845 +01:00 [INF] Executed endpoint 'HTTP: GET /scalar/scalar.aspnetcore.js'
2025-06-13 07:03:44.848 +01:00 [INF] Request finished HTTP/2 GET https://localhost:7235/scalar/scalar.aspnetcore.js - 304 null null 178.8838ms
2025-06-13 07:03:44.858 +01:00 [INF] Request finished HTTP/2 GET https://localhost:7235/_vs/browserLink - 200 null text/javascript; charset=UTF-8 184.1158ms
2025-06-13 07:03:44.956 +01:00 [INF] Request starting HTTP/2 GET https://localhost:7235/openapi/v1.json - null null
2025-06-13 07:03:44.959 +01:00 [INF] Executing endpoint 'HTTP: GET /openapi/{documentName}.json'
2025-06-13 07:03:45.140 +01:00 [INF] Executed endpoint 'HTTP: GET /openapi/{documentName}.json'
2025-06-13 07:03:45.146 +01:00 [INF] Request finished HTTP/2 GET https://localhost:7235/openapi/v1.json - 200 null application/json;charset=utf-8 189.7495ms
2025-06-13 07:05:16.861 +01:00 [INF] Request starting HTTP/2 POST https://localhost:7235/api/Trip - application/json 98
2025-06-13 07:05:16.872 +01:00 [INF] CORS policy execution failed.
2025-06-13 07:05:16.874 +01:00 [INF] Request origin https://localhost:7235 does not have permission to access the resource.
2025-06-13 07:05:16.876 +01:00 [INF] Executing endpoint 'Trip_Service.Controllers.TripController.AddTrip (Trip-Service)'
2025-06-13 07:05:16.904 +01:00 [INF] Route matched with {action = "AddTrip", controller = "Trip"}. Executing controller action with signature System.Threading.Tasks.Task`1[Microsoft.AspNetCore.Mvc.ActionResult] AddTrip(Shared.Dtos.TripRequest) on controller Trip_Service.Controllers.TripController (Trip-Service).
2025-06-13 07:05:18.445 +01:00 [INF] Executed DbCommand (41ms) [Parameters=[@p0='?' (DbType = DateTime), @p1='?' (DbType = Int32), @p2='?' (DbType = Boolean), @p3='?' (Size = 4000), @p4='?' (Size = 4000), @p5='?' (Size = 4000), @p6='?' (DbType = DateTime)], CommandType='"Text"', CommandTimeout='30']
INSERT INTO `trips` (`created_at`, `direction`, `is_deleted`, `name`, `shift`, `type`, `updated_at`)
VALUES (@p0, @p1, @p2, @p3, @p4, @p5, @p6);
SELECT `id`
FROM `trips`
WHERE ROW_COUNT() = 1 AND `id` = LAST_INSERT_ID();
2025-06-13 07:05:18.563 +01:00 [INF] Executing OkObjectResult, writing value of type 'Shared.Dtos.TripResponse'.
2025-06-13 07:05:18.588 +01:00 [INF] Executed action Trip_Service.Controllers.TripController.AddTrip (Trip-Service) in 1679.1938ms
2025-06-13 07:05:18.592 +01:00 [INF] Executed endpoint 'Trip_Service.Controllers.TripController.AddTrip (Trip-Service)'
2025-06-13 07:05:18.602 +01:00 [INF] Request finished HTTP/2 POST https://localhost:7235/api/Trip - 200 null application/json; charset=utf-8 1740.7358ms
2025-06-13 07:05:32.240 +01:00 [INF] Request starting HTTP/2 GET https://localhost:7235/api/Trip - null null
2025-06-13 07:05:32.274 +01:00 [INF] Executing endpoint 'Trip_Service.Controllers.TripController.GetAllTrips (Trip-Service)'
2025-06-13 07:05:32.290 +01:00 [INF] Route matched with {action = "GetAllTrips", controller = "Trip"}. Executing controller action with signature Microsoft.AspNetCore.Mvc.ActionResult GetAllTrips(Gridify.GridifyQuery) on controller Trip_Service.Controllers.TripController (Trip-Service).
2025-06-13 07:05:32.657 +01:00 [INF] Executed DbCommand (4ms) [Parameters=[], CommandType='"Text"', CommandTimeout='30']
SELECT COUNT(*)
FROM `trips` AS `t`
WHERE NOT (`t`.`is_deleted`)
2025-06-13 07:05:32.680 +01:00 [WRN] The query uses a row limiting operator ('Skip'/'Take') without an 'OrderBy' operator. This may lead to unpredictable results. If the 'Distinct' operator is used after 'OrderBy', then make sure to use the 'OrderBy' operator after 'Distinct' as the ordering would otherwise get erased.
2025-06-13 07:05:32.682 +01:00 [WRN] The query uses a row limiting operator ('Skip'/'Take') without an 'OrderBy' operator. This may lead to unpredictable results. If the 'Distinct' operator is used after 'OrderBy', then make sure to use the 'OrderBy' operator after 'Distinct' as the ordering would otherwise get erased.
2025-06-13 07:05:32.749 +01:00 [INF] Executed DbCommand (1ms) [Parameters=[@__p_1='?' (DbType = Int32), @__p_0='?' (DbType = Int32)], CommandType='"Text"', CommandTimeout='30']
SELECT `t`.`id`, `t`.`created_at`, `t`.`direction`, `t`.`is_deleted`, `t`.`name`, `t`.`shift`, `t`.`type`, `t`.`updated_at`
FROM `trips` AS `t`
WHERE NOT (`t`.`is_deleted`)
LIMIT @__p_1 OFFSET @__p_0
2025-06-13 07:05:32.769 +01:00 [INF] Executing OkObjectResult, writing value of type 'Gridify.Paging`1[[Shared.Dtos.TripResponseWoMinitrip, Shared, Version=1.0.0.0, Culture=neutral, PublicKeyToken=null]]'.
2025-06-13 07:05:32.777 +01:00 [INF] Executed action Trip_Service.Controllers.TripController.GetAllTrips (Trip-Service) in 484.9648ms
2025-06-13 07:05:32.780 +01:00 [INF] Executed endpoint 'Trip_Service.Controllers.TripController.GetAllTrips (Trip-Service)'
2025-06-13 07:05:32.781 +01:00 [INF] Request finished HTTP/2 GET https://localhost:7235/api/Trip - 200 null application/json; charset=utf-8 542.8038ms
2025-06-13 07:05:42.551 +01:00 [INF] Request starting HTTP/2 GET https://localhost:7235/api/Trip/1 - null null
2025-06-13 07:05:42.557 +01:00 [INF] Executing endpoint 'Trip_Service.Controllers.TripController.GetTripById (Trip-Service)'
2025-06-13 07:05:42.564 +01:00 [INF] Route matched with {action = "GetTripById", controller = "Trip"}. Executing controller action with signature System.Threading.Tasks.Task`1[Microsoft.AspNetCore.Mvc.ActionResult] GetTripById(Int32) on controller Trip_Service.Controllers.TripController (Trip-Service).
2025-06-13 07:05:42.695 +01:00 [INF] Executed DbCommand (3ms) [Parameters=[@__id_0='?' (DbType = Int32)], CommandType='"Text"', CommandTimeout='30']
SELECT `t0`.`id`, `t0`.`created_at`, `t0`.`direction`, `t0`.`is_deleted`, `t0`.`name`, `t0`.`shift`, `t0`.`type`, `t0`.`updated_at`, `m`.`id`, `m`.`bus_id`, `m`.`created_at`, `m`.`driver_id`, `m`.`is_deleted`, `m`.`name`, `m`.`TripId`, `m`.`updated_at`
FROM (
    SELECT `t`.`id`, `t`.`created_at`, `t`.`direction`, `t`.`is_deleted`, `t`.`name`, `t`.`shift`, `t`.`type`, `t`.`updated_at`
    FROM `trips` AS `t`
    WHERE NOT (`t`.`is_deleted`) AND (`t`.`id` = @__id_0)
    LIMIT 1
) AS `t0`
LEFT JOIN `minitrips` AS `m` ON `t0`.`id` = `m`.`TripId`
ORDER BY `t0`.`id`
2025-06-13 07:05:42.708 +01:00 [INF] Executing OkObjectResult, writing value of type 'Shared.Dtos.TripResponse'.
2025-06-13 07:05:42.710 +01:00 [INF] Executed action Trip_Service.Controllers.TripController.GetTripById (Trip-Service) in 143.5039ms
2025-06-13 07:05:42.712 +01:00 [INF] Executed endpoint 'Trip_Service.Controllers.TripController.GetTripById (Trip-Service)'
2025-06-13 07:05:42.714 +01:00 [INF] Request finished HTTP/2 GET https://localhost:7235/api/Trip/1 - 200 null application/json; charset=utf-8 163.7046ms
2025-06-13 07:08:30.330 +01:00 [INF] Bus started: "rabbitmq://localhost/"
2025-06-13 07:08:30.368 +01:00 [INF] Now listening on: https://localhost:7235
2025-06-13 07:08:30.370 +01:00 [INF] Now listening on: http://localhost:5091
2025-06-13 07:08:30.418 +01:00 [INF] Application started. Press Ctrl+C to shut down.
2025-06-13 07:08:30.420 +01:00 [INF] Hosting environment: Development
2025-06-13 07:08:30.420 +01:00 [INF] Content root path: D:\PFE\CODE-BASE\BACKEND\Trip-Service
2025-06-13 07:08:34.940 +01:00 [INF] Request starting HTTP/2 GET https://localhost:7235/scalar/v1 - null null
2025-06-13 07:08:35.026 +01:00 [INF] Executing endpoint 'HTTP: GET /scalar/{documentName?}'
2025-06-13 07:08:35.075 +01:00 [INF] Write content with HTTP Response ContentType of text/html
2025-06-13 07:08:35.083 +01:00 [INF] Executed endpoint 'HTTP: GET /scalar/{documentName?}'
2025-06-13 07:08:35.087 +01:00 [INF] Request finished HTTP/2 GET https://localhost:7235/scalar/v1 - 200 null text/html 150.8999ms
2025-06-13 07:08:35.100 +01:00 [INF] Request starting HTTP/2 GET https://localhost:7235/_framework/aspnetcore-browser-refresh.js - null null
2025-06-13 07:08:35.100 +01:00 [INF] Request starting HTTP/2 GET https://localhost:7235/scalar/scalar.js - null null
2025-06-13 07:08:35.100 +01:00 [INF] Request starting HTTP/2 GET https://localhost:7235/scalar/scalar.aspnetcore.js - null null
2025-06-13 07:08:35.107 +01:00 [INF] Request starting HTTP/2 GET https://localhost:7235/_vs/browserLink - null null
2025-06-13 07:08:35.118 +01:00 [INF] Executing endpoint 'HTTP: GET /scalar/scalar.js'
2025-06-13 07:08:35.152 +01:00 [INF] Request finished HTTP/2 GET https://localhost:7235/_framework/aspnetcore-browser-refresh.js - 200 13776 application/javascript; charset=utf-8 51.4337ms
2025-06-13 07:08:35.167 +01:00 [INF] CORS policy execution failed.
2025-06-13 07:08:35.262 +01:00 [INF] Setting HTTP status code 304.
2025-06-13 07:08:35.266 +01:00 [INF] Request origin https://localhost:7235 does not have permission to access the resource.
2025-06-13 07:08:35.271 +01:00 [INF] Executed endpoint 'HTTP: GET /scalar/scalar.js'
2025-06-13 07:08:35.273 +01:00 [INF] Executing endpoint 'HTTP: GET /scalar/scalar.aspnetcore.js'
2025-06-13 07:08:35.273 +01:00 [INF] Request finished HTTP/2 GET https://localhost:7235/scalar/scalar.js - 304 null null 174.0269ms
2025-06-13 07:08:35.276 +01:00 [INF] Setting HTTP status code 304.
2025-06-13 07:08:35.280 +01:00 [INF] Request finished HTTP/2 GET https://localhost:7235/_vs/browserLink - 200 null text/javascript; charset=UTF-8 173.2247ms
2025-06-13 07:08:35.284 +01:00 [INF] Executed endpoint 'HTTP: GET /scalar/scalar.aspnetcore.js'
2025-06-13 07:08:35.291 +01:00 [INF] Request finished HTTP/2 GET https://localhost:7235/scalar/scalar.aspnetcore.js - 304 null null 190.9841ms
2025-06-13 07:08:35.464 +01:00 [INF] Request starting HTTP/2 GET https://localhost:7235/openapi/v1.json - null null
2025-06-13 07:08:35.469 +01:00 [INF] Executing endpoint 'HTTP: GET /openapi/{documentName}.json'
2025-06-13 07:08:35.573 +01:00 [INF] Executed endpoint 'HTTP: GET /openapi/{documentName}.json'
2025-06-13 07:08:35.577 +01:00 [INF] Request finished HTTP/2 GET https://localhost:7235/openapi/v1.json - 200 null application/json;charset=utf-8 112.5295ms
2025-06-13 07:12:26.944 +01:00 [INF] Request starting HTTP/2 GET https://localhost:7235/api/Bus/AvailableBuses?currentShift=Nuit - null null
2025-06-13 07:12:26.949 +01:00 [INF] Executing endpoint 'Trip_Service.Controllers.BusController.GetAvailableBuses (Trip-Service)'
2025-06-13 07:12:26.981 +01:00 [INF] Route matched with {action = "GetAvailableBuses", controller = "Bus"}. Executing controller action with signature System.Threading.Tasks.Task`1[Microsoft.AspNetCore.Mvc.ActionResult] GetAvailableBuses(System.String, System.Nullable`1[System.Int32]) on controller Trip_Service.Controllers.BusController (Trip-Service).
2025-06-13 07:12:28.606 +01:00 [INF] Executed DbCommand (20ms) [Parameters=[], CommandType='"Text"', CommandTimeout='30']
SELECT `b`.`id`, `b`.`BusStatus`, `b`.`capacity`, `b`.`created_at`, `b`.`is_deleted`, `b`.`number`, `b`.`updated_at`
FROM `buses` AS `b`
WHERE CAST(`b`.`BusStatus` AS char) = 'active'
2025-06-13 07:12:28.767 +01:00 [INF] Executed DbCommand (3ms) [Parameters=[], CommandType='"Text"', CommandTimeout='30']
SELECT DISTINCT `m`.`bus_id`
FROM `minitrips` AS `m`
WHERE FALSE
2025-06-13 07:12:28.824 +01:00 [INF] Executed DbCommand (24ms) [Parameters=[@__nextShift_Value_0='?' (Size = 4000)], CommandType='"Text"', CommandTimeout='30']
SELECT DISTINCT `m`.`bus_id`
FROM `minitrips` AS `m`
INNER JOIN `trips` AS `t` ON `m`.`TripId` = `t`.`id`
WHERE `t`.`shift` = @__nextShift_Value_0
2025-06-13 07:12:28.952 +01:00 [INF] Executing OkObjectResult, writing value of type 'System.Collections.Generic.List`1[[Shared.Dtos.BusResponse, Shared, Version=1.0.0.0, Culture=neutral, PublicKeyToken=null]]'.
2025-06-13 07:12:28.963 +01:00 [INF] Executed action Trip_Service.Controllers.BusController.GetAvailableBuses (Trip-Service) in 1974.9876ms
2025-06-13 07:12:28.965 +01:00 [INF] Executed endpoint 'Trip_Service.Controllers.BusController.GetAvailableBuses (Trip-Service)'
2025-06-13 07:12:28.975 +01:00 [INF] Request finished HTTP/2 GET https://localhost:7235/api/Bus/AvailableBuses?currentShift=Nuit - 200 null application/json; charset=utf-8 2031.122ms
2025-06-13 07:13:31.434 +01:00 [INF] Request starting HTTP/2 POST https://localhost:7235/api/Minitrip - application/json 44
2025-06-13 07:13:31.466 +01:00 [INF] CORS policy execution failed.
2025-06-13 07:13:31.466 +01:00 [INF] Request origin https://localhost:7235 does not have permission to access the resource.
2025-06-13 07:13:31.467 +01:00 [INF] Executing endpoint 'Trip_Service.Controllers.MinitripController.AddMiniTrip (Trip-Service)'
2025-06-13 07:13:31.480 +01:00 [INF] Route matched with {action = "AddMiniTrip", controller = "Minitrip"}. Executing controller action with signature System.Threading.Tasks.Task`1[Microsoft.AspNetCore.Mvc.ActionResult] AddMiniTrip(Shared.Dtos.MinitripRequest) on controller Trip_Service.Controllers.MinitripController (Trip-Service).
2025-06-13 07:13:31.724 +01:00 [ERR] Failed executing DbCommand (9ms) [Parameters=[@p0='?' (DbType = Int32), @p1='?' (DbType = DateTime), @p2='?' (DbType = Int32), @p3='?' (DbType = Boolean), @p4='?' (Size = 4000), @p5='?' (DbType = Int32), @p6='?' (DbType = DateTime)], CommandType='"Text"', CommandTimeout='30']
INSERT INTO `minitrips` (`bus_id`, `created_at`, `driver_id`, `is_deleted`, `name`, `TripId`, `updated_at`)
VALUES (@p0, @p1, @p2, @p3, @p4, @p5, @p6);
SELECT `id`
FROM `minitrips`
WHERE ROW_COUNT() = 1 AND `id` = LAST_INSERT_ID();
2025-06-13 07:13:31.763 +01:00 [ERR] An exception occurred in the database while saving changes for context type 'Trip_Service.Data.TripServiceContext'.
Microsoft.EntityFrameworkCore.DbUpdateException: An error occurred while saving the entity changes. See the inner exception for details.
 ---> MySqlConnector.MySqlException (0x80004005): Column 'name' cannot be null
   at MySqlConnector.Core.ServerSession.ReceiveReplyAsync(IOBehavior ioBehavior, CancellationToken cancellationToken) in /_/src/MySqlConnector/Core/ServerSession.cs:line 1081
   at MySqlConnector.Core.ResultSet.ReadResultSetHeaderAsync(IOBehavior ioBehavior) in /_/src/MySqlConnector/Core/ResultSet.cs:line 37
   at MySqlConnector.MySqlDataReader.ActivateResultSet(CancellationToken cancellationToken) in /_/src/MySqlConnector/MySqlDataReader.cs:line 131
   at MySqlConnector.MySqlDataReader.InitAsync(CommandListPosition commandListPosition, ICommandPayloadCreator payloadCreator, IDictionary`2 cachedProcedures, IMySqlCommand command, CommandBehavior behavior, Activity activity, IOBehavior ioBehavior, CancellationToken cancellationToken) in /_/src/MySqlConnector/MySqlDataReader.cs:line 487
   at MySqlConnector.Core.CommandExecutor.ExecuteReaderAsync(CommandListPosition commandListPosition, ICommandPayloadCreator payloadCreator, CommandBehavior behavior, Activity activity, IOBehavior ioBehavior, CancellationToken cancellationToken) in /_/src/MySqlConnector/Core/CommandExecutor.cs:line 56
   at MySqlConnector.MySqlCommand.ExecuteReaderAsync(CommandBehavior behavior, IOBehavior ioBehavior, CancellationToken cancellationToken) in /_/src/MySqlConnector/MySqlCommand.cs:line 357
   at MySqlConnector.MySqlCommand.ExecuteDbDataReaderAsync(CommandBehavior behavior, CancellationToken cancellationToken) in /_/src/MySqlConnector/MySqlCommand.cs:line 350
   at Microsoft.EntityFrameworkCore.Storage.RelationalCommand.ExecuteReaderAsync(RelationalCommandParameterObject parameterObject, CancellationToken cancellationToken)
   at Microsoft.EntityFrameworkCore.Storage.RelationalCommand.ExecuteReaderAsync(RelationalCommandParameterObject parameterObject, CancellationToken cancellationToken)
   at Microsoft.EntityFrameworkCore.Update.ReaderModificationCommandBatch.ExecuteAsync(IRelationalConnection connection, CancellationToken cancellationToken)
   --- End of inner exception stack trace ---
   at Microsoft.EntityFrameworkCore.Update.ReaderModificationCommandBatch.ExecuteAsync(IRelationalConnection connection, CancellationToken cancellationToken)
   at Microsoft.EntityFrameworkCore.Update.Internal.BatchExecutor.ExecuteAsync(IEnumerable`1 commandBatches, IRelationalConnection connection, CancellationToken cancellationToken)
   at Microsoft.EntityFrameworkCore.Update.Internal.BatchExecutor.ExecuteAsync(IEnumerable`1 commandBatches, IRelationalConnection connection, CancellationToken cancellationToken)
   at Microsoft.EntityFrameworkCore.Update.Internal.BatchExecutor.ExecuteAsync(IEnumerable`1 commandBatches, IRelationalConnection connection, CancellationToken cancellationToken)
   at Microsoft.EntityFrameworkCore.Storage.RelationalDatabase.SaveChangesAsync(IList`1 entries, CancellationToken cancellationToken)
   at Microsoft.EntityFrameworkCore.ChangeTracking.Internal.StateManager.SaveChangesAsync(IList`1 entriesToSave, CancellationToken cancellationToken)
   at Microsoft.EntityFrameworkCore.ChangeTracking.Internal.StateManager.SaveChangesAsync(StateManager stateManager, Boolean acceptAllChangesOnSuccess, CancellationToken cancellationToken)
   at Pomelo.EntityFrameworkCore.MySql.Storage.Internal.MySqlExecutionStrategy.ExecuteAsync[TState,TResult](TState state, Func`4 operation, Func`4 verifySucceeded, CancellationToken cancellationToken)
   at Microsoft.EntityFrameworkCore.DbContext.SaveChangesAsync(Boolean acceptAllChangesOnSuccess, CancellationToken cancellationToken)
Microsoft.EntityFrameworkCore.DbUpdateException: An error occurred while saving the entity changes. See the inner exception for details.
 ---> MySqlConnector.MySqlException (0x80004005): Column 'name' cannot be null
   at MySqlConnector.Core.ServerSession.ReceiveReplyAsync(IOBehavior ioBehavior, CancellationToken cancellationToken) in /_/src/MySqlConnector/Core/ServerSession.cs:line 1081
   at MySqlConnector.Core.ResultSet.ReadResultSetHeaderAsync(IOBehavior ioBehavior) in /_/src/MySqlConnector/Core/ResultSet.cs:line 37
   at MySqlConnector.MySqlDataReader.ActivateResultSet(CancellationToken cancellationToken) in /_/src/MySqlConnector/MySqlDataReader.cs:line 131
   at MySqlConnector.MySqlDataReader.InitAsync(CommandListPosition commandListPosition, ICommandPayloadCreator payloadCreator, IDictionary`2 cachedProcedures, IMySqlCommand command, CommandBehavior behavior, Activity activity, IOBehavior ioBehavior, CancellationToken cancellationToken) in /_/src/MySqlConnector/MySqlDataReader.cs:line 487
   at MySqlConnector.Core.CommandExecutor.ExecuteReaderAsync(CommandListPosition commandListPosition, ICommandPayloadCreator payloadCreator, CommandBehavior behavior, Activity activity, IOBehavior ioBehavior, CancellationToken cancellationToken) in /_/src/MySqlConnector/Core/CommandExecutor.cs:line 56
   at MySqlConnector.MySqlCommand.ExecuteReaderAsync(CommandBehavior behavior, IOBehavior ioBehavior, CancellationToken cancellationToken) in /_/src/MySqlConnector/MySqlCommand.cs:line 357
   at MySqlConnector.MySqlCommand.ExecuteDbDataReaderAsync(CommandBehavior behavior, CancellationToken cancellationToken) in /_/src/MySqlConnector/MySqlCommand.cs:line 350
   at Microsoft.EntityFrameworkCore.Storage.RelationalCommand.ExecuteReaderAsync(RelationalCommandParameterObject parameterObject, CancellationToken cancellationToken)
   at Microsoft.EntityFrameworkCore.Storage.RelationalCommand.ExecuteReaderAsync(RelationalCommandParameterObject parameterObject, CancellationToken cancellationToken)
   at Microsoft.EntityFrameworkCore.Update.ReaderModificationCommandBatch.ExecuteAsync(IRelationalConnection connection, CancellationToken cancellationToken)
   --- End of inner exception stack trace ---
   at Microsoft.EntityFrameworkCore.Update.ReaderModificationCommandBatch.ExecuteAsync(IRelationalConnection connection, CancellationToken cancellationToken)
   at Microsoft.EntityFrameworkCore.Update.Internal.BatchExecutor.ExecuteAsync(IEnumerable`1 commandBatches, IRelationalConnection connection, CancellationToken cancellationToken)
   at Microsoft.EntityFrameworkCore.Update.Internal.BatchExecutor.ExecuteAsync(IEnumerable`1 commandBatches, IRelationalConnection connection, CancellationToken cancellationToken)
   at Microsoft.EntityFrameworkCore.Update.Internal.BatchExecutor.ExecuteAsync(IEnumerable`1 commandBatches, IRelationalConnection connection, CancellationToken cancellationToken)
   at Microsoft.EntityFrameworkCore.Storage.RelationalDatabase.SaveChangesAsync(IList`1 entries, CancellationToken cancellationToken)
   at Microsoft.EntityFrameworkCore.ChangeTracking.Internal.StateManager.SaveChangesAsync(IList`1 entriesToSave, CancellationToken cancellationToken)
   at Microsoft.EntityFrameworkCore.ChangeTracking.Internal.StateManager.SaveChangesAsync(StateManager stateManager, Boolean acceptAllChangesOnSuccess, CancellationToken cancellationToken)
   at Pomelo.EntityFrameworkCore.MySql.Storage.Internal.MySqlExecutionStrategy.ExecuteAsync[TState,TResult](TState state, Func`4 operation, Func`4 verifySucceeded, CancellationToken cancellationToken)
   at Microsoft.EntityFrameworkCore.DbContext.SaveChangesAsync(Boolean acceptAllChangesOnSuccess, CancellationToken cancellationToken)
2025-06-13 07:13:32.196 +01:00 [INF] Executing BadRequestObjectResult, writing value of type 'System.String'.
2025-06-13 07:13:32.199 +01:00 [INF] Executed action Trip_Service.Controllers.MinitripController.AddMiniTrip (Trip-Service) in 717.1075ms
2025-06-13 07:13:32.200 +01:00 [INF] Executed endpoint 'Trip_Service.Controllers.MinitripController.AddMiniTrip (Trip-Service)'
2025-06-13 07:13:32.201 +01:00 [INF] Request finished HTTP/2 POST https://localhost:7235/api/Minitrip - 400 null text/plain; charset=utf-8 767.9054ms
2025-06-13 07:15:53.525 +01:00 [INF] Request starting HTTP/2 GET https://localhost:7235/scalar/v1 - null null
2025-06-13 07:15:53.538 +01:00 [INF] Executing endpoint 'HTTP: GET /scalar/{documentName?}'
2025-06-13 07:15:53.542 +01:00 [INF] Write content with HTTP Response ContentType of text/html
2025-06-13 07:15:53.544 +01:00 [INF] Executed endpoint 'HTTP: GET /scalar/{documentName?}'
2025-06-13 07:15:53.545 +01:00 [INF] Request finished HTTP/2 GET https://localhost:7235/scalar/v1 - 200 null text/html 19.6186ms
2025-06-13 07:15:53.584 +01:00 [INF] Request starting HTTP/2 GET https://localhost:7235/scalar/scalar.js - null null
2025-06-13 07:15:53.586 +01:00 [INF] Request starting HTTP/2 GET https://localhost:7235/scalar/scalar.aspnetcore.js - null null
2025-06-13 07:15:53.586 +01:00 [INF] Request starting HTTP/2 GET https://localhost:7235/_framework/aspnetcore-browser-refresh.js - null null
2025-06-13 07:15:53.591 +01:00 [INF] Executing endpoint 'HTTP: GET /scalar/scalar.js'
2025-06-13 07:15:53.595 +01:00 [INF] CORS policy execution failed.
2025-06-13 07:15:53.599 +01:00 [INF] Request finished HTTP/2 GET https://localhost:7235/_framework/aspnetcore-browser-refresh.js - 200 13776 application/javascript; charset=utf-8 12.6623ms
2025-06-13 07:15:53.600 +01:00 [INF] Setting HTTP status code 304.
2025-06-13 07:15:53.601 +01:00 [INF] Request origin https://localhost:7235 does not have permission to access the resource.
2025-06-13 07:15:53.605 +01:00 [INF] Request starting HTTP/2 GET https://localhost:7235/_vs/browserLink - null null
2025-06-13 07:15:53.607 +01:00 [INF] Executed endpoint 'HTTP: GET /scalar/scalar.js'
2025-06-13 07:15:53.608 +01:00 [INF] Executing endpoint 'HTTP: GET /scalar/scalar.aspnetcore.js'
2025-06-13 07:15:53.613 +01:00 [INF] Request finished HTTP/2 GET https://localhost:7235/scalar/scalar.js - 304 null null 29.1637ms
2025-06-13 07:15:53.614 +01:00 [INF] Setting HTTP status code 304.
2025-06-13 07:15:53.619 +01:00 [INF] Executed endpoint 'HTTP: GET /scalar/scalar.aspnetcore.js'
2025-06-13 07:15:53.620 +01:00 [INF] Request finished HTTP/2 GET https://localhost:7235/_vs/browserLink - 200 null text/javascript; charset=UTF-8 15.5918ms
2025-06-13 07:15:53.620 +01:00 [INF] Request finished HTTP/2 GET https://localhost:7235/scalar/scalar.aspnetcore.js - 304 null null 33.9432ms
2025-06-13 07:15:53.753 +01:00 [INF] Request starting HTTP/2 GET https://localhost:7235/openapi/v1.json - null null
2025-06-13 07:15:53.757 +01:00 [INF] Executing endpoint 'HTTP: GET /openapi/{documentName}.json'
2025-06-13 07:15:53.769 +01:00 [INF] Executed endpoint 'HTTP: GET /openapi/{documentName}.json'
2025-06-13 07:15:53.771 +01:00 [INF] Request finished HTTP/2 GET https://localhost:7235/openapi/v1.json - 200 null application/json;charset=utf-8 17.6127ms
2025-06-13 07:16:22.402 +01:00 [INF] Acquiring an exclusive lock for migration application. See https://aka.ms/efcore-docs-migrations-lock for more information if this takes too long.
2025-06-13 07:16:22.441 +01:00 [INF] Executed DbCommand (3ms) [Parameters=[], CommandType='"Text"', CommandTimeout='30']
SELECT GET_LOCK('__trip_service_db_EFMigrationsLock', 259200)
2025-06-13 07:16:22.489 +01:00 [INF] Executed DbCommand (3ms) [Parameters=[], CommandType='"Text"', CommandTimeout='30']
CREATE TABLE IF NOT EXISTS `__EFMigrationsHistory` (
    `MigrationId` varchar(150) CHARACTER SET utf8mb4 NOT NULL,
    `ProductVersion` varchar(32) CHARACTER SET utf8mb4 NOT NULL,
    CONSTRAINT `PK___EFMigrationsHistory` PRIMARY KEY (`MigrationId`)
) CHARACTER SET=utf8mb4;
2025-06-13 07:16:22.507 +01:00 [INF] Executed DbCommand (4ms) [Parameters=[], CommandType='"Text"', CommandTimeout='30']
SELECT 1 FROM INFORMATION_SCHEMA.TABLES WHERE TABLE_SCHEMA='trip_service_db' AND TABLE_NAME='__EFMigrationsHistory';
2025-06-13 07:16:22.511 +01:00 [INF] Executed DbCommand (1ms) [Parameters=[], CommandType='"Text"', CommandTimeout='30']
SELECT `MigrationId`, `ProductVersion`
FROM `__EFMigrationsHistory`
ORDER BY `MigrationId`;
2025-06-13 07:16:22.519 +01:00 [INF] Applying migration '20250613061615_seconde'.
2025-06-13 07:16:22.525 +01:00 [INF] Executed DbCommand (1ms) [Parameters=[], CommandType='"Text"', CommandTimeout='30']
INSERT INTO `__EFMigrationsHistory` (`MigrationId`, `ProductVersion`)
VALUES ('20250613061615_seconde', '9.0.5');
2025-06-13 07:16:22.530 +01:00 [INF] Executed DbCommand (0ms) [Parameters=[], CommandType='"Text"', CommandTimeout='30']
SELECT RELEASE_LOCK('__trip_service_db_EFMigrationsLock')
2025-06-13 07:29:16.447 +01:00 [INF] Bus started: "rabbitmq://localhost/"
2025-06-13 07:29:16.469 +01:00 [INF] Now listening on: https://localhost:7235
2025-06-13 07:29:16.476 +01:00 [INF] Now listening on: http://localhost:5091
2025-06-13 07:29:16.528 +01:00 [INF] Application started. Press Ctrl+C to shut down.
2025-06-13 07:29:16.531 +01:00 [INF] Hosting environment: Development
2025-06-13 07:29:16.536 +01:00 [INF] Content root path: D:\PFE\CODE-BASE\BACKEND\Trip-Service
2025-06-13 07:29:21.524 +01:00 [INF] Request starting HTTP/2 POST https://localhost:7235/api/Minitrip - application/json 66
2025-06-13 07:29:21.553 +01:00 [INF] CORS policy execution failed.
2025-06-13 07:29:21.556 +01:00 [INF] Request origin https://localhost:7235 does not have permission to access the resource.
2025-06-13 07:29:21.559 +01:00 [INF] Executing endpoint 'Trip_Service.Controllers.MinitripController.AddMiniTrip (Trip-Service)'
2025-06-13 07:29:21.576 +01:00 [INF] Route matched with {action = "AddMiniTrip", controller = "Minitrip"}. Executing controller action with signature System.Threading.Tasks.Task`1[Microsoft.AspNetCore.Mvc.ActionResult] AddMiniTrip(Shared.Dtos.MinitripRequest) on controller Trip_Service.Controllers.MinitripController (Trip-Service).
2025-06-13 07:29:22.469 +01:00 [INF] Executed DbCommand (29ms) [Parameters=[@p0='?' (DbType = Int32), @p1='?' (DbType = DateTime), @p2='?' (DbType = Int32), @p3='?' (DbType = Boolean), @p4='?' (Size = 4000), @p5='?' (DbType = Int32), @p6='?' (DbType = DateTime)], CommandType='"Text"', CommandTimeout='30']
INSERT INTO `minitrips` (`bus_id`, `created_at`, `driver_id`, `is_deleted`, `name`, `TripId`, `updated_at`)
VALUES (@p0, @p1, @p2, @p3, @p4, @p5, @p6);
SELECT `id`
FROM `minitrips`
WHERE ROW_COUNT() = 1 AND `id` = LAST_INSERT_ID();
2025-06-13 07:29:22.556 +01:00 [INF] Executing OkObjectResult, writing value of type 'Shared.Dtos.MinitripResponse'.
2025-06-13 07:29:22.580 +01:00 [INF] Executed action Trip_Service.Controllers.MinitripController.AddMiniTrip (Trip-Service) in 999.0071ms
2025-06-13 07:29:22.587 +01:00 [INF] Executed endpoint 'Trip_Service.Controllers.MinitripController.AddMiniTrip (Trip-Service)'
2025-06-13 07:29:22.598 +01:00 [INF] Request finished HTTP/2 POST https://localhost:7235/api/Minitrip - 200 null application/json; charset=utf-8 1077.1326ms
2025-06-13 07:29:47.715 +01:00 [INF] Request starting HTTP/2 GET https://localhost:7235/api/Minitrip/1 - null null
2025-06-13 07:29:47.781 +01:00 [INF] Executing endpoint 'Trip_Service.Controllers.MinitripController.GetMinitripById (Trip-Service)'
2025-06-13 07:29:47.794 +01:00 [INF] Route matched with {action = "GetMinitripById", controller = "Minitrip"}. Executing controller action with signature System.Threading.Tasks.Task`1[Microsoft.AspNetCore.Mvc.ActionResult] GetMinitripById(Int32) on controller Trip_Service.Controllers.MinitripController (Trip-Service).
2025-06-13 07:29:48.023 +01:00 [INF] Executed DbCommand (2ms) [Parameters=[@__id_0='?' (DbType = Int32)], CommandType='"Text"', CommandTimeout='30']
SELECT `m`.`id`, `m`.`bus_id`, `m`.`created_at`, `m`.`driver_id`, `m`.`is_deleted`, `m`.`name`, `m`.`TripId`, `m`.`updated_at`
FROM `minitrips` AS `m`
WHERE NOT (`m`.`is_deleted`) AND (`m`.`id` = @__id_0)
LIMIT 1
2025-06-13 07:29:48.031 +01:00 [INF] Executing OkObjectResult, writing value of type 'Shared.Dtos.MinitripResponse'.
2025-06-13 07:29:48.032 +01:00 [INF] Executed action Trip_Service.Controllers.MinitripController.GetMinitripById (Trip-Service) in 229.7206ms
2025-06-13 07:29:48.033 +01:00 [INF] Executed endpoint 'Trip_Service.Controllers.MinitripController.GetMinitripById (Trip-Service)'
2025-06-13 07:29:48.034 +01:00 [INF] Request finished HTTP/2 GET https://localhost:7235/api/Minitrip/1 - 200 null application/json; charset=utf-8 321.4795ms
2025-06-13 07:30:31.332 +01:00 [INF] Request starting HTTP/2 GET https://localhost:7235/api/Trip - null null
2025-06-13 07:30:31.389 +01:00 [INF] Executing endpoint 'Trip_Service.Controllers.TripController.GetAllTrips (Trip-Service)'
2025-06-13 07:30:31.397 +01:00 [INF] Route matched with {action = "GetAllTrips", controller = "Trip"}. Executing controller action with signature Microsoft.AspNetCore.Mvc.ActionResult GetAllTrips(Gridify.GridifyQuery) on controller Trip_Service.Controllers.TripController (Trip-Service).
2025-06-13 07:30:31.466 +01:00 [INF] Executed DbCommand (1ms) [Parameters=[], CommandType='"Text"', CommandTimeout='30']
SELECT COUNT(*)
FROM `trips` AS `t`
WHERE NOT (`t`.`is_deleted`)
2025-06-13 07:30:31.476 +01:00 [WRN] The query uses a row limiting operator ('Skip'/'Take') without an 'OrderBy' operator. This may lead to unpredictable results. If the 'Distinct' operator is used after 'OrderBy', then make sure to use the 'OrderBy' operator after 'Distinct' as the ordering would otherwise get erased.
2025-06-13 07:30:31.478 +01:00 [WRN] The query uses a row limiting operator ('Skip'/'Take') without an 'OrderBy' operator. This may lead to unpredictable results. If the 'Distinct' operator is used after 'OrderBy', then make sure to use the 'OrderBy' operator after 'Distinct' as the ordering would otherwise get erased.
2025-06-13 07:30:31.498 +01:00 [INF] Executed DbCommand (0ms) [Parameters=[@__p_1='?' (DbType = Int32), @__p_0='?' (DbType = Int32)], CommandType='"Text"', CommandTimeout='30']
SELECT `t`.`id`, `t`.`created_at`, `t`.`direction`, `t`.`is_deleted`, `t`.`name`, `t`.`shift`, `t`.`type`, `t`.`updated_at`
FROM `trips` AS `t`
WHERE NOT (`t`.`is_deleted`)
LIMIT @__p_1 OFFSET @__p_0
2025-06-13 07:30:31.558 +01:00 [INF] Executing OkObjectResult, writing value of type 'Gridify.Paging`1[[Shared.Dtos.TripResponseWoMinitrip, Shared, Version=1.0.0.0, Culture=neutral, PublicKeyToken=null]]'.
2025-06-13 07:30:31.592 +01:00 [INF] Executed action Trip_Service.Controllers.TripController.GetAllTrips (Trip-Service) in 185.8249ms
2025-06-13 07:30:31.594 +01:00 [INF] Executed endpoint 'Trip_Service.Controllers.TripController.GetAllTrips (Trip-Service)'
2025-06-13 07:30:31.595 +01:00 [INF] Request finished HTTP/2 GET https://localhost:7235/api/Trip - 200 null application/json; charset=utf-8 263.7521ms
2025-06-13 07:30:42.026 +01:00 [INF] Request starting HTTP/2 GET https://localhost:7235/api/Trip/1 - null null
2025-06-13 07:30:42.033 +01:00 [INF] Executing endpoint 'Trip_Service.Controllers.TripController.GetTripById (Trip-Service)'
2025-06-13 07:30:42.040 +01:00 [INF] Route matched with {action = "GetTripById", controller = "Trip"}. Executing controller action with signature System.Threading.Tasks.Task`1[Microsoft.AspNetCore.Mvc.ActionResult] GetTripById(Int32) on controller Trip_Service.Controllers.TripController (Trip-Service).
2025-06-13 07:30:42.155 +01:00 [INF] Executed DbCommand (4ms) [Parameters=[@__id_0='?' (DbType = Int32)], CommandType='"Text"', CommandTimeout='30']
SELECT `t0`.`id`, `t0`.`created_at`, `t0`.`direction`, `t0`.`is_deleted`, `t0`.`name`, `t0`.`shift`, `t0`.`type`, `t0`.`updated_at`, `m`.`id`, `m`.`bus_id`, `m`.`created_at`, `m`.`driver_id`, `m`.`is_deleted`, `m`.`name`, `m`.`TripId`, `m`.`updated_at`
FROM (
    SELECT `t`.`id`, `t`.`created_at`, `t`.`direction`, `t`.`is_deleted`, `t`.`name`, `t`.`shift`, `t`.`type`, `t`.`updated_at`
    FROM `trips` AS `t`
    WHERE NOT (`t`.`is_deleted`) AND (`t`.`id` = @__id_0)
    LIMIT 1
) AS `t0`
LEFT JOIN `minitrips` AS `m` ON `t0`.`id` = `m`.`TripId`
ORDER BY `t0`.`id`
2025-06-13 07:30:42.173 +01:00 [INF] Executing OkObjectResult, writing value of type 'Shared.Dtos.TripResponse'.
2025-06-13 07:30:42.178 +01:00 [INF] Executed action Trip_Service.Controllers.TripController.GetTripById (Trip-Service) in 134.1168ms
2025-06-13 07:30:42.180 +01:00 [INF] Executed endpoint 'Trip_Service.Controllers.TripController.GetTripById (Trip-Service)'
2025-06-13 07:30:42.185 +01:00 [INF] Request finished HTTP/2 GET https://localhost:7235/api/Trip/1 - 200 null application/json; charset=utf-8 158.9748ms
2025-06-13 07:32:50.300 +01:00 [INF] Acquiring an exclusive lock for migration application. See https://aka.ms/efcore-docs-migrations-lock for more information if this takes too long.
2025-06-13 07:32:50.336 +01:00 [INF] Executed DbCommand (3ms) [Parameters=[], CommandType='"Text"', CommandTimeout='30']
SELECT GET_LOCK('__trip_service_db_EFMigrationsLock', 259200)
2025-06-13 07:32:50.385 +01:00 [INF] Executed DbCommand (5ms) [Parameters=[], CommandType='"Text"', CommandTimeout='30']
CREATE TABLE IF NOT EXISTS `__EFMigrationsHistory` (
    `MigrationId` varchar(150) CHARACTER SET utf8mb4 NOT NULL,
    `ProductVersion` varchar(32) CHARACTER SET utf8mb4 NOT NULL,
    CONSTRAINT `PK___EFMigrationsHistory` PRIMARY KEY (`MigrationId`)
) CHARACTER SET=utf8mb4;
2025-06-13 07:32:50.400 +01:00 [INF] Executed DbCommand (3ms) [Parameters=[], CommandType='"Text"', CommandTimeout='30']
SELECT 1 FROM INFORMATION_SCHEMA.TABLES WHERE TABLE_SCHEMA='trip_service_db' AND TABLE_NAME='__EFMigrationsHistory';
2025-06-13 07:32:50.404 +01:00 [INF] Executed DbCommand (1ms) [Parameters=[], CommandType='"Text"', CommandTimeout='30']
SELECT `MigrationId`, `ProductVersion`
FROM `__EFMigrationsHistory`
ORDER BY `MigrationId`;
2025-06-13 07:32:50.412 +01:00 [INF] Applying migration '20250613063243_third'.
2025-06-13 07:32:50.480 +01:00 [INF] Executed DbCommand (61ms) [Parameters=[], CommandType='"Text"', CommandTimeout='30']
ALTER TABLE `trips` MODIFY COLUMN `direction` longtext CHARACTER SET utf8mb4 NOT NULL;
2025-06-13 07:32:50.486 +01:00 [INF] Executed DbCommand (3ms) [Parameters=[], CommandType='"Text"', CommandTimeout='30']
INSERT INTO `__EFMigrationsHistory` (`MigrationId`, `ProductVersion`)
VALUES ('20250613063243_third', '9.0.5');
2025-06-13 07:32:50.488 +01:00 [INF] Executed DbCommand (0ms) [Parameters=[], CommandType='"Text"', CommandTimeout='30']
SELECT RELEASE_LOCK('__trip_service_db_EFMigrationsLock')
2025-06-13 07:35:35.022 +01:00 [INF] Bus started: "rabbitmq://localhost/"
2025-06-13 07:35:35.049 +01:00 [INF] Now listening on: https://localhost:7235
2025-06-13 07:35:35.051 +01:00 [INF] Now listening on: http://localhost:5091
2025-06-13 07:35:35.098 +01:00 [INF] Application started. Press Ctrl+C to shut down.
2025-06-13 07:35:35.100 +01:00 [INF] Hosting environment: Development
2025-06-13 07:35:35.113 +01:00 [INF] Content root path: D:\PFE\CODE-BASE\BACKEND\Trip-Service
2025-06-13 07:35:39.310 +01:00 [INF] Request starting HTTP/2 GET https://localhost:7235/scalar/v1 - null null
2025-06-13 07:35:39.386 +01:00 [INF] Executing endpoint 'HTTP: GET /scalar/{documentName?}'
2025-06-13 07:35:39.427 +01:00 [INF] Write content with HTTP Response ContentType of text/html
2025-06-13 07:35:39.434 +01:00 [INF] Executed endpoint 'HTTP: GET /scalar/{documentName?}'
2025-06-13 07:35:39.449 +01:00 [INF] Request starting HTTP/2 GET https://localhost:7235/scalar/scalar.js - null null
2025-06-13 07:35:39.450 +01:00 [INF] Request finished HTTP/2 GET https://localhost:7235/scalar/v1 - 200 null text/html 143.8552ms
2025-06-13 07:35:39.451 +01:00 [INF] Request starting HTTP/2 GET https://localhost:7235/_framework/aspnetcore-browser-refresh.js - null null
2025-06-13 07:35:39.451 +01:00 [INF] Request starting HTTP/2 GET https://localhost:7235/scalar/scalar.aspnetcore.js - null null
2025-06-13 07:35:39.455 +01:00 [INF] Request starting HTTP/2 GET https://localhost:7235/_vs/browserLink - null null
2025-06-13 07:35:39.458 +01:00 [INF] Executing endpoint 'HTTP: GET /scalar/scalar.js'
2025-06-13 07:35:39.470 +01:00 [INF] CORS policy execution failed.
2025-06-13 07:35:39.471 +01:00 [INF] Request finished HTTP/2 GET https://localhost:7235/_framework/aspnetcore-browser-refresh.js - 200 13776 application/javascript; charset=utf-8 20.32ms
2025-06-13 07:35:39.518 +01:00 [INF] Request origin https://localhost:7235 does not have permission to access the resource.
2025-06-13 07:35:39.522 +01:00 [INF] Setting HTTP status code 304.
2025-06-13 07:35:39.524 +01:00 [INF] Executing endpoint 'HTTP: GET /scalar/scalar.aspnetcore.js'
2025-06-13 07:35:39.524 +01:00 [INF] Executed endpoint 'HTTP: GET /scalar/scalar.js'
2025-06-13 07:35:39.525 +01:00 [INF] Setting HTTP status code 304.
2025-06-13 07:35:39.525 +01:00 [INF] Request finished HTTP/2 GET https://localhost:7235/scalar/scalar.js - 304 null null 76.279ms
2025-06-13 07:35:39.530 +01:00 [INF] Executed endpoint 'HTTP: GET /scalar/scalar.aspnetcore.js'
2025-06-13 07:35:39.537 +01:00 [INF] Request finished HTTP/2 GET https://localhost:7235/scalar/scalar.aspnetcore.js - 304 null null 85.9563ms
2025-06-13 07:35:39.540 +01:00 [INF] Request finished HTTP/2 GET https://localhost:7235/_vs/browserLink - 200 null text/javascript; charset=UTF-8 84.5389ms
2025-06-13 07:35:39.711 +01:00 [INF] Request starting HTTP/2 GET https://localhost:7235/openapi/v1.json - null null
2025-06-13 07:35:39.727 +01:00 [INF] Executing endpoint 'HTTP: GET /openapi/{documentName}.json'
2025-06-13 07:35:39.831 +01:00 [INF] Executed endpoint 'HTTP: GET /openapi/{documentName}.json'
2025-06-13 07:35:39.833 +01:00 [INF] Request finished HTTP/2 GET https://localhost:7235/openapi/v1.json - 200 null application/json;charset=utf-8 122.0789ms
2025-06-13 07:35:45.926 +01:00 [INF] Request starting HTTP/2 GET https://localhost:7235/api/Trip/1 - null null
2025-06-13 07:35:45.937 +01:00 [INF] Executing endpoint 'Trip_Service.Controllers.TripController.GetTripById (Trip-Service)'
2025-06-13 07:35:45.968 +01:00 [INF] Route matched with {action = "GetTripById", controller = "Trip"}. Executing controller action with signature System.Threading.Tasks.Task`1[Microsoft.AspNetCore.Mvc.ActionResult] GetTripById(Int32) on controller Trip_Service.Controllers.TripController (Trip-Service).
2025-06-13 07:35:47.687 +01:00 [INF] Executed DbCommand (41ms) [Parameters=[@__id_0='?' (DbType = Int32)], CommandType='"Text"', CommandTimeout='30']
SELECT `t0`.`id`, `t0`.`created_at`, `t0`.`direction`, `t0`.`is_deleted`, `t0`.`name`, `t0`.`shift`, `t0`.`type`, `t0`.`updated_at`, `m`.`id`, `m`.`bus_id`, `m`.`created_at`, `m`.`driver_id`, `m`.`is_deleted`, `m`.`name`, `m`.`TripId`, `m`.`updated_at`
FROM (
    SELECT `t`.`id`, `t`.`created_at`, `t`.`direction`, `t`.`is_deleted`, `t`.`name`, `t`.`shift`, `t`.`type`, `t`.`updated_at`
    FROM `trips` AS `t`
    WHERE NOT (`t`.`is_deleted`) AND (`t`.`id` = @__id_0)
    LIMIT 1
) AS `t0`
LEFT JOIN `minitrips` AS `m` ON `t0`.`id` = `m`.`TripId`
ORDER BY `t0`.`id`
2025-06-13 07:35:47.993 +01:00 [INF] Executing OkObjectResult, writing value of type 'Shared.Dtos.TripResponse'.
2025-06-13 07:35:48.020 +01:00 [INF] Executed action Trip_Service.Controllers.TripController.GetTripById (Trip-Service) in 2044.2201ms
2025-06-13 07:35:48.027 +01:00 [INF] Executed endpoint 'Trip_Service.Controllers.TripController.GetTripById (Trip-Service)'
2025-06-13 07:35:48.049 +01:00 [INF] Request finished HTTP/2 GET https://localhost:7235/api/Trip/1 - 200 null application/json; charset=utf-8 2124.1688ms
2025-06-13 07:36:01.349 +01:00 [INF] Request starting HTTP/2 GET https://localhost:7235/api/Minitrip/{id} - null null
2025-06-13 07:36:01.364 +01:00 [INF] Executing endpoint 'Trip_Service.Controllers.MinitripController.GetMinitripById (Trip-Service)'
2025-06-13 07:36:01.378 +01:00 [INF] Route matched with {action = "GetMinitripById", controller = "Minitrip"}. Executing controller action with signature System.Threading.Tasks.Task`1[Microsoft.AspNetCore.Mvc.ActionResult] GetMinitripById(Int32) on controller Trip_Service.Controllers.MinitripController (Trip-Service).
2025-06-13 07:36:01.421 +01:00 [INF] Executing BadRequestObjectResult, writing value of type 'Microsoft.AspNetCore.Mvc.ValidationProblemDetails'.
2025-06-13 07:36:01.453 +01:00 [INF] Executed action Trip_Service.Controllers.MinitripController.GetMinitripById (Trip-Service) in 70.5822ms
2025-06-13 07:36:01.461 +01:00 [INF] Executed endpoint 'Trip_Service.Controllers.MinitripController.GetMinitripById (Trip-Service)'
2025-06-13 07:36:01.462 +01:00 [INF] Request finished HTTP/2 GET https://localhost:7235/api/Minitrip/{id} - 400 null application/problem+json; charset=utf-8 114.2963ms
2025-06-13 07:36:06.852 +01:00 [INF] Request starting HTTP/2 GET https://localhost:7235/api/Minitrip/1 - null null
2025-06-13 07:36:06.867 +01:00 [INF] Executing endpoint 'Trip_Service.Controllers.MinitripController.GetMinitripById (Trip-Service)'
2025-06-13 07:36:06.870 +01:00 [INF] Route matched with {action = "GetMinitripById", controller = "Minitrip"}. Executing controller action with signature System.Threading.Tasks.Task`1[Microsoft.AspNetCore.Mvc.ActionResult] GetMinitripById(Int32) on controller Trip_Service.Controllers.MinitripController (Trip-Service).
2025-06-13 07:36:06.968 +01:00 [INF] Executed DbCommand (8ms) [Parameters=[@__id_0='?' (DbType = Int32)], CommandType='"Text"', CommandTimeout='30']
SELECT `m`.`id`, `m`.`bus_id`, `m`.`created_at`, `m`.`driver_id`, `m`.`is_deleted`, `m`.`name`, `m`.`TripId`, `m`.`updated_at`
FROM `minitrips` AS `m`
WHERE NOT (`m`.`is_deleted`) AND (`m`.`id` = @__id_0)
LIMIT 1
2025-06-13 07:36:06.979 +01:00 [INF] Executing OkObjectResult, writing value of type 'Shared.Dtos.MinitripResponse'.
2025-06-13 07:36:06.981 +01:00 [INF] Executed action Trip_Service.Controllers.MinitripController.GetMinitripById (Trip-Service) in 107.8563ms
2025-06-13 07:36:06.984 +01:00 [INF] Executed endpoint 'Trip_Service.Controllers.MinitripController.GetMinitripById (Trip-Service)'
2025-06-13 07:36:06.985 +01:00 [INF] Request finished HTTP/2 GET https://localhost:7235/api/Minitrip/1 - 200 null application/json; charset=utf-8 134.2342ms
2025-06-13 07:37:18.737 +01:00 [INF] Request starting HTTP/2 GET https://localhost:7235/scalar/v1 - null null
2025-06-13 07:37:18.746 +01:00 [INF] Executing endpoint 'HTTP: GET /scalar/{documentName?}'
2025-06-13 07:37:18.749 +01:00 [INF] Write content with HTTP Response ContentType of text/html
2025-06-13 07:37:18.750 +01:00 [INF] Executed endpoint 'HTTP: GET /scalar/{documentName?}'
2025-06-13 07:37:18.752 +01:00 [INF] Request finished HTTP/2 GET https://localhost:7235/scalar/v1 - 200 null text/html 14.7504ms
2025-06-13 07:37:18.779 +01:00 [INF] Request starting HTTP/2 GET https://localhost:7235/scalar/scalar.js - null null
2025-06-13 07:37:18.780 +01:00 [INF] Request starting HTTP/2 GET https://localhost:7235/scalar/scalar.aspnetcore.js - null null
2025-06-13 07:37:18.779 +01:00 [INF] Request starting HTTP/2 GET https://localhost:7235/_framework/aspnetcore-browser-refresh.js - null null
2025-06-13 07:37:18.790 +01:00 [INF] Executing endpoint 'HTTP: GET /scalar/scalar.js'
2025-06-13 07:37:18.793 +01:00 [INF] CORS policy execution failed.
2025-06-13 07:37:18.806 +01:00 [INF] Request origin https://localhost:7235 does not have permission to access the resource.
2025-06-13 07:37:18.805 +01:00 [INF] Setting HTTP status code 304.
2025-06-13 07:37:18.805 +01:00 [INF] Request starting HTTP/2 GET https://localhost:7235/_vs/browserLink - null null
2025-06-13 07:37:18.799 +01:00 [INF] Request finished HTTP/2 GET https://localhost:7235/_framework/aspnetcore-browser-refresh.js - 200 13776 application/javascript; charset=utf-8 19.4712ms
2025-06-13 07:37:18.807 +01:00 [INF] Executing endpoint 'HTTP: GET /scalar/scalar.aspnetcore.js'
2025-06-13 07:37:18.809 +01:00 [INF] Executed endpoint 'HTTP: GET /scalar/scalar.js'
2025-06-13 07:37:18.905 +01:00 [INF] Request finished HTTP/2 GET https://localhost:7235/_vs/browserLink - 200 null text/javascript; charset=UTF-8 99.8978ms
2025-06-13 07:37:18.937 +01:00 [INF] Setting HTTP status code 304.
2025-06-13 07:37:18.940 +01:00 [INF] Request finished HTTP/2 GET https://localhost:7235/scalar/scalar.js - 304 null null 160.8176ms
2025-06-13 07:37:18.948 +01:00 [INF] Executed endpoint 'HTTP: GET /scalar/scalar.aspnetcore.js'
2025-06-13 07:37:18.954 +01:00 [INF] Request finished HTTP/2 GET https://localhost:7235/scalar/scalar.aspnetcore.js - 304 null null 173.5242ms
2025-06-13 07:37:19.098 +01:00 [INF] Request starting HTTP/2 GET https://localhost:7235/openapi/v1.json - null null
2025-06-13 07:37:19.103 +01:00 [INF] Executing endpoint 'HTTP: GET /openapi/{documentName}.json'
2025-06-13 07:37:19.113 +01:00 [INF] Executed endpoint 'HTTP: GET /openapi/{documentName}.json'
2025-06-13 07:37:19.115 +01:00 [INF] Request finished HTTP/2 GET https://localhost:7235/openapi/v1.json - 200 null application/json;charset=utf-8 16.4909ms
2025-06-13 07:37:25.799 +01:00 [INF] Request starting HTTP/2 GET https://localhost:7235/scalar/v1 - null null
2025-06-13 07:37:25.811 +01:00 [INF] Executing endpoint 'HTTP: GET /scalar/{documentName?}'
2025-06-13 07:37:25.813 +01:00 [INF] Write content with HTTP Response ContentType of text/html
2025-06-13 07:37:25.814 +01:00 [INF] Executed endpoint 'HTTP: GET /scalar/{documentName?}'
2025-06-13 07:37:25.817 +01:00 [INF] Request finished HTTP/2 GET https://localhost:7235/scalar/v1 - 200 null text/html 18.6265ms
2025-06-13 07:37:25.839 +01:00 [INF] Request starting HTTP/2 GET https://localhost:7235/scalar/scalar.js - null null
2025-06-13 07:37:25.844 +01:00 [INF] Request starting HTTP/2 GET https://localhost:7235/scalar/scalar.aspnetcore.js - null null
2025-06-13 07:37:25.844 +01:00 [INF] Request starting HTTP/2 GET https://localhost:7235/_framework/aspnetcore-browser-refresh.js - null null
2025-06-13 07:37:25.849 +01:00 [INF] Executing endpoint 'HTTP: GET /scalar/scalar.js'
2025-06-13 07:37:25.852 +01:00 [INF] CORS policy execution failed.
2025-06-13 07:37:25.855 +01:00 [INF] Request finished HTTP/2 GET https://localhost:7235/_framework/aspnetcore-browser-refresh.js - 200 13776 application/javascript; charset=utf-8 11.2062ms
2025-06-13 07:37:25.858 +01:00 [INF] Setting HTTP status code 304.
2025-06-13 07:37:25.859 +01:00 [INF] Request origin https://localhost:7235 does not have permission to access the resource.
2025-06-13 07:37:25.866 +01:00 [INF] Executed endpoint 'HTTP: GET /scalar/scalar.js'
2025-06-13 07:37:25.867 +01:00 [INF] Executing endpoint 'HTTP: GET /scalar/scalar.aspnetcore.js'
2025-06-13 07:37:25.868 +01:00 [INF] Request starting HTTP/2 GET https://localhost:7235/_vs/browserLink - null null
2025-06-13 07:37:25.868 +01:00 [INF] Request finished HTTP/2 GET https://localhost:7235/scalar/scalar.js - 304 null null 29.8386ms
2025-06-13 07:37:25.870 +01:00 [INF] Setting HTTP status code 304.
2025-06-13 07:37:25.878 +01:00 [INF] Request finished HTTP/2 GET https://localhost:7235/_vs/browserLink - 200 null text/javascript; charset=UTF-8 9.9232ms
2025-06-13 07:37:25.880 +01:00 [INF] Executed endpoint 'HTTP: GET /scalar/scalar.aspnetcore.js'
2025-06-13 07:37:25.886 +01:00 [INF] Request finished HTTP/2 GET https://localhost:7235/scalar/scalar.aspnetcore.js - 304 null null 41.6505ms
2025-06-13 07:37:25.964 +01:00 [INF] Request starting HTTP/2 GET https://localhost:7235/openapi/v1.json - null null
2025-06-13 07:37:25.970 +01:00 [INF] Executing endpoint 'HTTP: GET /openapi/{documentName}.json'
2025-06-13 07:37:25.976 +01:00 [INF] Executed endpoint 'HTTP: GET /openapi/{documentName}.json'
2025-06-13 07:37:25.978 +01:00 [INF] Request finished HTTP/2 GET https://localhost:7235/openapi/v1.json - 200 null application/json;charset=utf-8 13.4706ms
2025-06-13 07:37:29.184 +01:00 [INF] Request starting HTTP/2 GET https://localhost:7235/scalar/v1 - null null
2025-06-13 07:37:29.194 +01:00 [INF] Executing endpoint 'HTTP: GET /scalar/{documentName?}'
2025-06-13 07:37:29.196 +01:00 [INF] Write content with HTTP Response ContentType of text/html
2025-06-13 07:37:29.201 +01:00 [INF] Executed endpoint 'HTTP: GET /scalar/{documentName?}'
2025-06-13 07:37:29.201 +01:00 [INF] Request finished HTTP/2 GET https://localhost:7235/scalar/v1 - 200 null text/html 17.5482ms
2025-06-13 07:37:29.220 +01:00 [INF] Request starting HTTP/2 GET https://localhost:7235/scalar/scalar.js - null null
2025-06-13 07:37:29.221 +01:00 [INF] Request starting HTTP/2 GET https://localhost:7235/scalar/scalar.aspnetcore.js - null null
2025-06-13 07:37:29.221 +01:00 [INF] Request starting HTTP/2 GET https://localhost:7235/_framework/aspnetcore-browser-refresh.js - null null
2025-06-13 07:37:29.229 +01:00 [INF] Executing endpoint 'HTTP: GET /scalar/scalar.js'
2025-06-13 07:37:29.231 +01:00 [INF] CORS policy execution failed.
2025-06-13 07:37:29.234 +01:00 [INF] Request finished HTTP/2 GET https://localhost:7235/_framework/aspnetcore-browser-refresh.js - 200 13776 application/javascript; charset=utf-8 12.9374ms
2025-06-13 07:37:29.235 +01:00 [INF] Setting HTTP status code 304.
2025-06-13 07:37:29.237 +01:00 [INF] Request origin https://localhost:7235 does not have permission to access the resource.
2025-06-13 07:37:29.242 +01:00 [INF] Request starting HTTP/2 GET https://localhost:7235/_vs/browserLink - null null
2025-06-13 07:37:29.243 +01:00 [INF] Executed endpoint 'HTTP: GET /scalar/scalar.js'
2025-06-13 07:37:29.244 +01:00 [INF] Executing endpoint 'HTTP: GET /scalar/scalar.aspnetcore.js'
2025-06-13 07:37:29.250 +01:00 [INF] Request finished HTTP/2 GET https://localhost:7235/scalar/scalar.js - 304 null null 30.0296ms
2025-06-13 07:37:29.251 +01:00 [INF] Request finished HTTP/2 GET https://localhost:7235/_vs/browserLink - 200 null text/javascript; charset=UTF-8 8.8944ms
2025-06-13 07:37:29.254 +01:00 [INF] Setting HTTP status code 304.
2025-06-13 07:37:29.264 +01:00 [INF] Executed endpoint 'HTTP: GET /scalar/scalar.aspnetcore.js'
2025-06-13 07:37:29.266 +01:00 [INF] Request finished HTTP/2 GET https://localhost:7235/scalar/scalar.aspnetcore.js - 304 null null 44.7605ms
2025-06-13 07:37:29.337 +01:00 [INF] Request starting HTTP/2 GET https://localhost:7235/openapi/v1.json - null null
2025-06-13 07:37:29.341 +01:00 [INF] Executing endpoint 'HTTP: GET /openapi/{documentName}.json'
2025-06-13 07:37:29.347 +01:00 [INF] Executed endpoint 'HTTP: GET /openapi/{documentName}.json'
2025-06-13 07:37:29.349 +01:00 [INF] Request finished HTTP/2 GET https://localhost:7235/openapi/v1.json - 200 null application/json;charset=utf-8 11.1008ms
2025-06-13 07:38:21.917 +01:00 [INF] Request starting HTTP/2 GET https://localhost:7235/api/Minitrip/trip/1 - null null
2025-06-13 07:38:21.949 +01:00 [INF] Executing endpoint 'Trip_Service.Controllers.MinitripController.GetMiniTripByTrip (Trip-Service)'
2025-06-13 07:38:21.953 +01:00 [INF] Route matched with {action = "GetMiniTripByTrip", controller = "Minitrip"}. Executing controller action with signature System.Threading.Tasks.Task`1[Microsoft.AspNetCore.Mvc.ActionResult] GetMiniTripByTrip(Int32) on controller Trip_Service.Controllers.MinitripController (Trip-Service).
2025-06-13 07:38:22.062 +01:00 [INF] Executed DbCommand (1ms) [Parameters=[@__TripId_0='?' (DbType = Int32)], CommandType='"Text"', CommandTimeout='30']
SELECT `m`.`id`, `m`.`bus_id`, `m`.`created_at`, `m`.`driver_id`, `m`.`is_deleted`, `m`.`name`, `m`.`TripId`, `m`.`updated_at`, `b`.`id`, `b`.`BusStatus`, `b`.`capacity`, `b`.`created_at`, `b`.`is_deleted`, `b`.`number`, `b`.`updated_at`
FROM `minitrips` AS `m`
LEFT JOIN `buses` AS `b` ON `m`.`bus_id` = `b`.`id`
WHERE NOT (`m`.`is_deleted`) AND (`m`.`TripId` = @__TripId_0)
2025-06-13 07:38:22.110 +01:00 [INF] Executing OkObjectResult, writing value of type 'System.Collections.Generic.List`1[[Shared.Dtos.MinitripResponse, Shared, Version=1.0.0.0, Culture=neutral, PublicKeyToken=null]]'.
2025-06-13 07:38:22.117 +01:00 [INF] Executed action Trip_Service.Controllers.MinitripController.GetMiniTripByTrip (Trip-Service) in 162.0713ms
2025-06-13 07:38:22.119 +01:00 [INF] Executed endpoint 'Trip_Service.Controllers.MinitripController.GetMiniTripByTrip (Trip-Service)'
2025-06-13 07:38:22.123 +01:00 [INF] Request finished HTTP/2 GET https://localhost:7235/api/Minitrip/trip/1 - 200 null application/json; charset=utf-8 207.6275ms
2025-06-13 07:39:25.705 +01:00 [INF] Request starting HTTP/2 GET https://localhost:7235/scalar/v1 - null null
2025-06-13 07:39:25.710 +01:00 [INF] Executing endpoint 'HTTP: GET /scalar/{documentName?}'
2025-06-13 07:39:25.711 +01:00 [INF] Write content with HTTP Response ContentType of text/html
2025-06-13 07:39:25.712 +01:00 [INF] Executed endpoint 'HTTP: GET /scalar/{documentName?}'
2025-06-13 07:39:25.713 +01:00 [INF] Request finished HTTP/2 GET https://localhost:7235/scalar/v1 - 200 null text/html 8.1805ms
2025-06-13 07:39:25.733 +01:00 [INF] Request starting HTTP/2 GET https://localhost:7235/scalar/scalar.js - null null
2025-06-13 07:39:25.734 +01:00 [INF] Request starting HTTP/2 GET https://localhost:7235/_framework/aspnetcore-browser-refresh.js - null null
2025-06-13 07:39:25.734 +01:00 [INF] Request starting HTTP/2 GET https://localhost:7235/scalar/scalar.aspnetcore.js - null null
2025-06-13 07:39:25.746 +01:00 [INF] Request finished HTTP/2 GET https://localhost:7235/_framework/aspnetcore-browser-refresh.js - 200 13776 application/javascript; charset=utf-8 11.8615ms
2025-06-13 07:39:25.741 +01:00 [INF] Executing endpoint 'HTTP: GET /scalar/scalar.js'
2025-06-13 07:39:25.758 +01:00 [INF] CORS policy execution failed.
2025-06-13 07:39:25.765 +01:00 [INF] Setting HTTP status code 304.
2025-06-13 07:39:25.767 +01:00 [INF] Executed endpoint 'HTTP: GET /scalar/scalar.js'
2025-06-13 07:39:25.766 +01:00 [INF] Request origin https://localhost:7235 does not have permission to access the resource.
2025-06-13 07:39:25.768 +01:00 [INF] Request finished HTTP/2 GET https://localhost:7235/scalar/scalar.js - 304 null null 35.6085ms
2025-06-13 07:39:25.770 +01:00 [INF] Executing endpoint 'HTTP: GET /scalar/scalar.aspnetcore.js'
2025-06-13 07:39:25.775 +01:00 [INF] Setting HTTP status code 304.
2025-06-13 07:39:25.777 +01:00 [INF] Executed endpoint 'HTTP: GET /scalar/scalar.aspnetcore.js'
2025-06-13 07:39:25.779 +01:00 [INF] Request finished HTTP/2 GET https://localhost:7235/scalar/scalar.aspnetcore.js - 304 null null 44.6646ms
2025-06-13 07:39:25.788 +01:00 [INF] Request starting HTTP/2 GET https://localhost:7235/_vs/browserLink - null null
2025-06-13 07:39:25.794 +01:00 [INF] Request finished HTTP/2 GET https://localhost:7235/_vs/browserLink - 200 null text/javascript; charset=UTF-8 6.652ms
2025-06-13 07:39:26.067 +01:00 [INF] Request starting HTTP/2 GET https://localhost:7235/openapi/v1.json - null null
2025-06-13 07:39:26.073 +01:00 [INF] Executing endpoint 'HTTP: GET /openapi/{documentName}.json'
2025-06-13 07:39:26.079 +01:00 [INF] Executed endpoint 'HTTP: GET /openapi/{documentName}.json'
2025-06-13 07:39:26.081 +01:00 [INF] Request finished HTTP/2 GET https://localhost:7235/openapi/v1.json - 200 null application/json;charset=utf-8 13.4936ms
2025-06-13 07:39:30.952 +01:00 [INF] Request starting HTTP/2 GET https://localhost:7235/scalar/v1 - null null
2025-06-13 07:39:30.962 +01:00 [INF] Executing endpoint 'HTTP: GET /scalar/{documentName?}'
2025-06-13 07:39:30.969 +01:00 [INF] Write content with HTTP Response ContentType of text/html
2025-06-13 07:39:30.971 +01:00 [INF] Executed endpoint 'HTTP: GET /scalar/{documentName?}'
2025-06-13 07:39:30.977 +01:00 [INF] Request finished HTTP/2 GET https://localhost:7235/scalar/v1 - 200 null text/html 25.3138ms
2025-06-13 07:39:30.999 +01:00 [INF] Request starting HTTP/2 GET https://localhost:7235/scalar/scalar.js - null null
2025-06-13 07:39:31.003 +01:00 [INF] Request starting HTTP/2 GET https://localhost:7235/_framework/aspnetcore-browser-refresh.js - null null
2025-06-13 07:39:31.004 +01:00 [INF] Request starting HTTP/2 GET https://localhost:7235/scalar/scalar.aspnetcore.js - null null
2025-06-13 07:39:31.009 +01:00 [INF] Executing endpoint 'HTTP: GET /scalar/scalar.js'
2025-06-13 07:39:31.012 +01:00 [INF] Request finished HTTP/2 GET https://localhost:7235/_framework/aspnetcore-browser-refresh.js - 200 13776 application/javascript; charset=utf-8 8.4365ms
2025-06-13 07:39:31.016 +01:00 [INF] CORS policy execution failed.
2025-06-13 07:39:31.017 +01:00 [INF] Setting HTTP status code 304.
2025-06-13 07:39:31.024 +01:00 [INF] Executed endpoint 'HTTP: GET /scalar/scalar.js'
2025-06-13 07:39:31.022 +01:00 [INF] Request origin https://localhost:7235 does not have permission to access the resource.
2025-06-13 07:39:31.024 +01:00 [INF] Request starting HTTP/2 GET https://localhost:7235/_vs/browserLink - null null
2025-06-13 07:39:31.025 +01:00 [INF] Request finished HTTP/2 GET https://localhost:7235/scalar/scalar.js - 304 null null 26.3632ms
2025-06-13 07:39:31.031 +01:00 [INF] Executing endpoint 'HTTP: GET /scalar/scalar.aspnetcore.js'
2025-06-13 07:39:31.038 +01:00 [INF] Request finished HTTP/2 GET https://localhost:7235/_vs/browserLink - 200 null text/javascript; charset=UTF-8 13.5729ms
2025-06-13 07:39:31.042 +01:00 [INF] Setting HTTP status code 304.
2025-06-13 07:39:31.047 +01:00 [INF] Executed endpoint 'HTTP: GET /scalar/scalar.aspnetcore.js'
2025-06-13 07:39:31.048 +01:00 [INF] Request finished HTTP/2 GET https://localhost:7235/scalar/scalar.aspnetcore.js - 304 null null 44.4755ms
2025-06-13 07:39:31.168 +01:00 [INF] Request starting HTTP/2 GET https://localhost:7235/openapi/v1.json - null null
2025-06-13 07:39:31.174 +01:00 [INF] Executing endpoint 'HTTP: GET /openapi/{documentName}.json'
2025-06-13 07:39:31.179 +01:00 [INF] Executed endpoint 'HTTP: GET /openapi/{documentName}.json'
2025-06-13 07:39:31.180 +01:00 [INF] Request finished HTTP/2 GET https://localhost:7235/openapi/v1.json - 200 null application/json;charset=utf-8 12.5193ms
2025-06-13 07:39:34.458 +01:00 [INF] Request starting HTTP/2 GET https://localhost:7235/scalar/v1 - null null
2025-06-13 07:39:34.468 +01:00 [INF] Executing endpoint 'HTTP: GET /scalar/{documentName?}'
2025-06-13 07:39:34.470 +01:00 [INF] Write content with HTTP Response ContentType of text/html
2025-06-13 07:39:34.474 +01:00 [INF] Executed endpoint 'HTTP: GET /scalar/{documentName?}'
2025-06-13 07:39:34.480 +01:00 [INF] Request finished HTTP/2 GET https://localhost:7235/scalar/v1 - 200 null text/html 21.3223ms
2025-06-13 07:39:34.503 +01:00 [INF] Request starting HTTP/2 GET https://localhost:7235/scalar/scalar.js - null null
2025-06-13 07:39:34.503 +01:00 [INF] Request starting HTTP/2 GET https://localhost:7235/scalar/scalar.aspnetcore.js - null null
2025-06-13 07:39:34.503 +01:00 [INF] Request starting HTTP/2 GET https://localhost:7235/_framework/aspnetcore-browser-refresh.js - null null
2025-06-13 07:39:34.508 +01:00 [INF] Executing endpoint 'HTTP: GET /scalar/scalar.js'
2025-06-13 07:39:34.510 +01:00 [INF] CORS policy execution failed.
2025-06-13 07:39:34.515 +01:00 [INF] Request finished HTTP/2 GET https://localhost:7235/_framework/aspnetcore-browser-refresh.js - 200 13776 application/javascript; charset=utf-8 11.6683ms
2025-06-13 07:39:34.516 +01:00 [INF] Setting HTTP status code 304.
2025-06-13 07:39:34.517 +01:00 [INF] Request origin https://localhost:7235 does not have permission to access the resource.
2025-06-13 07:39:34.523 +01:00 [INF] Executed endpoint 'HTTP: GET /scalar/scalar.js'
2025-06-13 07:39:34.524 +01:00 [INF] Executing endpoint 'HTTP: GET /scalar/scalar.aspnetcore.js'
2025-06-13 07:39:34.526 +01:00 [INF] Request finished HTTP/2 GET https://localhost:7235/scalar/scalar.js - 304 null null 22.7175ms
2025-06-13 07:39:34.526 +01:00 [INF] Request starting HTTP/2 GET https://localhost:7235/_vs/browserLink - null null
2025-06-13 07:39:34.528 +01:00 [INF] Setting HTTP status code 304.
2025-06-13 07:39:34.540 +01:00 [INF] Executed endpoint 'HTTP: GET /scalar/scalar.aspnetcore.js'
2025-06-13 07:39:34.542 +01:00 [INF] Request finished HTTP/2 GET https://localhost:7235/_vs/browserLink - 200 null text/javascript; charset=UTF-8 15.2678ms
2025-06-13 07:39:34.542 +01:00 [INF] Request finished HTTP/2 GET https://localhost:7235/scalar/scalar.aspnetcore.js - 304 null null 38.7516ms
2025-06-13 07:39:34.616 +01:00 [INF] Request starting HTTP/2 GET https://localhost:7235/openapi/v1.json - null null
2025-06-13 07:39:34.622 +01:00 [INF] Executing endpoint 'HTTP: GET /openapi/{documentName}.json'
2025-06-13 07:39:34.628 +01:00 [INF] Executed endpoint 'HTTP: GET /openapi/{documentName}.json'
2025-06-13 07:39:34.629 +01:00 [INF] Request finished HTTP/2 GET https://localhost:7235/openapi/v1.json - 200 null application/json;charset=utf-8 13.4364ms
2025-06-13 07:39:36.676 +01:00 [INF] Request starting HTTP/2 GET https://localhost:7235/scalar/v1 - null null
2025-06-13 07:39:36.681 +01:00 [INF] Executing endpoint 'HTTP: GET /scalar/{documentName?}'
2025-06-13 07:39:36.683 +01:00 [INF] Write content with HTTP Response ContentType of text/html
2025-06-13 07:39:36.684 +01:00 [INF] Executed endpoint 'HTTP: GET /scalar/{documentName?}'
2025-06-13 07:39:36.685 +01:00 [INF] Request finished HTTP/2 GET https://localhost:7235/scalar/v1 - 200 null text/html 9.3924ms
2025-06-13 07:39:36.701 +01:00 [INF] Request starting HTTP/2 GET https://localhost:7235/scalar/scalar.js - null null
2025-06-13 07:39:36.704 +01:00 [INF] Executing endpoint 'HTTP: GET /scalar/scalar.js'
2025-06-13 07:39:36.706 +01:00 [INF] Request starting HTTP/2 GET https://localhost:7235/_framework/aspnetcore-browser-refresh.js - null null
2025-06-13 07:39:36.706 +01:00 [INF] Setting HTTP status code 304.
2025-06-13 07:39:36.706 +01:00 [INF] Request starting HTTP/2 GET https://localhost:7235/scalar/scalar.aspnetcore.js - null null
2025-06-13 07:39:36.708 +01:00 [INF] Request starting HTTP/2 GET https://localhost:7235/_vs/browserLink - null null
2025-06-13 07:39:36.711 +01:00 [INF] Request finished HTTP/2 GET https://localhost:7235/_framework/aspnetcore-browser-refresh.js - 200 13776 application/javascript; charset=utf-8 4.4155ms
2025-06-13 07:39:36.715 +01:00 [INF] CORS policy execution failed.
2025-06-13 07:39:36.712 +01:00 [INF] Executed endpoint 'HTTP: GET /scalar/scalar.js'
2025-06-13 07:39:36.781 +01:00 [INF] Request finished HTTP/2 GET https://localhost:7235/_vs/browserLink - 200 null text/javascript; charset=UTF-8 72.9727ms
2025-06-13 07:39:36.784 +01:00 [INF] Request origin https://localhost:7235 does not have permission to access the resource.
2025-06-13 07:39:36.785 +01:00 [INF] Request finished HTTP/2 GET https://localhost:7235/scalar/scalar.js - 304 null null 83.3647ms
2025-06-13 07:39:36.788 +01:00 [INF] Executing endpoint 'HTTP: GET /scalar/scalar.aspnetcore.js'
2025-06-13 07:39:36.790 +01:00 [INF] Setting HTTP status code 304.
2025-06-13 07:39:36.791 +01:00 [INF] Executed endpoint 'HTTP: GET /scalar/scalar.aspnetcore.js'
2025-06-13 07:39:36.791 +01:00 [INF] Request finished HTTP/2 GET https://localhost:7235/scalar/scalar.aspnetcore.js - 304 null null 84.934ms
2025-06-13 07:39:36.828 +01:00 [INF] Request starting HTTP/2 GET https://localhost:7235/openapi/v1.json - null null
2025-06-13 07:39:36.834 +01:00 [INF] Executing endpoint 'HTTP: GET /openapi/{documentName}.json'
2025-06-13 07:39:36.837 +01:00 [INF] Executed endpoint 'HTTP: GET /openapi/{documentName}.json'
2025-06-13 07:39:36.840 +01:00 [INF] Request finished HTTP/2 GET https://localhost:7235/openapi/v1.json - 200 null application/json;charset=utf-8 12.2083ms
2025-06-13 07:41:46.717 +01:00 [INF] Request starting HTTP/2 GET https://localhost:7235/scalar/v1 - null null
2025-06-13 07:41:46.732 +01:00 [INF] Executing endpoint 'HTTP: GET /scalar/{documentName?}'
2025-06-13 07:41:46.736 +01:00 [INF] Write content with HTTP Response ContentType of text/html
2025-06-13 07:41:46.737 +01:00 [INF] Executed endpoint 'HTTP: GET /scalar/{documentName?}'
2025-06-13 07:41:46.739 +01:00 [INF] Request finished HTTP/2 GET https://localhost:7235/scalar/v1 - 200 null text/html 22.478ms
2025-06-13 07:41:46.765 +01:00 [INF] Request starting HTTP/2 GET https://localhost:7235/scalar/scalar.js - null null
2025-06-13 07:41:46.771 +01:00 [INF] Executing endpoint 'HTTP: GET /scalar/scalar.js'
2025-06-13 07:41:46.771 +01:00 [INF] Request starting HTTP/2 GET https://localhost:7235/_framework/aspnetcore-browser-refresh.js - null null
2025-06-13 07:41:46.771 +01:00 [INF] Request starting HTTP/2 GET https://localhost:7235/scalar/scalar.aspnetcore.js - null null
2025-06-13 07:41:46.773 +01:00 [INF] Setting HTTP status code 304.
2025-06-13 07:41:46.778 +01:00 [INF] Request finished HTTP/2 GET https://localhost:7235/_framework/aspnetcore-browser-refresh.js - 200 13776 application/javascript; charset=utf-8 7.1683ms
2025-06-13 07:41:46.786 +01:00 [INF] CORS policy execution failed.
2025-06-13 07:41:46.787 +01:00 [INF] Executed endpoint 'HTTP: GET /scalar/scalar.js'
2025-06-13 07:41:46.791 +01:00 [INF] Request starting HTTP/2 GET https://localhost:7235/_vs/browserLink - null null
2025-06-13 07:41:46.792 +01:00 [INF] Request origin https://localhost:7235 does not have permission to access the resource.
2025-06-13 07:41:46.793 +01:00 [INF] Request finished HTTP/2 GET https://localhost:7235/scalar/scalar.js - 304 null null 28.3167ms
2025-06-13 07:41:46.799 +01:00 [INF] Executing endpoint 'HTTP: GET /scalar/scalar.aspnetcore.js'
2025-06-13 07:41:46.800 +01:00 [INF] Request finished HTTP/2 GET https://localhost:7235/_vs/browserLink - 200 null text/javascript; charset=UTF-8 9.1358ms
2025-06-13 07:41:46.805 +01:00 [INF] Setting HTTP status code 304.
2025-06-13 07:41:46.811 +01:00 [INF] Executed endpoint 'HTTP: GET /scalar/scalar.aspnetcore.js'
2025-06-13 07:41:46.812 +01:00 [INF] Request finished HTTP/2 GET https://localhost:7235/scalar/scalar.aspnetcore.js - 304 null null 40.7439ms
2025-06-13 07:41:46.867 +01:00 [INF] Request starting HTTP/2 GET https://localhost:7235/openapi/v1.json - null null
2025-06-13 07:41:46.872 +01:00 [INF] Executing endpoint 'HTTP: GET /openapi/{documentName}.json'
2025-06-13 07:41:46.875 +01:00 [INF] Executed endpoint 'HTTP: GET /openapi/{documentName}.json'
2025-06-13 07:41:46.880 +01:00 [INF] Request finished HTTP/2 GET https://localhost:7235/openapi/v1.json - 200 null application/json;charset=utf-8 12.6632ms
